\BOOKMARK [0][-]{chapter.1}{\376\377\0001\000\040\000N\000a\000m\000e\000s\000p\000a\000c\000e\000\040\000I\000n\000d\000e\000x}{}% 1
\BOOKMARK [1][-]{section.1.1}{\376\377\0001\000.\0001\000\040\000N\000a\000m\000e\000s\000p\000a\000c\000e\000\040\000L\000i\000s\000t}{chapter.1}% 2
\BOOKMARK [0][-]{chapter.2}{\376\377\0002\000\040\000H\000i\000e\000r\000a\000r\000c\000h\000i\000c\000a\000l\000\040\000I\000n\000d\000e\000x}{}% 3
\BOOKMARK [1][-]{section.2.1}{\376\377\0002\000.\0001\000\040\000C\000l\000a\000s\000s\000\040\000H\000i\000e\000r\000a\000r\000c\000h\000y}{chapter.2}% 4
\BOOKMARK [0][-]{chapter.3}{\376\377\0003\000\040\000C\000l\000a\000s\000s\000\040\000I\000n\000d\000e\000x}{}% 5
\BOOKMARK [1][-]{section.3.1}{\376\377\0003\000.\0001\000\040\000C\000l\000a\000s\000s\000\040\000L\000i\000s\000t}{chapter.3}% 6
\BOOKMARK [0][-]{chapter.4}{\376\377\0004\000\040\000F\000i\000l\000e\000\040\000I\000n\000d\000e\000x}{}% 7
\BOOKMARK [1][-]{section.4.1}{\376\377\0004\000.\0001\000\040\000F\000i\000l\000e\000\040\000L\000i\000s\000t}{chapter.4}% 8
\BOOKMARK [0][-]{chapter.5}{\376\377\0005\000\040\000N\000a\000m\000e\000s\000p\000a\000c\000e\000\040\000D\000o\000c\000u\000m\000e\000n\000t\000a\000t\000i\000o\000n}{}% 9
\BOOKMARK [1][-]{section.5.1}{\376\377\0005\000.\0001\000\040\000c\000o\000d\000a\000r\000\040\000N\000a\000m\000e\000s\000p\000a\000c\000e\000\040\000R\000e\000f\000e\000r\000e\000n\000c\000e}{chapter.5}% 10
\BOOKMARK [1][-]{section.5.2}{\376\377\0005\000.\0002\000\040\000c\000o\000d\000a\000r\000.\000s\000a\000v\000a\000n\000n\000a\000\040\000N\000a\000m\000e\000s\000p\000a\000c\000e\000\040\000R\000e\000f\000e\000r\000e\000n\000c\000e}{chapter.5}% 11
\BOOKMARK [2][-]{subsection.5.2.1}{\376\377\0005\000.\0002\000.\0001\000\040\000D\000e\000t\000a\000i\000l\000e\000d\000\040\000D\000e\000s\000c\000r\000i\000p\000t\000i\000o\000n}{section.5.2}% 12
\BOOKMARK [1][-]{section.5.3}{\376\377\0005\000.\0003\000\040\000c\000o\000d\000a\000r\000.\000s\000a\000v\000a\000n\000n\000a\000.\000c\000o\000n\000s\000u\000m\000e\000r\000\040\000N\000a\000m\000e\000s\000p\000a\000c\000e\000\040\000R\000e\000f\000e\000r\000e\000n\000c\000e}{chapter.5}% 13
\BOOKMARK [2][-]{subsection.5.3.1}{\376\377\0005\000.\0003\000.\0001\000\040\000D\000e\000t\000a\000i\000l\000e\000d\000\040\000D\000e\000s\000c\000r\000i\000p\000t\000i\000o\000n}{section.5.3}% 14
\BOOKMARK [1][-]{section.5.4}{\376\377\0005\000.\0004\000\040\000c\000o\000d\000a\000r\000.\000s\000a\000v\000a\000n\000n\000a\000.\000e\000x\000c\000\040\000N\000a\000m\000e\000s\000p\000a\000c\000e\000\040\000R\000e\000f\000e\000r\000e\000n\000c\000e}{chapter.5}% 15
\BOOKMARK [2][-]{subsection.5.4.1}{\376\377\0005\000.\0004\000.\0001\000\040\000D\000e\000t\000a\000i\000l\000e\000d\000\040\000D\000e\000s\000c\000r\000i\000p\000t\000i\000o\000n}{section.5.4}% 16
\BOOKMARK [1][-]{section.5.5}{\376\377\0005\000.\0005\000\040\000c\000o\000d\000a\000r\000.\000s\000a\000v\000a\000n\000n\000a\000.\000m\000a\000c\000h\000i\000n\000e\000s\000\040\000N\000a\000m\000e\000s\000p\000a\000c\000e\000\040\000R\000e\000f\000e\000r\000e\000n\000c\000e}{chapter.5}% 17
\BOOKMARK [2][-]{subsection.5.5.1}{\376\377\0005\000.\0005\000.\0001\000\040\000D\000e\000t\000a\000i\000l\000e\000d\000\040\000D\000e\000s\000c\000r\000i\000p\000t\000i\000o\000n}{section.5.5}% 18
\BOOKMARK [2][-]{subsection.5.5.2}{\376\377\0005\000.\0005\000.\0002\000\040\000F\000u\000n\000c\000t\000i\000o\000n\000\040\000D\000o\000c\000u\000m\000e\000n\000t\000a\000t\000i\000o\000n}{section.5.5}% 19
\BOOKMARK [3][-]{subsubsection.5.5.2.1}{\376\377\0005\000.\0005\000.\0002\000.\0001\000\040\000g\000e\000t\000\137\000b\000y\000\137\000n\000a\000m\000e\000\050\000\051}{subsection.5.5.2}% 20
\BOOKMARK [2][-]{subsection.5.5.3}{\376\377\0005\000.\0005\000.\0003\000\040\000V\000a\000r\000i\000a\000b\000l\000e\000\040\000D\000o\000c\000u\000m\000e\000n\000t\000a\000t\000i\000o\000n}{section.5.5}% 21
\BOOKMARK [3][-]{subsubsection.5.5.3.1}{\376\377\0005\000.\0005\000.\0003\000.\0001\000\040\000c\000o\000r\000i}{subsection.5.5.3}% 22
\BOOKMARK [3][-]{subsubsection.5.5.3.2}{\376\377\0005\000.\0005\000.\0003\000.\0002\000\040\000l\000o\000c\000a\000l}{subsection.5.5.3}% 23
\BOOKMARK [3][-]{subsubsection.5.5.3.3}{\376\377\0005\000.\0005\000.\0003\000.\0003\000\040\000S\000C\000H\000E\000D\000U\000L\000E\000R\000\137\000O\000P\000T\000I\000O\000N\000S}{subsection.5.5.3}% 24
\BOOKMARK [3][-]{subsubsection.5.5.3.4}{\376\377\0005\000.\0005\000.\0003\000.\0004\000\040\000s\000u\000m\000m\000i\000t}{subsection.5.5.3}% 25
\BOOKMARK [3][-]{subsubsection.5.5.3.5}{\376\377\0005\000.\0005\000.\0003\000.\0005\000\040\000t\000h\000e\000t\000a}{subsection.5.5.3}% 26
\BOOKMARK [3][-]{subsubsection.5.5.3.6}{\376\377\0005\000.\0005\000.\0003\000.\0006\000\040\000t\000i\000t\000a\000n}{subsection.5.5.3}% 27
\BOOKMARK [1][-]{section.5.6}{\376\377\0005\000.\0006\000\040\000c\000o\000d\000a\000r\000.\000s\000a\000v\000a\000n\000n\000a\000.\000m\000a\000i\000n\000\040\000N\000a\000m\000e\000s\000p\000a\000c\000e\000\040\000R\000e\000f\000e\000r\000e\000n\000c\000e}{chapter.5}% 28
\BOOKMARK [2][-]{subsection.5.6.1}{\376\377\0005\000.\0006\000.\0001\000\040\000D\000e\000t\000a\000i\000l\000e\000d\000\040\000D\000e\000s\000c\000r\000i\000p\000t\000i\000o\000n}{section.5.6}% 29
\BOOKMARK [2][-]{subsection.5.6.2}{\376\377\0005\000.\0006\000.\0002\000\040\000F\000u\000n\000c\000t\000i\000o\000n\000\040\000D\000o\000c\000u\000m\000e\000n\000t\000a\000t\000i\000o\000n}{section.5.6}% 30
\BOOKMARK [3][-]{subsubsection.5.6.2.1}{\376\377\0005\000.\0006\000.\0002\000.\0001\000\040\000g\000e\000t\000\137\000j\000o\000b\000\137\000i\000d\000\050\000\051}{subsection.5.6.2}% 31
\BOOKMARK [3][-]{subsubsection.5.6.2.2}{\376\377\0005\000.\0006\000.\0002\000.\0002\000\040\000m\000a\000i\000n\000\050\000\051}{subsection.5.6.2}% 32
\BOOKMARK [3][-]{subsubsection.5.6.2.3}{\376\377\0005\000.\0006\000.\0002\000.\0003\000\040\000p\000a\000r\000s\000e\000\137\000a\000r\000g\000s\000\050\000\051}{subsection.5.6.2}% 33
\BOOKMARK [2][-]{subsection.5.6.3}{\376\377\0005\000.\0006\000.\0003\000\040\000V\000a\000r\000i\000a\000b\000l\000e\000\040\000D\000o\000c\000u\000m\000e\000n\000t\000a\000t\000i\000o\000n}{section.5.6}% 34
\BOOKMARK [3][-]{subsubsection.5.6.3.1}{\376\377\0005\000.\0006\000.\0003\000.\0001\000\040\000c\000o\000n\000s\000u\000m\000e\000r}{subsection.5.6.3}% 35
\BOOKMARK [1][-]{section.5.7}{\376\377\0005\000.\0007\000\040\000c\000o\000d\000a\000r\000.\000s\000a\000v\000a\000n\000n\000a\000.\000m\000o\000d\000e\000l\000\040\000N\000a\000m\000e\000s\000p\000a\000c\000e\000\040\000R\000e\000f\000e\000r\000e\000n\000c\000e}{chapter.5}% 36
\BOOKMARK [2][-]{subsection.5.7.1}{\376\377\0005\000.\0007\000.\0001\000\040\000D\000e\000t\000a\000i\000l\000e\000d\000\040\000D\000e\000s\000c\000r\000i\000p\000t\000i\000o\000n}{section.5.7}% 37
\BOOKMARK [2][-]{subsection.5.7.2}{\376\377\0005\000.\0007\000.\0002\000\040\000V\000a\000r\000i\000a\000b\000l\000e\000\040\000D\000o\000c\000u\000m\000e\000n\000t\000a\000t\000i\000o\000n}{section.5.7}% 38
\BOOKMARK [3][-]{subsubsection.5.7.2.1}{\376\377\0005\000.\0007\000.\0002\000.\0001\000\040\000K\000I\000L\000L\000\137\000W\000A\000I\000T}{subsection.5.7.2}% 39
\BOOKMARK [3][-]{subsubsection.5.7.2.2}{\376\377\0005\000.\0007\000.\0002\000.\0002\000\040\000R\000E\000T\000U\000R\000N\000\137\000N\000A\000M\000E}{subsection.5.7.2}% 40
\BOOKMARK [3][-]{subsubsection.5.7.2.3}{\376\377\0005\000.\0007\000.\0002\000.\0003\000\040\000S\000T\000D\000E\000R\000R\000\137\000N\000A\000M\000E}{subsection.5.7.2}% 41
\BOOKMARK [3][-]{subsubsection.5.7.2.4}{\376\377\0005\000.\0007\000.\0002\000.\0004\000\040\000S\000T\000D\000O\000U\000T\000\137\000N\000A\000M\000E}{subsection.5.7.2}% 42
\BOOKMARK [3][-]{subsubsection.5.7.2.5}{\376\377\0005\000.\0007\000.\0002\000.\0005\000\040\000W\000A\000I\000T\000\137\000D\000E\000L\000A\000Y\000\137\000G\000I\000V\000E\000\137\000U\000P}{subsection.5.7.2}% 43
\BOOKMARK [3][-]{subsubsection.5.7.2.6}{\376\377\0005\000.\0007\000.\0002\000.\0006\000\040\000W\000A\000I\000T\000\137\000D\000E\000L\000A\000Y\000\137\000K\000I\000L\000L}{subsection.5.7.2}% 44
\BOOKMARK [3][-]{subsubsection.5.7.2.7}{\376\377\0005\000.\0007\000.\0002\000.\0007\000\040\000W\000A\000L\000L\000T\000I\000M\000E\000\137\000N\000A\000M\000E}{subsection.5.7.2}% 45
\BOOKMARK [1][-]{section.5.8}{\376\377\0005\000.\0008\000\040\000c\000o\000d\000a\000r\000.\000s\000a\000v\000a\000n\000n\000a\000.\000n\000o\000d\000e\000\137\000l\000a\000y\000o\000u\000t\000\040\000N\000a\000m\000e\000s\000p\000a\000c\000e\000\040\000R\000e\000f\000e\000r\000e\000n\000c\000e}{chapter.5}% 46
\BOOKMARK [1][-]{section.5.9}{\376\377\0005\000.\0009\000\040\000c\000o\000d\000a\000r\000.\000s\000a\000v\000a\000n\000n\000a\000.\000p\000r\000o\000d\000u\000c\000e\000r\000\040\000N\000a\000m\000e\000s\000p\000a\000c\000e\000\040\000R\000e\000f\000e\000r\000e\000n\000c\000e}{chapter.5}% 47
\BOOKMARK [2][-]{subsection.5.9.1}{\376\377\0005\000.\0009\000.\0001\000\040\000D\000e\000t\000a\000i\000l\000e\000d\000\040\000D\000e\000s\000c\000r\000i\000p\000t\000i\000o\000n}{section.5.9}% 48
\BOOKMARK [1][-]{section.5.10}{\376\377\0005\000.\0001\0000\000\040\000c\000o\000d\000a\000r\000.\000s\000a\000v\000a\000n\000n\000a\000.\000r\000u\000n\000n\000e\000r\000s\000\040\000N\000a\000m\000e\000s\000p\000a\000c\000e\000\040\000R\000e\000f\000e\000r\000e\000n\000c\000e}{chapter.5}% 49
\BOOKMARK [2][-]{subsection.5.10.1}{\376\377\0005\000.\0001\0000\000.\0001\000\040\000V\000a\000r\000i\000a\000b\000l\000e\000\040\000D\000o\000c\000u\000m\000e\000n\000t\000a\000t\000i\000o\000n}{section.5.10}% 50
\BOOKMARK [3][-]{subsubsection.5.10.1.1}{\376\377\0005\000.\0001\0000\000.\0001\000.\0001\000\040\000a\000p\000r\000u\000n}{subsection.5.10.1}% 51
\BOOKMARK [3][-]{subsubsection.5.10.1.2}{\376\377\0005\000.\0001\0000\000.\0001\000.\0002\000\040\000j\000s\000r\000u\000n}{subsection.5.10.1}% 52
\BOOKMARK [3][-]{subsubsection.5.10.1.3}{\376\377\0005\000.\0001\0000\000.\0001\000.\0003\000\040\000m\000p\000i\000e\000x\000e\000c}{subsection.5.10.1}% 53
\BOOKMARK [3][-]{subsubsection.5.10.1.4}{\376\377\0005\000.\0001\0000\000.\0001\000.\0004\000\040\000s\000r\000u\000n}{subsection.5.10.1}% 54
\BOOKMARK [1][-]{section.5.11}{\376\377\0005\000.\0001\0001\000\040\000c\000o\000d\000a\000r\000.\000s\000a\000v\000a\000n\000n\000a\000.\000s\000c\000h\000e\000d\000u\000l\000e\000r\000\040\000N\000a\000m\000e\000s\000p\000a\000c\000e\000\040\000R\000e\000f\000e\000r\000e\000n\000c\000e}{chapter.5}% 55
\BOOKMARK [2][-]{subsection.5.11.1}{\376\377\0005\000.\0001\0001\000.\0001\000\040\000D\000e\000t\000a\000i\000l\000e\000d\000\040\000D\000e\000s\000c\000r\000i\000p\000t\000i\000o\000n}{section.5.11}% 56
\BOOKMARK [1][-]{section.5.12}{\376\377\0005\000.\0001\0002\000\040\000c\000o\000d\000a\000r\000.\000s\000a\000v\000a\000n\000n\000a\000.\000s\000t\000a\000t\000u\000s\000\040\000N\000a\000m\000e\000s\000p\000a\000c\000e\000\040\000R\000e\000f\000e\000r\000e\000n\000c\000e}{chapter.5}% 57
\BOOKMARK [2][-]{subsection.5.12.1}{\376\377\0005\000.\0001\0002\000.\0001\000\040\000D\000e\000t\000a\000i\000l\000e\000d\000\040\000D\000e\000s\000c\000r\000i\000p\000t\000i\000o\000n}{section.5.12}% 58
\BOOKMARK [2][-]{subsection.5.12.2}{\376\377\0005\000.\0001\0002\000.\0002\000\040\000V\000a\000r\000i\000a\000b\000l\000e\000\040\000D\000o\000c\000u\000m\000e\000n\000t\000a\000t\000i\000o\000n}{section.5.12}% 59
\BOOKMARK [3][-]{subsubsection.5.12.2.1}{\376\377\0005\000.\0001\0002\000.\0002\000.\0001\000\040\000D\000O\000N\000E}{subsection.5.12.2}% 60
\BOOKMARK [3][-]{subsubsection.5.12.2.2}{\376\377\0005\000.\0001\0002\000.\0002\000.\0002\000\040\000K\000I\000L\000L\000E\000D}{subsection.5.12.2}% 61
\BOOKMARK [3][-]{subsubsection.5.12.2.3}{\376\377\0005\000.\0001\0002\000.\0002\000.\0003\000\040\000N\000O\000T\000\137\000S\000T\000A\000R\000T\000E\000D}{subsection.5.12.2}% 62
\BOOKMARK [3][-]{subsubsection.5.12.2.4}{\376\377\0005\000.\0001\0002\000.\0002\000.\0004\000\040\000R\000E\000A\000S\000O\000N\000\137\000E\000X\000C\000E\000P\000T\000I\000O\000N}{subsection.5.12.2}% 63
\BOOKMARK [3][-]{subsubsection.5.12.2.5}{\376\377\0005\000.\0001\0002\000.\0002\000.\0005\000\040\000R\000E\000A\000S\000O\000N\000\137\000F\000A\000I\000L\000E\000D}{subsection.5.12.2}% 64
\BOOKMARK [3][-]{subsubsection.5.12.2.6}{\376\377\0005\000.\0001\0002\000.\0002\000.\0006\000\040\000R\000E\000A\000S\000O\000N\000\137\000N\000O\000F\000I\000T}{subsection.5.12.2}% 65
\BOOKMARK [3][-]{subsubsection.5.12.2.7}{\376\377\0005\000.\0001\0002\000.\0002\000.\0007\000\040\000R\000E\000A\000S\000O\000N\000\137\000S\000U\000C\000C\000E\000E\000D\000E\000D}{subsection.5.12.2}% 66
\BOOKMARK [3][-]{subsubsection.5.12.2.8}{\376\377\0005\000.\0001\0002\000.\0002\000.\0008\000\040\000R\000E\000A\000S\000O\000N\000\137\000T\000I\000M\000E\000O\000U\000T}{subsection.5.12.2}% 67
\BOOKMARK [3][-]{subsubsection.5.12.2.9}{\376\377\0005\000.\0001\0002\000.\0002\000.\0009\000\040\000R\000U\000N\000N\000I\000N\000G}{subsection.5.12.2}% 68
\BOOKMARK [1][-]{section.5.13}{\376\377\0005\000.\0001\0003\000\040\000c\000o\000d\000a\000r\000.\000s\000a\000v\000a\000n\000n\000a\000.\000s\000u\000m\000m\000i\000t\000\137\000h\000e\000l\000p\000e\000r\000\040\000N\000a\000m\000e\000s\000p\000a\000c\000e\000\040\000R\000e\000f\000e\000r\000e\000n\000c\000e}{chapter.5}% 69
\BOOKMARK [2][-]{subsection.5.13.1}{\376\377\0005\000.\0001\0003\000.\0001\000\040\000F\000u\000n\000c\000t\000i\000o\000n\000\040\000D\000o\000c\000u\000m\000e\000n\000t\000a\000t\000i\000o\000n}{section.5.13}% 70
\BOOKMARK [3][-]{subsubsection.5.13.1.1}{\376\377\0005\000.\0001\0003\000.\0001\000.\0001\000\040\000c\000r\000e\000a\000t\000e\000\137\000e\000r\000f\000\137\000f\000i\000l\000e\000\050\000\051}{subsection.5.13.1}% 71
\BOOKMARK [3][-]{subsubsection.5.13.1.2}{\376\377\0005\000.\0001\0003\000.\0001\000.\0002\000\040\000g\000e\000t\000\137\000n\000o\000d\000e\000s\000\137\000r\000e\000q\000d\000\050\000\051}{subsection.5.13.1}% 72
\BOOKMARK [0][-]{chapter.6}{\376\377\0006\000\040\000C\000l\000a\000s\000s\000\040\000D\000o\000c\000u\000m\000e\000n\000t\000a\000t\000i\000o\000n}{}% 73
\BOOKMARK [1][-]{section.6.1}{\376\377\0006\000.\0001\000\040\000c\000o\000d\000a\000r\000.\000s\000a\000v\000a\000n\000n\000a\000.\000s\000c\000h\000e\000d\000u\000l\000e\000r\000.\000J\000o\000b\000L\000i\000s\000t\000\040\000C\000l\000a\000s\000s\000\040\000R\000e\000f\000e\000r\000e\000n\000c\000e}{chapter.6}% 74
\BOOKMARK [2][-]{subsection.6.1.1}{\376\377\0006\000.\0001\000.\0001\000\040\000D\000e\000t\000a\000i\000l\000e\000d\000\040\000D\000e\000s\000c\000r\000i\000p\000t\000i\000o\000n}{section.6.1}% 75
\BOOKMARK [2][-]{subsection.6.1.2}{\376\377\0006\000.\0001\000.\0002\000\040\000C\000o\000n\000s\000t\000r\000u\000c\000t\000o\000r\000\040\000\046\000\040\000D\000e\000s\000t\000r\000u\000c\000t\000o\000r\000\040\000D\000o\000c\000u\000m\000e\000n\000t\000a\000t\000i\000o\000n}{section.6.1}% 76
\BOOKMARK [3][-]{subsubsection.6.1.2.1}{\376\377\0006\000.\0001\000.\0002\000.\0001\000\040\000\137\000\137\000i\000n\000i\000t\000\137\000\137\000\050\000\051}{subsection.6.1.2}% 77
\BOOKMARK [2][-]{subsection.6.1.3}{\376\377\0006\000.\0001\000.\0003\000\040\000M\000e\000m\000b\000e\000r\000\040\000F\000u\000n\000c\000t\000i\000o\000n\000\040\000D\000o\000c\000u\000m\000e\000n\000t\000a\000t\000i\000o\000n}{section.6.1}% 78
\BOOKMARK [3][-]{subsubsection.6.1.3.1}{\376\377\0006\000.\0001\000.\0003\000.\0001\000\040\000\137\000\137\000l\000e\000n\000\137\000\137\000\050\000\051}{subsection.6.1.3}% 79
\BOOKMARK [3][-]{subsubsection.6.1.3.2}{\376\377\0006\000.\0001\000.\0003\000.\0002\000\040\000a\000d\000d\000\137\000j\000o\000b\000\050\000\051}{subsection.6.1.3}% 80
\BOOKMARK [3][-]{subsubsection.6.1.3.3}{\376\377\0006\000.\0001\000.\0003\000.\0003\000\040\000p\000o\000p\000\137\000j\000o\000b\000\050\000\051}{subsection.6.1.3}% 81
\BOOKMARK [1][-]{section.6.2}{\376\377\0006\000.\0002\000\040\000c\000o\000d\000a\000r\000.\000s\000a\000v\000a\000n\000n\000a\000.\000p\000r\000o\000d\000u\000c\000e\000r\000.\000J\000S\000O\000N\000F\000i\000l\000e\000P\000i\000p\000e\000l\000i\000n\000e\000R\000e\000a\000d\000e\000r\000\040\000C\000l\000a\000s\000s\000\040\000R\000e\000f\000e\000r\000e\000n\000c\000e}{chapter.6}% 82
\BOOKMARK [2][-]{subsection.6.2.1}{\376\377\0006\000.\0002\000.\0001\000\040\000D\000e\000t\000a\000i\000l\000e\000d\000\040\000D\000e\000s\000c\000r\000i\000p\000t\000i\000o\000n}{section.6.2}% 83
\BOOKMARK [2][-]{subsection.6.2.2}{\376\377\0006\000.\0002\000.\0002\000\040\000C\000o\000n\000s\000t\000r\000u\000c\000t\000o\000r\000\040\000\046\000\040\000D\000e\000s\000t\000r\000u\000c\000t\000o\000r\000\040\000D\000o\000c\000u\000m\000e\000n\000t\000a\000t\000i\000o\000n}{section.6.2}% 84
\BOOKMARK [3][-]{subsubsection.6.2.2.1}{\376\377\0006\000.\0002\000.\0002\000.\0001\000\040\000\137\000\137\000i\000n\000i\000t\000\137\000\137\000\050\000\051}{subsection.6.2.2}% 85
\BOOKMARK [2][-]{subsection.6.2.3}{\376\377\0006\000.\0002\000.\0003\000\040\000M\000e\000m\000b\000e\000r\000\040\000F\000u\000n\000c\000t\000i\000o\000n\000\040\000D\000o\000c\000u\000m\000e\000n\000t\000a\000t\000i\000o\000n}{section.6.2}% 86
\BOOKMARK [3][-]{subsubsection.6.2.3.1}{\376\377\0006\000.\0002\000.\0003\000.\0001\000\040\000r\000e\000a\000d\000\137\000p\000i\000p\000e\000l\000i\000n\000e\000s\000\050\000\051}{subsection.6.2.3}% 87
\BOOKMARK [2][-]{subsection.6.2.4}{\376\377\0006\000.\0002\000.\0004\000\040\000M\000e\000m\000b\000e\000r\000\040\000D\000a\000t\000a\000\040\000D\000o\000c\000u\000m\000e\000n\000t\000a\000t\000i\000o\000n}{section.6.2}% 88
\BOOKMARK [3][-]{subsubsection.6.2.4.1}{\376\377\0006\000.\0002\000.\0004\000.\0001\000\040\000f\000i\000l\000e\000\137\000p\000a\000t\000h}{subsection.6.2.4}% 89
\BOOKMARK [1][-]{section.6.3}{\376\377\0006\000.\0003\000\040\000c\000o\000d\000a\000r\000.\000s\000a\000v\000a\000n\000n\000a\000.\000m\000a\000c\000h\000i\000n\000e\000s\000.\000M\000a\000c\000h\000i\000n\000e\000\040\000C\000l\000a\000s\000s\000\040\000R\000e\000f\000e\000r\000e\000n\000c\000e}{chapter.6}% 90
\BOOKMARK [2][-]{subsection.6.3.1}{\376\377\0006\000.\0003\000.\0001\000\040\000D\000e\000t\000a\000i\000l\000e\000d\000\040\000D\000e\000s\000c\000r\000i\000p\000t\000i\000o\000n}{section.6.3}% 91
\BOOKMARK [2][-]{subsection.6.3.2}{\376\377\0006\000.\0003\000.\0002\000\040\000C\000o\000n\000s\000t\000r\000u\000c\000t\000o\000r\000\040\000\046\000\040\000D\000e\000s\000t\000r\000u\000c\000t\000o\000r\000\040\000D\000o\000c\000u\000m\000e\000n\000t\000a\000t\000i\000o\000n}{section.6.3}% 92
\BOOKMARK [3][-]{subsubsection.6.3.2.1}{\376\377\0006\000.\0003\000.\0002\000.\0001\000\040\000\137\000\137\000i\000n\000i\000t\000\137\000\137\000\050\000\051}{subsection.6.3.2}% 93
\BOOKMARK [2][-]{subsection.6.3.3}{\376\377\0006\000.\0003\000.\0003\000\040\000M\000e\000m\000b\000e\000r\000\040\000F\000u\000n\000c\000t\000i\000o\000n\000\040\000D\000o\000c\000u\000m\000e\000n\000t\000a\000t\000i\000o\000n}{section.6.3}% 94
\BOOKMARK [3][-]{subsubsection.6.3.3.1}{\376\377\0006\000.\0003\000.\0003\000.\0001\000\040\000g\000e\000t\000\137\000n\000o\000d\000e\000s\000\137\000r\000e\000q\000d\000\050\000\051}{subsection.6.3.3}% 95
\BOOKMARK [3][-]{subsubsection.6.3.3.2}{\376\377\0006\000.\0003\000.\0003\000.\0002\000\040\000g\000e\000t\000\137\000s\000c\000h\000e\000d\000u\000l\000e\000r\000\137\000o\000p\000t\000i\000o\000n\000s\000\050\000\051}{subsection.6.3.3}% 96
\BOOKMARK [2][-]{subsection.6.3.4}{\376\377\0006\000.\0003\000.\0004\000\040\000M\000e\000m\000b\000e\000r\000\040\000D\000a\000t\000a\000\040\000D\000o\000c\000u\000m\000e\000n\000t\000a\000t\000i\000o\000n}{section.6.3}% 97
\BOOKMARK [3][-]{subsubsection.6.3.4.1}{\376\377\0006\000.\0003\000.\0004\000.\0001\000\040\000d\000a\000t\000a\000s\000p\000a\000c\000e\000s\000\137\000s\000e\000r\000v\000e\000r\000s\000\137\000p\000e\000r\000\137\000n\000o\000d\000e}{subsection.6.3.4}% 98
\BOOKMARK [3][-]{subsubsection.6.3.4.2}{\376\377\0006\000.\0003\000.\0004\000.\0002\000\040\000n\000a\000m\000e}{subsection.6.3.4}% 99
\BOOKMARK [3][-]{subsubsection.6.3.4.3}{\376\377\0006\000.\0003\000.\0004\000.\0003\000\040\000n\000o\000d\000e\000\137\000c\000l\000a\000s\000s}{subsection.6.3.4}% 100
\BOOKMARK [3][-]{subsubsection.6.3.4.4}{\376\377\0006\000.\0003\000.\0004\000.\0004\000\040\000n\000o\000d\000e\000\137\000e\000x\000c\000l\000u\000s\000i\000v\000e}{subsection.6.3.4}% 101
\BOOKMARK [3][-]{subsubsection.6.3.4.5}{\376\377\0006\000.\0003\000.\0004\000.\0005\000\040\000p\000r\000o\000c\000e\000s\000s\000e\000s\000\137\000p\000e\000r\000\137\000n\000o\000d\000e}{subsection.6.3.4}% 102
\BOOKMARK [3][-]{subsubsection.6.3.4.6}{\376\377\0006\000.\0003\000.\0004\000.\0006\000\040\000r\000u\000n\000n\000e\000r\000\137\000n\000a\000m\000e}{subsection.6.3.4}% 103
\BOOKMARK [3][-]{subsubsection.6.3.4.7}{\376\377\0006\000.\0003\000.\0004\000.\0007\000\040\000s\000c\000h\000e\000d\000u\000l\000e\000r\000\137\000n\000a\000m\000e}{subsection.6.3.4}% 104
\BOOKMARK [3][-]{subsubsection.6.3.4.8}{\376\377\0006\000.\0003\000.\0004\000.\0008\000\040\000s\000c\000h\000e\000d\000u\000l\000e\000r\000\137\000o\000p\000t\000i\000o\000n\000s}{subsection.6.3.4}% 105
\BOOKMARK [1][-]{section.6.4}{\376\377\0006\000.\0004\000\040\000c\000o\000d\000a\000r\000.\000s\000a\000v\000a\000n\000n\000a\000.\000m\000a\000c\000h\000i\000n\000e\000s\000.\000M\000a\000c\000h\000i\000n\000e\000N\000o\000d\000e\000\040\000C\000l\000a\000s\000s\000\040\000R\000e\000f\000e\000r\000e\000n\000c\000e}{chapter.6}% 106
\BOOKMARK [2][-]{subsection.6.4.1}{\376\377\0006\000.\0004\000.\0001\000\040\000D\000e\000t\000a\000i\000l\000e\000d\000\040\000D\000e\000s\000c\000r\000i\000p\000t\000i\000o\000n}{section.6.4}% 107
\BOOKMARK [2][-]{subsection.6.4.2}{\376\377\0006\000.\0004\000.\0002\000\040\000C\000o\000n\000s\000t\000r\000u\000c\000t\000o\000r\000\040\000\046\000\040\000D\000e\000s\000t\000r\000u\000c\000t\000o\000r\000\040\000D\000o\000c\000u\000m\000e\000n\000t\000a\000t\000i\000o\000n}{section.6.4}% 108
\BOOKMARK [3][-]{subsubsection.6.4.2.1}{\376\377\0006\000.\0004\000.\0002\000.\0001\000\040\000\137\000\137\000i\000n\000i\000t\000\137\000\137\000\050\000\051}{subsection.6.4.2}% 109
\BOOKMARK [2][-]{subsection.6.4.3}{\376\377\0006\000.\0004\000.\0003\000\040\000M\000e\000m\000b\000e\000r\000\040\000F\000u\000n\000c\000t\000i\000o\000n\000\040\000D\000o\000c\000u\000m\000e\000n\000t\000a\000t\000i\000o\000n}{section.6.4}% 110
\BOOKMARK [3][-]{subsubsection.6.4.3.1}{\376\377\0006\000.\0004\000.\0003\000.\0001\000\040\000t\000o\000\137\000j\000s\000o\000n\000\050\000\051}{subsection.6.4.3}% 111
\BOOKMARK [3][-]{subsubsection.6.4.3.2}{\376\377\0006\000.\0004\000.\0003\000.\0002\000\040\000v\000a\000l\000i\000d\000a\000t\000e\000\137\000l\000a\000y\000o\000u\000t\000\050\000\051}{subsection.6.4.3}% 112
\BOOKMARK [2][-]{subsection.6.4.4}{\376\377\0006\000.\0004\000.\0004\000\040\000M\000e\000m\000b\000e\000r\000\040\000D\000a\000t\000a\000\040\000D\000o\000c\000u\000m\000e\000n\000t\000a\000t\000i\000o\000n}{section.6.4}% 113
\BOOKMARK [3][-]{subsubsection.6.4.4.1}{\376\377\0006\000.\0004\000.\0004\000.\0001\000\040\000c\000p\000u}{subsection.6.4.4}% 114
\BOOKMARK [3][-]{subsubsection.6.4.4.2}{\376\377\0006\000.\0004\000.\0004\000.\0002\000\040\000g\000p\000u}{subsection.6.4.4}% 115
\BOOKMARK [1][-]{section.6.5}{\376\377\0006\000.\0005\000\040\000c\000o\000d\000a\000r\000.\000s\000a\000v\000a\000n\000n\000a\000.\000e\000x\000c\000.\000M\000a\000c\000h\000i\000n\000e\000N\000o\000t\000F\000o\000u\000n\000d\000\040\000C\000l\000a\000s\000s\000\040\000R\000e\000f\000e\000r\000e\000n\000c\000e}{chapter.6}% 116
\BOOKMARK [2][-]{subsection.6.5.1}{\376\377\0006\000.\0005\000.\0001\000\040\000D\000e\000t\000a\000i\000l\000e\000d\000\040\000D\000e\000s\000c\000r\000i\000p\000t\000i\000o\000n}{section.6.5}% 117
\BOOKMARK [2][-]{subsection.6.5.2}{\376\377\0006\000.\0005\000.\0002\000\040\000C\000o\000n\000s\000t\000r\000u\000c\000t\000o\000r\000\040\000\046\000\040\000D\000e\000s\000t\000r\000u\000c\000t\000o\000r\000\040\000D\000o\000c\000u\000m\000e\000n\000t\000a\000t\000i\000o\000n}{section.6.5}% 118
\BOOKMARK [3][-]{subsubsection.6.5.2.1}{\376\377\0006\000.\0005\000.\0002\000.\0001\000\040\000\137\000\137\000i\000n\000i\000t\000\137\000\137\000\050\000\051}{subsection.6.5.2}% 119
\BOOKMARK [1][-]{section.6.6}{\376\377\0006\000.\0006\000\040\000c\000o\000d\000a\000r\000.\000s\000a\000v\000a\000n\000n\000a\000.\000r\000u\000n\000n\000e\000r\000s\000.\000M\000P\000I\000R\000u\000n\000n\000e\000r\000\040\000C\000l\000a\000s\000s\000\040\000R\000e\000f\000e\000r\000e\000n\000c\000e}{chapter.6}% 120
\BOOKMARK [2][-]{subsection.6.6.1}{\376\377\0006\000.\0006\000.\0001\000\040\000D\000e\000t\000a\000i\000l\000e\000d\000\040\000D\000e\000s\000c\000r\000i\000p\000t\000i\000o\000n}{section.6.6}% 121
\BOOKMARK [2][-]{subsection.6.6.2}{\376\377\0006\000.\0006\000.\0002\000\040\000C\000o\000n\000s\000t\000r\000u\000c\000t\000o\000r\000\040\000\046\000\040\000D\000e\000s\000t\000r\000u\000c\000t\000o\000r\000\040\000D\000o\000c\000u\000m\000e\000n\000t\000a\000t\000i\000o\000n}{section.6.6}% 122
\BOOKMARK [3][-]{subsubsection.6.6.2.1}{\376\377\0006\000.\0006\000.\0002\000.\0001\000\040\000\137\000\137\000i\000n\000i\000t\000\137\000\137\000\050\000\051}{subsection.6.6.2}% 123
\BOOKMARK [2][-]{subsection.6.6.3}{\376\377\0006\000.\0006\000.\0003\000\040\000M\000e\000m\000b\000e\000r\000\040\000F\000u\000n\000c\000t\000i\000o\000n\000\040\000D\000o\000c\000u\000m\000e\000n\000t\000a\000t\000i\000o\000n}{section.6.6}% 124
\BOOKMARK [3][-]{subsubsection.6.6.3.1}{\376\377\0006\000.\0006\000.\0003\000.\0001\000\040\000w\000r\000a\000p\000\050\000\051}{subsection.6.6.3}% 125
\BOOKMARK [2][-]{subsection.6.6.4}{\376\377\0006\000.\0006\000.\0004\000\040\000M\000e\000m\000b\000e\000r\000\040\000D\000a\000t\000a\000\040\000D\000o\000c\000u\000m\000e\000n\000t\000a\000t\000i\000o\000n}{section.6.6}% 126
\BOOKMARK [3][-]{subsubsection.6.6.4.1}{\376\377\0006\000.\0006\000.\0004\000.\0001\000\040\000e\000x\000e}{subsection.6.6.4}% 127
\BOOKMARK [3][-]{subsubsection.6.6.4.2}{\376\377\0006\000.\0006\000.\0004\000.\0002\000\040\000h\000o\000s\000t\000f\000i\000l\000e}{subsection.6.6.4}% 128
\BOOKMARK [3][-]{subsubsection.6.6.4.3}{\376\377\0006\000.\0006\000.\0004\000.\0003\000\040\000n\000o\000d\000e\000s\000\137\000a\000r\000g}{subsection.6.6.4}% 129
\BOOKMARK [3][-]{subsubsection.6.6.4.4}{\376\377\0006\000.\0006\000.\0004\000.\0004\000\040\000n\000p\000r\000o\000c\000s\000\137\000a\000r\000g}{subsection.6.6.4}% 130
\BOOKMARK [3][-]{subsubsection.6.6.4.5}{\376\377\0006\000.\0006\000.\0004\000.\0005\000\040\000t\000a\000s\000k\000s\000\137\000p\000e\000r\000\137\000n\000o\000d\000e\000\137\000a\000r\000g}{subsection.6.6.4}% 131
\BOOKMARK [1][-]{section.6.7}{\376\377\0006\000.\0007\000\040\000c\000o\000d\000a\000r\000.\000s\000a\000v\000a\000n\000n\000a\000.\000m\000o\000d\000e\000l\000.\000N\000o\000d\000e\000C\000o\000n\000f\000i\000g\000\040\000C\000l\000a\000s\000s\000\040\000R\000e\000f\000e\000r\000e\000n\000c\000e}{chapter.6}% 132
\BOOKMARK [2][-]{subsection.6.7.1}{\376\377\0006\000.\0007\000.\0001\000\040\000D\000e\000t\000a\000i\000l\000e\000d\000\040\000D\000e\000s\000c\000r\000i\000p\000t\000i\000o\000n}{section.6.7}% 133
\BOOKMARK [2][-]{subsection.6.7.2}{\376\377\0006\000.\0007\000.\0002\000\040\000C\000o\000n\000s\000t\000r\000u\000c\000t\000o\000r\000\040\000\046\000\040\000D\000e\000s\000t\000r\000u\000c\000t\000o\000r\000\040\000D\000o\000c\000u\000m\000e\000n\000t\000a\000t\000i\000o\000n}{section.6.7}% 134
\BOOKMARK [3][-]{subsubsection.6.7.2.1}{\376\377\0006\000.\0007\000.\0002\000.\0001\000\040\000\137\000\137\000i\000n\000i\000t\000\137\000\137\000\050\000\051}{subsection.6.7.2}% 135
\BOOKMARK [2][-]{subsection.6.7.3}{\376\377\0006\000.\0007\000.\0003\000\040\000M\000e\000m\000b\000e\000r\000\040\000D\000a\000t\000a\000\040\000D\000o\000c\000u\000m\000e\000n\000t\000a\000t\000i\000o\000n}{section.6.7}% 136
\BOOKMARK [3][-]{subsubsection.6.7.3.1}{\376\377\0006\000.\0007\000.\0003\000.\0001\000\040\000c\000p\000u}{subsection.6.7.3}% 137
\BOOKMARK [3][-]{subsubsection.6.7.3.2}{\376\377\0006\000.\0007\000.\0003\000.\0002\000\040\000g\000p\000u}{subsection.6.7.3}% 138
\BOOKMARK [3][-]{subsubsection.6.7.3.3}{\376\377\0006\000.\0007\000.\0003\000.\0003\000\040\000n\000u\000m\000\137\000r\000a\000n\000k\000s\000\137\000p\000e\000r\000\137\000n\000o\000d\000e}{subsection.6.7.3}% 139
\BOOKMARK [1][-]{section.6.8}{\376\377\0006\000.\0008\000\040\000c\000o\000d\000a\000r\000.\000s\000a\000v\000a\000n\000n\000a\000.\000n\000o\000d\000e\000\137\000l\000a\000y\000o\000u\000t\000.\000N\000o\000d\000e\000L\000a\000y\000o\000u\000t\000\040\000C\000l\000a\000s\000s\000\040\000R\000e\000f\000e\000r\000e\000n\000c\000e}{chapter.6}% 140
\BOOKMARK [2][-]{subsection.6.8.1}{\376\377\0006\000.\0008\000.\0001\000\040\000D\000e\000t\000a\000i\000l\000e\000d\000\040\000D\000e\000s\000c\000r\000i\000p\000t\000i\000o\000n}{section.6.8}% 141
\BOOKMARK [2][-]{subsection.6.8.2}{\376\377\0006\000.\0008\000.\0002\000\040\000C\000o\000n\000s\000t\000r\000u\000c\000t\000o\000r\000\040\000\046\000\040\000D\000e\000s\000t\000r\000u\000c\000t\000o\000r\000\040\000D\000o\000c\000u\000m\000e\000n\000t\000a\000t\000i\000o\000n}{section.6.8}% 142
\BOOKMARK [3][-]{subsubsection.6.8.2.1}{\376\377\0006\000.\0008\000.\0002\000.\0001\000\040\000\137\000\137\000i\000n\000i\000t\000\137\000\137\000\050\000\051}{subsection.6.8.2}% 143
\BOOKMARK [2][-]{subsection.6.8.3}{\376\377\0006\000.\0008\000.\0003\000\040\000M\000e\000m\000b\000e\000r\000\040\000F\000u\000n\000c\000t\000i\000o\000n\000\040\000D\000o\000c\000u\000m\000e\000n\000t\000a\000t\000i\000o\000n}{section.6.8}% 144
\BOOKMARK [3][-]{subsubsection.6.8.3.1}{\376\377\0006\000.\0008\000.\0003\000.\0001\000\040\000a\000d\000d\000\137\000n\000o\000d\000e\000\050\000\051}{subsection.6.8.3}% 145
\BOOKMARK [3][-]{subsubsection.6.8.3.2}{\376\377\0006\000.\0008\000.\0003\000.\0002\000\040\000a\000s\000\137\000d\000a\000t\000a\000\137\000l\000i\000s\000t\000\050\000\051}{subsection.6.8.3}% 146
\BOOKMARK [3][-]{subsubsection.6.8.3.3}{\376\377\0006\000.\0008\000.\0003\000.\0003\000\040\000c\000o\000d\000e\000s\000\137\000p\000e\000r\000\137\000n\000o\000d\000e\000\050\000\051}{subsection.6.8.3}% 147
\BOOKMARK [3][-]{subsubsection.6.8.3.4}{\376\377\0006\000.\0008\000.\0003\000.\0004\000\040\000c\000o\000p\000y\000\050\000\051}{subsection.6.8.3}% 148
\BOOKMARK [3][-]{subsubsection.6.8.3.5}{\376\377\0006\000.\0008\000.\0003\000.\0005\000\040\000d\000e\000f\000a\000u\000l\000t\000\137\000n\000o\000\137\000s\000h\000a\000r\000e\000\137\000l\000a\000y\000o\000u\000t\000\050\000\051}{subsection.6.8.3}% 149
\BOOKMARK [3][-]{subsubsection.6.8.3.6}{\376\377\0006\000.\0008\000.\0003\000.\0006\000\040\000g\000e\000t\000\137\000n\000o\000d\000e\000\137\000c\000o\000n\000t\000a\000i\000n\000i\000n\000g\000\137\000c\000o\000d\000e\000\050\000\051}{subsection.6.8.3}% 150
\BOOKMARK [3][-]{subsubsection.6.8.3.7}{\376\377\0006\000.\0008\000.\0003\000.\0007\000\040\000g\000r\000o\000u\000p\000\137\000c\000o\000d\000e\000s\000\137\000b\000y\000\137\000n\000o\000d\000e\000\050\000\051}{subsection.6.8.3}% 151
\BOOKMARK [3][-]{subsubsection.6.8.3.8}{\376\377\0006\000.\0008\000.\0003\000.\0008\000\040\000p\000o\000p\000u\000l\000a\000t\000e\000\137\000r\000e\000m\000a\000i\000n\000i\000n\000g\000\050\000\051}{subsection.6.8.3}% 152
\BOOKMARK [3][-]{subsubsection.6.8.3.9}{\376\377\0006\000.\0008\000.\0003\000.\0009\000\040\000p\000p\000n\000\050\000\051}{subsection.6.8.3}% 153
\BOOKMARK [3][-]{subsubsection.6.8.3.10}{\376\377\0006\000.\0008\000.\0003\000.\0001\0000\000\040\000s\000e\000r\000i\000a\000l\000i\000z\000e\000\137\000t\000o\000\137\000d\000i\000c\000t\000\050\000\051}{subsection.6.8.3}% 154
\BOOKMARK [3][-]{subsubsection.6.8.3.11}{\376\377\0006\000.\0008\000.\0003\000.\0001\0001\000\040\000s\000h\000a\000r\000e\000d\000\137\000n\000o\000d\000e\000s\000\050\000\051}{subsection.6.8.3}% 155
\BOOKMARK [3][-]{subsubsection.6.8.3.12}{\376\377\0006\000.\0008\000.\0003\000.\0001\0002\000\040\000v\000a\000l\000i\000d\000a\000t\000e\000\050\000\051}{subsection.6.8.3}% 156
\BOOKMARK [2][-]{subsection.6.8.4}{\376\377\0006\000.\0008\000.\0004\000\040\000M\000e\000m\000b\000e\000r\000\040\000D\000a\000t\000a\000\040\000D\000o\000c\000u\000m\000e\000n\000t\000a\000t\000i\000o\000n}{section.6.8}% 157
\BOOKMARK [3][-]{subsubsection.6.8.4.1}{\376\377\0006\000.\0008\000.\0004\000.\0001\000\040\000l\000a\000y\000o\000u\000t\000\137\000l\000i\000s\000t}{subsection.6.8.4}% 158
\BOOKMARK [3][-]{subsubsection.6.8.4.2}{\376\377\0006\000.\0008\000.\0004\000.\0002\000\040\000l\000a\000y\000o\000u\000t\000\137\000m\000a\000p}{subsection.6.8.4}% 159
\BOOKMARK [1][-]{section.6.9}{\376\377\0006\000.\0009\000\040\000c\000o\000d\000a\000r\000.\000s\000a\000v\000a\000n\000n\000a\000.\000m\000o\000d\000e\000l\000.\000P\000i\000p\000e\000l\000i\000n\000e\000\040\000C\000l\000a\000s\000s\000\040\000R\000e\000f\000e\000r\000e\000n\000c\000e}{chapter.6}% 160
\BOOKMARK [2][-]{subsection.6.9.1}{\376\377\0006\000.\0009\000.\0001\000\040\000D\000e\000t\000a\000i\000l\000e\000d\000\040\000D\000e\000s\000c\000r\000i\000p\000t\000i\000o\000n}{section.6.9}% 161
\BOOKMARK [2][-]{subsection.6.9.2}{\376\377\0006\000.\0009\000.\0002\000\040\000C\000o\000n\000s\000t\000r\000u\000c\000t\000o\000r\000\040\000\046\000\040\000D\000e\000s\000t\000r\000u\000c\000t\000o\000r\000\040\000D\000o\000c\000u\000m\000e\000n\000t\000a\000t\000i\000o\000n}{section.6.9}% 162
\BOOKMARK [3][-]{subsubsection.6.9.2.1}{\376\377\0006\000.\0009\000.\0002\000.\0001\000\040\000\137\000\137\000i\000n\000i\000t\000\137\000\137\000\050\000\051}{subsection.6.9.2}% 163
\BOOKMARK [2][-]{subsection.6.9.3}{\376\377\0006\000.\0009\000.\0003\000\040\000M\000e\000m\000b\000e\000r\000\040\000F\000u\000n\000c\000t\000i\000o\000n\000\040\000D\000o\000c\000u\000m\000e\000n\000t\000a\000t\000i\000o\000n}{section.6.9}% 164
\BOOKMARK [3][-]{subsubsection.6.9.3.1}{\376\377\0006\000.\0009\000.\0003\000.\0001\000\040\000a\000d\000d\000\137\000d\000o\000n\000e\000\137\000c\000a\000l\000l\000b\000a\000c\000k\000\050\000\051}{subsection.6.9.3}% 165
\BOOKMARK [3][-]{subsubsection.6.9.3.2}{\376\377\0006\000.\0009\000.\0003\000.\0002\000\040\000a\000d\000d\000\137\000f\000a\000t\000a\000l\000\137\000c\000a\000l\000l\000b\000a\000c\000k\000\050\000\051}{subsection.6.9.3}% 166
\BOOKMARK [3][-]{subsubsection.6.9.3.3}{\376\377\0006\000.\0009\000.\0003\000.\0003\000\040\000f\000o\000r\000c\000e\000\137\000k\000i\000l\000l\000\137\000a\000l\000l\000\050\000\051}{subsection.6.9.3}% 167
\BOOKMARK [3][-]{subsubsection.6.9.3.4}{\376\377\0006\000.\0009\000.\0003\000.\0004\000\040\000f\000r\000o\000m\000\137\000d\000a\000t\000a\000\050\000\051}{subsection.6.9.3}% 168
\BOOKMARK [3][-]{subsubsection.6.9.3.5}{\376\377\0006\000.\0009\000.\0003\000.\0005\000\040\000g\000e\000t\000\137\000n\000o\000d\000e\000s\000\137\000u\000s\000e\000d\000\050\000\051}{subsection.6.9.3}% 169
\BOOKMARK [3][-]{subsubsection.6.9.3.6}{\376\377\0006\000.\0009\000.\0003\000.\0006\000\040\000g\000e\000t\000\137\000p\000i\000d\000s\000\050\000\051}{subsection.6.9.3}% 170
\BOOKMARK [3][-]{subsubsection.6.9.3.7}{\376\377\0006\000.\0009\000.\0003\000.\0007\000\040\000g\000e\000t\000\137\000s\000t\000a\000t\000e\000\050\000\051}{subsection.6.9.3}% 171
\BOOKMARK [3][-]{subsubsection.6.9.3.8}{\376\377\0006\000.\0009\000.\0003\000.\0008\000\040\000j\000o\000i\000n\000\137\000a\000l\000l\000\050\000\051}{subsection.6.9.3}% 172
\BOOKMARK [3][-]{subsubsection.6.9.3.9}{\376\377\0006\000.\0009\000.\0003\000.\0009\000\040\000r\000e\000m\000o\000v\000e\000\137\000d\000o\000n\000e\000\137\000c\000a\000l\000l\000b\000a\000c\000k\000\050\000\051}{subsection.6.9.3}% 173
\BOOKMARK [3][-]{subsubsection.6.9.3.10}{\376\377\0006\000.\0009\000.\0003\000.\0001\0000\000\040\000r\000e\000m\000o\000v\000e\000\137\000f\000a\000t\000a\000l\000\137\000c\000a\000l\000l\000b\000a\000c\000k\000\050\000\051}{subsection.6.9.3}% 174
\BOOKMARK [3][-]{subsubsection.6.9.3.11}{\376\377\0006\000.\0009\000.\0003\000.\0001\0001\000\040\000r\000u\000n\000\137\000f\000i\000n\000i\000s\000h\000e\000d\000\050\000\051}{subsection.6.9.3}% 175
\BOOKMARK [3][-]{subsubsection.6.9.3.12}{\376\377\0006\000.\0009\000.\0003\000.\0001\0002\000\040\000r\000u\000n\000\137\000p\000o\000s\000t\000\137\000p\000r\000o\000c\000e\000s\000s\000\137\000s\000c\000r\000i\000p\000t\000\050\000\051}{subsection.6.9.3}% 176
\BOOKMARK [3][-]{subsubsection.6.9.3.13}{\376\377\0006\000.\0009\000.\0003\000.\0001\0003\000\040\000s\000e\000t\000\137\000p\000p\000n\000\050\000\051}{subsection.6.9.3}% 177
\BOOKMARK [3][-]{subsubsection.6.9.3.14}{\376\377\0006\000.\0009\000.\0003\000.\0001\0004\000\040\000s\000e\000t\000\137\000t\000o\000t\000a\000l\000\137\000n\000o\000d\000e\000s\000\050\000\051}{subsection.6.9.3}% 178
\BOOKMARK [3][-]{subsubsection.6.9.3.15}{\376\377\0006\000.\0009\000.\0003\000.\0001\0005\000\040\000s\000t\000a\000r\000t\000\050\000\051}{subsection.6.9.3}% 179
\BOOKMARK [2][-]{subsection.6.9.4}{\376\377\0006\000.\0009\000.\0004\000\040\000M\000e\000m\000b\000e\000r\000\040\000D\000a\000t\000a\000\040\000D\000o\000c\000u\000m\000e\000n\000t\000a\000t\000i\000o\000n}{section.6.9}% 180
\BOOKMARK [3][-]{subsubsection.6.9.4.1}{\376\377\0006\000.\0009\000.\0004\000.\0001\000\040\000d\000o\000n\000e\000\137\000c\000a\000l\000l\000b\000a\000c\000k\000s}{subsection.6.9.4}% 181
\BOOKMARK [3][-]{subsubsection.6.9.4.2}{\376\377\0006\000.\0009\000.\0004\000.\0002\000\040\000f\000a\000t\000a\000l\000\137\000c\000a\000l\000l\000b\000a\000c\000k\000s}{subsection.6.9.4}% 182
\BOOKMARK [3][-]{subsubsection.6.9.4.3}{\376\377\0006\000.\0009\000.\0004\000.\0003\000\040\000i\000d}{subsection.6.9.4}% 183
\BOOKMARK [3][-]{subsubsection.6.9.4.4}{\376\377\0006\000.\0009\000.\0004\000.\0004\000\040\000k\000i\000l\000l\000\137\000o\000n\000\137\000p\000a\000r\000t\000i\000a\000l\000\137\000f\000a\000i\000l\000u\000r\000e}{subsection.6.9.4}% 184
\BOOKMARK [3][-]{subsubsection.6.9.4.5}{\376\377\0006\000.\0009\000.\0004\000.\0005\000\040\000l\000a\000u\000n\000c\000h\000\137\000m\000o\000d\000e}{subsection.6.9.4}% 185
\BOOKMARK [3][-]{subsubsection.6.9.4.6}{\376\377\0006\000.\0009\000.\0004\000.\0006\000\040\000l\000o\000g\000\137\000p\000r\000e\000f\000i\000x}{subsection.6.9.4}% 186
\BOOKMARK [3][-]{subsubsection.6.9.4.7}{\376\377\0006\000.\0009\000.\0004\000.\0007\000\040\000m\000a\000c\000h\000i\000n\000e\000\137\000n\000a\000m\000e}{subsection.6.9.4}% 187
\BOOKMARK [3][-]{subsubsection.6.9.4.8}{\376\377\0006\000.\0009\000.\0004\000.\0008\000\040\000n\000o\000d\000e\000\137\000l\000a\000y\000o\000u\000t}{subsection.6.9.4}% 188
\BOOKMARK [3][-]{subsubsection.6.9.4.9}{\376\377\0006\000.\0009\000.\0004\000.\0009\000\040\000n\000o\000d\000e\000s\000\137\000a\000s\000s\000i\000g\000n\000e\000d}{subsection.6.9.4}% 189
\BOOKMARK [3][-]{subsubsection.6.9.4.10}{\376\377\0006\000.\0009\000.\0004\000.\0001\0000\000\040\000p\000o\000s\000t\000\137\000p\000r\000o\000c\000e\000s\000s\000\137\000a\000r\000g\000s}{subsection.6.9.4}% 190
\BOOKMARK [3][-]{subsubsection.6.9.4.11}{\376\377\0006\000.\0009\000.\0004\000.\0001\0001\000\040\000p\000o\000s\000t\000\137\000p\000r\000o\000c\000e\000s\000s\000\137\000s\000c\000r\000i\000p\000t}{subsection.6.9.4}% 191
\BOOKMARK [3][-]{subsubsection.6.9.4.12}{\376\377\0006\000.\0009\000.\0004\000.\0001\0002\000\040\000p\000o\000s\000t\000\137\000p\000r\000o\000c\000e\000s\000s\000\137\000s\000t\000o\000p\000\137\000o\000n\000\137\000f\000a\000i\000l\000u\000r\000e}{subsection.6.9.4}% 192
\BOOKMARK [3][-]{subsubsection.6.9.4.13}{\376\377\0006\000.\0009\000.\0004\000.\0001\0003\000\040\000r\000u\000n\000s}{subsection.6.9.4}% 193
\BOOKMARK [3][-]{subsubsection.6.9.4.14}{\376\377\0006\000.\0009\000.\0004\000.\0001\0004\000\040\000t\000o\000t\000a\000l\000\137\000n\000o\000d\000e\000s}{subsection.6.9.4}% 194
\BOOKMARK [3][-]{subsubsection.6.9.4.15}{\376\377\0006\000.\0009\000.\0004\000.\0001\0005\000\040\000t\000o\000t\000a\000l\000\137\000p\000r\000o\000c\000s}{subsection.6.9.4}% 195
\BOOKMARK [3][-]{subsubsection.6.9.4.16}{\376\377\0006\000.\0009\000.\0004\000.\0001\0006\000\040\000w\000o\000r\000k\000i\000n\000g\000\137\000d\000i\000r}{subsection.6.9.4}% 196
\BOOKMARK [1][-]{section.6.10}{\376\377\0006\000.\0001\0000\000\040\000c\000o\000d\000a\000r\000.\000s\000a\000v\000a\000n\000n\000a\000.\000c\000o\000n\000s\000u\000m\000e\000r\000.\000P\000i\000p\000e\000l\000i\000n\000e\000R\000u\000n\000n\000e\000r\000\040\000C\000l\000a\000s\000s\000\040\000R\000e\000f\000e\000r\000e\000n\000c\000e}{chapter.6}% 197
\BOOKMARK [2][-]{subsection.6.10.1}{\376\377\0006\000.\0001\0000\000.\0001\000\040\000D\000e\000t\000a\000i\000l\000e\000d\000\040\000D\000e\000s\000c\000r\000i\000p\000t\000i\000o\000n}{section.6.10}% 198
\BOOKMARK [2][-]{subsection.6.10.2}{\376\377\0006\000.\0001\0000\000.\0002\000\040\000C\000o\000n\000s\000t\000r\000u\000c\000t\000o\000r\000\040\000\046\000\040\000D\000e\000s\000t\000r\000u\000c\000t\000o\000r\000\040\000D\000o\000c\000u\000m\000e\000n\000t\000a\000t\000i\000o\000n}{section.6.10}% 199
\BOOKMARK [3][-]{subsubsection.6.10.2.1}{\376\377\0006\000.\0001\0000\000.\0002\000.\0001\000\040\000\137\000\137\000i\000n\000i\000t\000\137\000\137\000\050\000\051}{subsection.6.10.2}% 200
\BOOKMARK [2][-]{subsection.6.10.3}{\376\377\0006\000.\0001\0000\000.\0003\000\040\000M\000e\000m\000b\000e\000r\000\040\000F\000u\000n\000c\000t\000i\000o\000n\000\040\000D\000o\000c\000u\000m\000e\000n\000t\000a\000t\000i\000o\000n}{section.6.10}% 201
\BOOKMARK [3][-]{subsubsection.6.10.3.1}{\376\377\0006\000.\0001\0000\000.\0003\000.\0001\000\040\000a\000d\000d\000\137\000p\000i\000p\000e\000l\000i\000n\000e\000\050\000\051}{subsection.6.10.3}% 202
\BOOKMARK [3][-]{subsubsection.6.10.3.2}{\376\377\0006\000.\0001\0000\000.\0003\000.\0002\000\040\000k\000i\000l\000l\000\137\000a\000l\000l\000\050\000\051}{subsection.6.10.3}% 203
\BOOKMARK [3][-]{subsubsection.6.10.3.3}{\376\377\0006\000.\0001\0000\000.\0003\000.\0003\000\040\000p\000i\000p\000e\000l\000i\000n\000e\000\137\000f\000a\000t\000a\000l\000\050\000\051}{subsection.6.10.3}% 204
\BOOKMARK [3][-]{subsubsection.6.10.3.4}{\376\377\0006\000.\0001\0000\000.\0003\000.\0004\000\040\000p\000i\000p\000e\000l\000i\000n\000e\000\137\000f\000i\000n\000i\000s\000h\000e\000d\000\050\000\051}{subsection.6.10.3}% 205
\BOOKMARK [3][-]{subsubsection.6.10.3.5}{\376\377\0006\000.\0001\0000\000.\0003\000.\0005\000\040\000r\000u\000n\000\137\000f\000i\000n\000i\000s\000h\000e\000d\000\050\000\051}{subsection.6.10.3}% 206
\BOOKMARK [3][-]{subsubsection.6.10.3.6}{\376\377\0006\000.\0001\0000\000.\0003\000.\0006\000\040\000r\000u\000n\000\137\000p\000i\000p\000e\000l\000i\000n\000e\000s\000\050\000\051}{subsection.6.10.3}% 207
\BOOKMARK [3][-]{subsubsection.6.10.3.7}{\376\377\0006\000.\0001\0000\000.\0003\000.\0007\000\040\000s\000t\000o\000p\000\050\000\051}{subsection.6.10.3}% 208
\BOOKMARK [2][-]{subsection.6.10.4}{\376\377\0006\000.\0001\0000\000.\0004\000\040\000M\000e\000m\000b\000e\000r\000\040\000D\000a\000t\000a\000\040\000D\000o\000c\000u\000m\000e\000n\000t\000a\000t\000i\000o\000n}{section.6.10}% 209
\BOOKMARK [3][-]{subsubsection.6.10.4.1}{\376\377\0006\000.\0001\0000\000.\0004\000.\0001\000\040\000a\000l\000l\000o\000c\000a\000t\000e\000d\000\137\000n\000o\000d\000e\000s}{subsection.6.10.4}% 210
\BOOKMARK [3][-]{subsubsection.6.10.4.2}{\376\377\0006\000.\0001\0000\000.\0004\000.\0002\000\040\000f\000r\000e\000e\000\137\000c\000v}{subsection.6.10.4}% 211
\BOOKMARK [3][-]{subsubsection.6.10.4.3}{\376\377\0006\000.\0001\0000\000.\0004\000.\0003\000\040\000f\000r\000e\000e\000\137\000n\000o\000d\000e\000s}{subsection.6.10.4}% 212
\BOOKMARK [3][-]{subsubsection.6.10.4.4}{\376\377\0006\000.\0001\0000\000.\0004\000.\0004\000\040\000j\000o\000b\000\137\000l\000i\000s\000t}{subsection.6.10.4}% 213
\BOOKMARK [3][-]{subsubsection.6.10.4.5}{\376\377\0006\000.\0001\0000\000.\0004\000.\0005\000\040\000j\000o\000b\000\137\000l\000i\000s\000t\000\137\000c\000v}{subsection.6.10.4}% 214
\BOOKMARK [3][-]{subsubsection.6.10.4.6}{\376\377\0006\000.\0001\0000\000.\0004\000.\0006\000\040\000m\000a\000c\000h\000i\000n\000e\000\137\000n\000a\000m\000e}{subsection.6.10.4}% 215
\BOOKMARK [3][-]{subsubsection.6.10.4.7}{\376\377\0006\000.\0001\0000\000.\0004\000.\0007\000\040\000m\000a\000x\000\137\000n\000o\000d\000e\000s}{subsection.6.10.4}% 216
\BOOKMARK [3][-]{subsubsection.6.10.4.8}{\376\377\0006\000.\0001\0000\000.\0004\000.\0008\000\040\000p\000i\000p\000e\000l\000i\000n\000e\000s}{subsection.6.10.4}% 217
\BOOKMARK [3][-]{subsubsection.6.10.4.9}{\376\377\0006\000.\0001\0000\000.\0004\000.\0009\000\040\000p\000i\000p\000e\000l\000i\000n\000e\000s\000\137\000l\000o\000c\000k}{subsection.6.10.4}% 218
\BOOKMARK [3][-]{subsubsection.6.10.4.10}{\376\377\0006\000.\0001\0000\000.\0004\000.\0001\0000\000\040\000p\000p\000n}{subsection.6.10.4}% 219
\BOOKMARK [3][-]{subsubsection.6.10.4.11}{\376\377\0006\000.\0001\0000\000.\0004\000.\0001\0001\000\040\000r\000u\000n\000n\000e\000r}{subsection.6.10.4}% 220
\BOOKMARK [1][-]{section.6.11}{\376\377\0006\000.\0001\0001\000\040\000c\000o\000d\000a\000r\000.\000s\000a\000v\000a\000n\000n\000a\000.\000s\000t\000a\000t\000u\000s\000.\000P\000i\000p\000e\000l\000i\000n\000e\000S\000t\000a\000t\000e\000\040\000C\000l\000a\000s\000s\000\040\000R\000e\000f\000e\000r\000e\000n\000c\000e}{chapter.6}% 221
\BOOKMARK [2][-]{subsection.6.11.1}{\376\377\0006\000.\0001\0001\000.\0001\000\040\000D\000e\000t\000a\000i\000l\000e\000d\000\040\000D\000e\000s\000c\000r\000i\000p\000t\000i\000o\000n}{section.6.11}% 222
\BOOKMARK [2][-]{subsection.6.11.2}{\376\377\0006\000.\0001\0001\000.\0002\000\040\000C\000o\000n\000s\000t\000r\000u\000c\000t\000o\000r\000\040\000\046\000\040\000D\000e\000s\000t\000r\000u\000c\000t\000o\000r\000\040\000D\000o\000c\000u\000m\000e\000n\000t\000a\000t\000i\000o\000n}{section.6.11}% 223
\BOOKMARK [3][-]{subsubsection.6.11.2.1}{\376\377\0006\000.\0001\0001\000.\0002\000.\0001\000\040\000\137\000\137\000i\000n\000i\000t\000\137\000\137\000\050\000\051}{subsection.6.11.2}% 224
\BOOKMARK [2][-]{subsection.6.11.3}{\376\377\0006\000.\0001\0001\000.\0003\000\040\000M\000e\000m\000b\000e\000r\000\040\000F\000u\000n\000c\000t\000i\000o\000n\000\040\000D\000o\000c\000u\000m\000e\000n\000t\000a\000t\000i\000o\000n}{section.6.11}% 225
\BOOKMARK [3][-]{subsubsection.6.11.3.1}{\376\377\0006\000.\0001\0001\000.\0003\000.\0001\000\040\000a\000s\000\137\000d\000a\000t\000a\000\050\000\051}{subsection.6.11.3}% 226
\BOOKMARK [2][-]{subsection.6.11.4}{\376\377\0006\000.\0001\0001\000.\0004\000\040\000M\000e\000m\000b\000e\000r\000\040\000D\000a\000t\000a\000\040\000D\000o\000c\000u\000m\000e\000n\000t\000a\000t\000i\000o\000n}{section.6.11}% 227
\BOOKMARK [3][-]{subsubsection.6.11.4.1}{\376\377\0006\000.\0001\0001\000.\0004\000.\0001\000\040\000i\000d}{subsection.6.11.4}% 228
\BOOKMARK [3][-]{subsubsection.6.11.4.2}{\376\377\0006\000.\0001\0001\000.\0004\000.\0002\000\040\000r\000e\000a\000s\000o\000n}{subsection.6.11.4}% 229
\BOOKMARK [3][-]{subsubsection.6.11.4.3}{\376\377\0006\000.\0001\0001\000.\0004\000.\0003\000\040\000r\000e\000t\000u\000r\000n\000\137\000c\000o\000d\000e\000s}{subsection.6.11.4}% 230
\BOOKMARK [3][-]{subsubsection.6.11.4.4}{\376\377\0006\000.\0001\0001\000.\0004\000.\0004\000\040\000s\000t\000a\000t\000e}{subsection.6.11.4}% 231
\BOOKMARK [1][-]{section.6.12}{\376\377\0006\000.\0001\0002\000\040\000c\000o\000d\000a\000r\000.\000s\000a\000v\000a\000n\000n\000a\000.\000m\000o\000d\000e\000l\000.\000R\000u\000n\000\040\000C\000l\000a\000s\000s\000\040\000R\000e\000f\000e\000r\000e\000n\000c\000e}{chapter.6}% 232
\BOOKMARK [2][-]{subsection.6.12.1}{\376\377\0006\000.\0001\0002\000.\0001\000\040\000D\000e\000t\000a\000i\000l\000e\000d\000\040\000D\000e\000s\000c\000r\000i\000p\000t\000i\000o\000n}{section.6.12}% 233
\BOOKMARK [2][-]{subsection.6.12.2}{\376\377\0006\000.\0001\0002\000.\0002\000\040\000C\000o\000n\000s\000t\000r\000u\000c\000t\000o\000r\000\040\000\046\000\040\000D\000e\000s\000t\000r\000u\000c\000t\000o\000r\000\040\000D\000o\000c\000u\000m\000e\000n\000t\000a\000t\000i\000o\000n}{section.6.12}% 234
\BOOKMARK [3][-]{subsubsection.6.12.2.1}{\376\377\0006\000.\0001\0002\000.\0002\000.\0001\000\040\000\137\000\137\000i\000n\000i\000t\000\137\000\137\000\050\000\051}{subsection.6.12.2}% 235
\BOOKMARK [2][-]{subsection.6.12.3}{\376\377\0006\000.\0001\0002\000.\0003\000\040\000M\000e\000m\000b\000e\000r\000\040\000F\000u\000n\000c\000t\000i\000o\000n\000\040\000D\000o\000c\000u\000m\000e\000n\000t\000a\000t\000i\000o\000n}{section.6.12}% 236
\BOOKMARK [3][-]{subsubsection.6.12.3.1}{\376\377\0006\000.\0001\0002\000.\0003\000.\0001\000\040\000a\000d\000d\000\137\000c\000a\000l\000l\000b\000a\000c\000k\000\050\000\051}{subsection.6.12.3}% 237
\BOOKMARK [3][-]{subsubsection.6.12.3.2}{\376\377\0006\000.\0001\0002\000.\0003\000.\0002\000\040\000c\000l\000o\000s\000e\000\050\000\051}{subsection.6.12.3}% 238
\BOOKMARK [3][-]{subsubsection.6.12.3.3}{\376\377\0006\000.\0001\0002\000.\0003\000.\0003\000\040\000c\000r\000e\000a\000t\000e\000\137\000n\000o\000d\000e\000\137\000c\000o\000n\000f\000i\000g\000\050\000\051}{subsection.6.12.3}% 239
\BOOKMARK [3][-]{subsubsection.6.12.3.4}{\376\377\0006\000.\0001\0002\000.\0003\000.\0004\000\040\000e\000x\000c\000e\000p\000t\000i\000o\000n\000\050\000\051}{subsection.6.12.3}% 240
\BOOKMARK [3][-]{subsubsection.6.12.3.5}{\376\377\0006\000.\0001\0002\000.\0003\000.\0005\000\040\000f\000r\000o\000m\000\137\000d\000a\000t\000a\000\050\000\051}{subsection.6.12.3}% 241
\BOOKMARK [3][-]{subsubsection.6.12.3.6}{\376\377\0006\000.\0001\0002\000.\0003\000.\0006\000\040\000g\000e\000t\000\137\000n\000o\000d\000e\000s\000\137\000u\000s\000e\000d\000\050\000\051}{subsection.6.12.3}% 242
\BOOKMARK [3][-]{subsubsection.6.12.3.7}{\376\377\0006\000.\0001\0002\000.\0003\000.\0007\000\040\000g\000e\000t\000\137\000p\000i\000d\000\050\000\051}{subsection.6.12.3}% 243
\BOOKMARK [3][-]{subsubsection.6.12.3.8}{\376\377\0006\000.\0001\0002\000.\0003\000.\0008\000\040\000g\000e\000t\000\137\000r\000e\000t\000u\000r\000n\000c\000o\000d\000e\000\050\000\051}{subsection.6.12.3}% 244
\BOOKMARK [3][-]{subsubsection.6.12.3.9}{\376\377\0006\000.\0001\0002\000.\0003\000.\0009\000\040\000j\000o\000i\000n\000\050\000\051}{subsection.6.12.3}% 245
\BOOKMARK [3][-]{subsubsection.6.12.3.10}{\376\377\0006\000.\0001\0002\000.\0003\000.\0001\0000\000\040\000k\000i\000l\000l\000\050\000\051}{subsection.6.12.3}% 246
\BOOKMARK [3][-]{subsubsection.6.12.3.11}{\376\377\0006\000.\0001\0002\000.\0003\000.\0001\0001\000\040\000k\000i\000l\000l\000e\000d\000\050\000\051}{subsection.6.12.3}% 247
\BOOKMARK [3][-]{subsubsection.6.12.3.12}{\376\377\0006\000.\0001\0002\000.\0003\000.\0001\0002\000\040\000m\000p\000m\000d\000\137\000r\000u\000n\000\050\000\051}{subsection.6.12.3}% 248
\BOOKMARK [3][-]{subsubsection.6.12.3.13}{\376\377\0006\000.\0001\0002\000.\0003\000.\0001\0003\000\040\000r\000e\000m\000o\000v\000e\000\137\000c\000a\000l\000l\000b\000a\000c\000k\000\050\000\051}{subsection.6.12.3}% 249
\BOOKMARK [3][-]{subsubsection.6.12.3.14}{\376\377\0006\000.\0001\0002\000.\0003\000.\0001\0004\000\040\000r\000u\000n\000\050\000\051}{subsection.6.12.3}% 250
\BOOKMARK [3][-]{subsubsection.6.12.3.15}{\376\377\0006\000.\0001\0002\000.\0003\000.\0001\0005\000\040\000s\000e\000t\000\137\000r\000u\000n\000n\000e\000r\000\050\000\051}{subsection.6.12.3}% 251
\BOOKMARK [3][-]{subsubsection.6.12.3.16}{\376\377\0006\000.\0001\0002\000.\0003\000.\0001\0006\000\040\000s\000u\000c\000c\000e\000e\000d\000e\000d\000\050\000\051}{subsection.6.12.3}% 252
\BOOKMARK [3][-]{subsubsection.6.12.3.17}{\376\377\0006\000.\0001\0002\000.\0003\000.\0001\0007\000\040\000t\000i\000m\000e\000d\000\137\000o\000u\000t\000\050\000\051}{subsection.6.12.3}% 253
\BOOKMARK [2][-]{subsection.6.12.4}{\376\377\0006\000.\0001\0002\000.\0004\000\040\000M\000e\000m\000b\000e\000r\000\040\000D\000a\000t\000a\000\040\000D\000o\000c\000u\000m\000e\000n\000t\000a\000t\000i\000o\000n}{section.6.12}% 254
\BOOKMARK [3][-]{subsubsection.6.12.4.1}{\376\377\0006\000.\0001\0002\000.\0004\000.\0001\000\040\000a\000r\000g\000s}{subsection.6.12.4}% 255
\BOOKMARK [3][-]{subsubsection.6.12.4.2}{\376\377\0006\000.\0001\0002\000.\0004\000.\0002\000\040\000c\000a\000l\000l\000b\000a\000c\000k\000s}{subsection.6.12.4}% 256
\BOOKMARK [3][-]{subsubsection.6.12.4.3}{\376\377\0006\000.\0001\0002\000.\0004\000.\0003\000\040\000d\000e\000p\000e\000n\000d\000s\000\137\000o\000n\000\137\000r\000u\000n\000s}{subsection.6.12.4}% 257
\BOOKMARK [3][-]{subsubsection.6.12.4.4}{\376\377\0006\000.\0001\0002\000.\0004\000.\0004\000\040\000e\000n\000v}{subsection.6.12.4}% 258
\BOOKMARK [3][-]{subsubsection.6.12.4.5}{\376\377\0006\000.\0001\0002\000.\0004\000.\0005\000\040\000e\000r\000f\000\137\000f\000i\000l\000e}{subsection.6.12.4}% 259
\BOOKMARK [3][-]{subsubsection.6.12.4.6}{\376\377\0006\000.\0001\0002\000.\0004\000.\0006\000\040\000e\000x\000e}{subsection.6.12.4}% 260
\BOOKMARK [3][-]{subsubsection.6.12.4.7}{\376\377\0006\000.\0001\0002\000.\0004\000.\0007\000\040\000h\000o\000s\000t\000f\000i\000l\000e}{subsection.6.12.4}% 261
\BOOKMARK [3][-]{subsubsection.6.12.4.8}{\376\377\0006\000.\0001\0002\000.\0004\000.\0008\000\040\000l\000o\000g\000\137\000p\000r\000e\000f\000i\000x}{subsection.6.12.4}% 262
\BOOKMARK [3][-]{subsubsection.6.12.4.9}{\376\377\0006\000.\0001\0002\000.\0004\000.\0009\000\040\000m\000a\000c\000h\000i\000n\000e}{subsection.6.12.4}% 263
\BOOKMARK [3][-]{subsubsection.6.12.4.10}{\376\377\0006\000.\0001\0002\000.\0004\000.\0001\0000\000\040\000n\000a\000m\000e}{subsection.6.12.4}% 264
\BOOKMARK [3][-]{subsubsection.6.12.4.11}{\376\377\0006\000.\0001\0002\000.\0004\000.\0001\0001\000\040\000n\000o\000d\000e\000\137\000c\000o\000n\000f\000i\000g}{subsection.6.12.4}% 265
\BOOKMARK [3][-]{subsubsection.6.12.4.12}{\376\377\0006\000.\0001\0002\000.\0004\000.\0001\0002\000\040\000n\000o\000d\000e\000s}{subsection.6.12.4}% 266
\BOOKMARK [3][-]{subsubsection.6.12.4.13}{\376\377\0006\000.\0001\0002\000.\0004\000.\0001\0003\000\040\000n\000o\000d\000e\000s\000\137\000a\000s\000s\000i\000g\000n\000e\000d}{subsection.6.12.4}% 267
\BOOKMARK [3][-]{subsubsection.6.12.4.14}{\376\377\0006\000.\0001\0002\000.\0004\000.\0001\0004\000\040\000n\000p\000r\000o\000c\000s}{subsection.6.12.4}% 268
\BOOKMARK [3][-]{subsubsection.6.12.4.15}{\376\377\0006\000.\0001\0002\000.\0004\000.\0001\0005\000\040\000r\000e\000s\000\137\000s\000e\000t}{subsection.6.12.4}% 269
\BOOKMARK [3][-]{subsubsection.6.12.4.16}{\376\377\0006\000.\0001\0002\000.\0004\000.\0001\0006\000\040\000r\000e\000t\000u\000r\000n\000\137\000p\000a\000t\000h}{subsection.6.12.4}% 270
\BOOKMARK [3][-]{subsubsection.6.12.4.17}{\376\377\0006\000.\0001\0002\000.\0004\000.\0001\0007\000\040\000r\000u\000n\000n\000e\000r}{subsection.6.12.4}% 271
\BOOKMARK [3][-]{subsubsection.6.12.4.18}{\376\377\0006\000.\0001\0002\000.\0004\000.\0001\0008\000\040\000r\000u\000n\000n\000e\000r\000\137\000o\000v\000e\000r\000r\000i\000d\000e}{subsection.6.12.4}% 272
\BOOKMARK [3][-]{subsubsection.6.12.4.19}{\376\377\0006\000.\0001\0002\000.\0004\000.\0001\0009\000\040\000s\000c\000h\000e\000d\000\137\000a\000r\000g\000s}{subsection.6.12.4}% 273
\BOOKMARK [3][-]{subsubsection.6.12.4.20}{\376\377\0006\000.\0001\0002\000.\0004\000.\0002\0000\000\040\000s\000l\000e\000e\000p\000\137\000a\000f\000t\000e\000r}{subsection.6.12.4}% 274
\BOOKMARK [3][-]{subsubsection.6.12.4.21}{\376\377\0006\000.\0001\0002\000.\0004\000.\0002\0001\000\040\000s\000t\000d\000e\000r\000r\000\137\000p\000a\000t\000h}{subsection.6.12.4}% 275
\BOOKMARK [3][-]{subsubsection.6.12.4.22}{\376\377\0006\000.\0001\0002\000.\0004\000.\0002\0002\000\040\000s\000t\000d\000o\000u\000t\000\137\000p\000a\000t\000h}{subsection.6.12.4}% 276
\BOOKMARK [3][-]{subsubsection.6.12.4.23}{\376\377\0006\000.\0001\0002\000.\0004\000.\0002\0003\000\040\000t\000a\000s\000k\000s\000\137\000p\000e\000r\000\137\000n\000o\000d\000e}{subsection.6.12.4}% 277
\BOOKMARK [3][-]{subsubsection.6.12.4.24}{\376\377\0006\000.\0001\0002\000.\0004\000.\0002\0004\000\040\000t\000i\000m\000e\000o\000u\000t}{subsection.6.12.4}% 278
\BOOKMARK [3][-]{subsubsection.6.12.4.25}{\376\377\0006\000.\0001\0002\000.\0004\000.\0002\0005\000\040\000w\000a\000l\000l\000t\000i\000m\000e\000\137\000p\000a\000t\000h}{subsection.6.12.4}% 279
\BOOKMARK [3][-]{subsubsection.6.12.4.26}{\376\377\0006\000.\0001\0002\000.\0004\000.\0002\0006\000\040\000w\000o\000r\000k\000i\000n\000g\000\137\000d\000i\000r}{subsection.6.12.4}% 280
\BOOKMARK [1][-]{section.6.13}{\376\377\0006\000.\0001\0003\000\040\000c\000o\000d\000a\000r\000.\000s\000a\000v\000a\000n\000n\000a\000.\000r\000u\000n\000n\000e\000r\000s\000.\000R\000u\000n\000n\000e\000r\000\040\000C\000l\000a\000s\000s\000\040\000R\000e\000f\000e\000r\000e\000n\000c\000e}{chapter.6}% 281
\BOOKMARK [2][-]{subsection.6.13.1}{\376\377\0006\000.\0001\0003\000.\0001\000\040\000D\000e\000t\000a\000i\000l\000e\000d\000\040\000D\000e\000s\000c\000r\000i\000p\000t\000i\000o\000n}{section.6.13}% 282
\BOOKMARK [2][-]{subsection.6.13.2}{\376\377\0006\000.\0001\0003\000.\0002\000\040\000M\000e\000m\000b\000e\000r\000\040\000F\000u\000n\000c\000t\000i\000o\000n\000\040\000D\000o\000c\000u\000m\000e\000n\000t\000a\000t\000i\000o\000n}{section.6.13}% 283
\BOOKMARK [3][-]{subsubsection.6.13.2.1}{\376\377\0006\000.\0001\0003\000.\0002\000.\0001\000\040\000w\000r\000a\000p\000\050\000\051}{subsection.6.13.2}% 284
\BOOKMARK [1][-]{section.6.14}{\376\377\0006\000.\0001\0004\000\040\000c\000o\000d\000a\000r\000.\000s\000a\000v\000a\000n\000n\000a\000.\000e\000x\000c\000.\000S\000a\000v\000a\000n\000n\000a\000E\000x\000c\000e\000p\000t\000i\000o\000n\000\040\000C\000l\000a\000s\000s\000\040\000R\000e\000f\000e\000r\000e\000n\000c\000e}{chapter.6}% 285
\BOOKMARK [2][-]{subsection.6.14.1}{\376\377\0006\000.\0001\0004\000.\0001\000\040\000D\000e\000t\000a\000i\000l\000e\000d\000\040\000D\000e\000s\000c\000r\000i\000p\000t\000i\000o\000n}{section.6.14}% 286
\BOOKMARK [1][-]{section.6.15}{\376\377\0006\000.\0001\0005\000\040\000c\000o\000d\000a\000r\000.\000s\000a\000v\000a\000n\000n\000a\000.\000m\000a\000c\000h\000i\000n\000e\000s\000.\000S\000u\000m\000m\000i\000t\000N\000o\000d\000e\000\040\000C\000l\000a\000s\000s\000\040\000R\000e\000f\000e\000r\000e\000n\000c\000e}{chapter.6}% 287
\BOOKMARK [2][-]{subsection.6.15.1}{\376\377\0006\000.\0001\0005\000.\0001\000\040\000D\000e\000t\000a\000i\000l\000e\000d\000\040\000D\000e\000s\000c\000r\000i\000p\000t\000i\000o\000n}{section.6.15}% 288
\BOOKMARK [2][-]{subsection.6.15.2}{\376\377\0006\000.\0001\0005\000.\0002\000\040\000C\000o\000n\000s\000t\000r\000u\000c\000t\000o\000r\000\040\000\046\000\040\000D\000e\000s\000t\000r\000u\000c\000t\000o\000r\000\040\000D\000o\000c\000u\000m\000e\000n\000t\000a\000t\000i\000o\000n}{section.6.15}% 289
\BOOKMARK [3][-]{subsubsection.6.15.2.1}{\376\377\0006\000.\0001\0005\000.\0002\000.\0001\000\040\000\137\000\137\000i\000n\000i\000t\000\137\000\137\000\050\000\051}{subsection.6.15.2}% 290
\BOOKMARK [2][-]{subsection.6.15.3}{\376\377\0006\000.\0001\0005\000.\0003\000\040\000M\000e\000m\000b\000e\000r\000\040\000F\000u\000n\000c\000t\000i\000o\000n\000\040\000D\000o\000c\000u\000m\000e\000n\000t\000a\000t\000i\000o\000n}{section.6.15}% 291
\BOOKMARK [3][-]{subsubsection.6.15.3.1}{\376\377\0006\000.\0001\0005\000.\0003\000.\0001\000\040\000t\000o\000\137\000j\000s\000o\000n\000\050\000\051}{subsection.6.15.3}% 292
\BOOKMARK [3][-]{subsubsection.6.15.3.2}{\376\377\0006\000.\0001\0005\000.\0003\000.\0002\000\040\000v\000a\000l\000i\000d\000a\000t\000e\000\137\000l\000a\000y\000o\000u\000t\000\050\000\051}{subsection.6.15.3}% 293
\BOOKMARK [1][-]{section.6.16}{\376\377\0006\000.\0001\0006\000\040\000c\000o\000d\000a\000r\000.\000s\000a\000v\000a\000n\000n\000a\000.\000r\000u\000n\000n\000e\000r\000s\000.\000S\000u\000m\000m\000i\000t\000R\000u\000n\000n\000e\000r\000\040\000C\000l\000a\000s\000s\000\040\000R\000e\000f\000e\000r\000e\000n\000c\000e}{chapter.6}% 294
\BOOKMARK [2][-]{subsection.6.16.1}{\376\377\0006\000.\0001\0006\000.\0001\000\040\000D\000e\000t\000a\000i\000l\000e\000d\000\040\000D\000e\000s\000c\000r\000i\000p\000t\000i\000o\000n}{section.6.16}% 295
\BOOKMARK [2][-]{subsection.6.16.2}{\376\377\0006\000.\0001\0006\000.\0002\000\040\000C\000o\000n\000s\000t\000r\000u\000c\000t\000o\000r\000\040\000\046\000\040\000D\000e\000s\000t\000r\000u\000c\000t\000o\000r\000\040\000D\000o\000c\000u\000m\000e\000n\000t\000a\000t\000i\000o\000n}{section.6.16}% 296
\BOOKMARK [3][-]{subsubsection.6.16.2.1}{\376\377\0006\000.\0001\0006\000.\0002\000.\0001\000\040\000\137\000\137\000i\000n\000i\000t\000\137\000\137\000\050\000\051}{subsection.6.16.2}% 297
\BOOKMARK [2][-]{subsection.6.16.3}{\376\377\0006\000.\0001\0006\000.\0003\000\040\000M\000e\000m\000b\000e\000r\000\040\000F\000u\000n\000c\000t\000i\000o\000n\000\040\000D\000o\000c\000u\000m\000e\000n\000t\000a\000t\000i\000o\000n}{section.6.16}% 298
\BOOKMARK [3][-]{subsubsection.6.16.3.1}{\376\377\0006\000.\0001\0006\000.\0003\000.\0001\000\040\000w\000r\000a\000p\000\050\000\051}{subsection.6.16.3}% 299
\BOOKMARK [3][-]{subsubsection.6.16.3.2}{\376\377\0006\000.\0001\0006\000.\0003\000.\0002\000\040\000w\000r\000a\000p\000\137\000d\000e\000p\000r\000e\000c\000a\000t\000e\000d\000\050\000\051}{subsection.6.16.3}% 300
\BOOKMARK [2][-]{subsection.6.16.4}{\376\377\0006\000.\0001\0006\000.\0004\000\040\000M\000e\000m\000b\000e\000r\000\040\000D\000a\000t\000a\000\040\000D\000o\000c\000u\000m\000e\000n\000t\000a\000t\000i\000o\000n}{section.6.16}% 301
\BOOKMARK [3][-]{subsubsection.6.16.4.1}{\376\377\0006\000.\0001\0006\000.\0004\000.\0001\000\040\000b\000i\000n\000d\000\137\000a\000r\000g}{subsection.6.16.4}% 302
\BOOKMARK [3][-]{subsubsection.6.16.4.2}{\376\377\0006\000.\0001\0006\000.\0004\000.\0002\000\040\000c\000p\000u\000s\000\137\000p\000e\000r\000\137\000r\000s\000\137\000a\000r\000g}{subsection.6.16.4}% 303
\BOOKMARK [3][-]{subsubsection.6.16.4.3}{\376\377\0006\000.\0001\0006\000.\0004\000.\0003\000\040\000e\000x\000e}{subsection.6.16.4}% 304
\BOOKMARK [3][-]{subsubsection.6.16.4.4}{\376\377\0006\000.\0001\0006\000.\0004\000.\0004\000\040\000g\000p\000u\000s\000\137\000p\000e\000r\000\137\000r\000s\000\137\000a\000r\000g}{subsection.6.16.4}% 305
\BOOKMARK [3][-]{subsubsection.6.16.4.5}{\376\377\0006\000.\0001\0006\000.\0004\000.\0005\000\040\000l\000a\000u\000n\000c\000h\000\137\000d\000i\000s\000t\000r\000i\000b\000u\000t\000i\000o\000n\000\137\000a\000r\000g}{subsection.6.16.4}% 306
\BOOKMARK [3][-]{subsubsection.6.16.4.6}{\376\377\0006\000.\0001\0006\000.\0004\000.\0006\000\040\000m\000a\000c\000h\000i\000n\000e}{subsection.6.16.4}% 307
\BOOKMARK [3][-]{subsubsection.6.16.4.7}{\376\377\0006\000.\0001\0006\000.\0004\000.\0007\000\040\000n\000r\000s\000\137\000a\000r\000g}{subsection.6.16.4}% 308
\BOOKMARK [3][-]{subsubsection.6.16.4.8}{\376\377\0006\000.\0001\0006\000.\0004\000.\0008\000\040\000r\000s\000\137\000p\000e\000r\000\137\000h\000o\000s\000t\000\137\000a\000r\000g}{subsection.6.16.4}% 309
\BOOKMARK [3][-]{subsubsection.6.16.4.9}{\376\377\0006\000.\0001\0006\000.\0004\000.\0009\000\040\000t\000a\000s\000k\000s\000\137\000p\000e\000r\000\137\000r\000s\000\137\000a\000r\000g}{subsection.6.16.4}% 310
\BOOKMARK [1][-]{section.6.17}{\376\377\0006\000.\0001\0007\000\040\000c\000o\000d\000a\000r\000.\000s\000a\000v\000a\000n\000n\000a\000.\000s\000t\000a\000t\000u\000s\000.\000W\000o\000r\000k\000f\000l\000o\000w\000S\000t\000a\000t\000u\000s\000\040\000C\000l\000a\000s\000s\000\040\000R\000e\000f\000e\000r\000e\000n\000c\000e}{chapter.6}% 311
\BOOKMARK [2][-]{subsection.6.17.1}{\376\377\0006\000.\0001\0007\000.\0001\000\040\000D\000e\000t\000a\000i\000l\000e\000d\000\040\000D\000e\000s\000c\000r\000i\000p\000t\000i\000o\000n}{section.6.17}% 312
\BOOKMARK [2][-]{subsection.6.17.2}{\376\377\0006\000.\0001\0007\000.\0002\000\040\000C\000o\000n\000s\000t\000r\000u\000c\000t\000o\000r\000\040\000\046\000\040\000D\000e\000s\000t\000r\000u\000c\000t\000o\000r\000\040\000D\000o\000c\000u\000m\000e\000n\000t\000a\000t\000i\000o\000n}{section.6.17}% 313
\BOOKMARK [3][-]{subsubsection.6.17.2.1}{\376\377\0006\000.\0001\0007\000.\0002\000.\0001\000\040\000\137\000\137\000i\000n\000i\000t\000\137\000\137\000\050\000\051}{subsection.6.17.2}% 314
\BOOKMARK [2][-]{subsection.6.17.3}{\376\377\0006\000.\0001\0007\000.\0003\000\040\000M\000e\000m\000b\000e\000r\000\040\000F\000u\000n\000c\000t\000i\000o\000n\000\040\000D\000o\000c\000u\000m\000e\000n\000t\000a\000t\000i\000o\000n}{section.6.17}% 315
\BOOKMARK [3][-]{subsubsection.6.17.3.1}{\376\377\0006\000.\0001\0007\000.\0003\000.\0001\000\040\000s\000e\000t\000\137\000s\000t\000a\000t\000e\000\050\000\051}{subsection.6.17.3}% 316
\BOOKMARK [2][-]{subsection.6.17.4}{\376\377\0006\000.\0001\0007\000.\0004\000\040\000M\000e\000m\000b\000e\000r\000\040\000D\000a\000t\000a\000\040\000D\000o\000c\000u\000m\000e\000n\000t\000a\000t\000i\000o\000n}{section.6.17}% 317
\BOOKMARK [3][-]{subsubsection.6.17.4.1}{\376\377\0006\000.\0001\0007\000.\0004\000.\0001\000\040\000f\000i\000l\000e\000\137\000p\000a\000t\000h}{subsection.6.17.4}% 318
\BOOKMARK [0][-]{chapter.7}{\376\377\0007\000\040\000F\000i\000l\000e\000\040\000D\000o\000c\000u\000m\000e\000n\000t\000a\000t\000i\000o\000n}{}% 319
\BOOKMARK [1][-]{section.7.1}{\376\377\0007\000.\0001\000\040\000\137\000\137\000i\000n\000i\000t\000\137\000\137\000.\000p\000y\000\040\000F\000i\000l\000e\000\040\000R\000e\000f\000e\000r\000e\000n\000c\000e}{chapter.7}% 320
\BOOKMARK [1][-]{section.7.2}{\376\377\0007\000.\0002\000\040\000c\000o\000n\000s\000u\000m\000e\000r\000.\000p\000y\000\040\000F\000i\000l\000e\000\040\000R\000e\000f\000e\000r\000e\000n\000c\000e}{chapter.7}% 321
\BOOKMARK [1][-]{section.7.3}{\376\377\0007\000.\0003\000\040\000e\000x\000c\000.\000p\000y\000\040\000F\000i\000l\000e\000\040\000R\000e\000f\000e\000r\000e\000n\000c\000e}{chapter.7}% 322
\BOOKMARK [1][-]{section.7.4}{\376\377\0007\000.\0004\000\040\000m\000a\000c\000h\000i\000n\000e\000s\000.\000p\000y\000\040\000F\000i\000l\000e\000\040\000R\000e\000f\000e\000r\000e\000n\000c\000e}{chapter.7}% 323
\BOOKMARK [1][-]{section.7.5}{\376\377\0007\000.\0005\000\040\000m\000a\000i\000n\000.\000p\000y\000\040\000F\000i\000l\000e\000\040\000R\000e\000f\000e\000r\000e\000n\000c\000e}{chapter.7}% 324
\BOOKMARK [1][-]{section.7.6}{\376\377\0007\000.\0006\000\040\000m\000o\000d\000e\000l\000.\000p\000y\000\040\000F\000i\000l\000e\000\040\000R\000e\000f\000e\000r\000e\000n\000c\000e}{chapter.7}% 325
\BOOKMARK [1][-]{section.7.7}{\376\377\0007\000.\0007\000\040\000n\000o\000d\000e\000\137\000l\000a\000y\000o\000u\000t\000.\000p\000y\000\040\000F\000i\000l\000e\000\040\000R\000e\000f\000e\000r\000e\000n\000c\000e}{chapter.7}% 326
\BOOKMARK [1][-]{section.7.8}{\376\377\0007\000.\0008\000\040\000p\000r\000o\000d\000u\000c\000e\000r\000.\000p\000y\000\040\000F\000i\000l\000e\000\040\000R\000e\000f\000e\000r\000e\000n\000c\000e}{chapter.7}% 327
\BOOKMARK [1][-]{section.7.9}{\376\377\0007\000.\0009\000\040\000r\000u\000n\000n\000e\000r\000s\000.\000p\000y\000\040\000F\000i\000l\000e\000\040\000R\000e\000f\000e\000r\000e\000n\000c\000e}{chapter.7}% 328
\BOOKMARK [1][-]{section.7.10}{\376\377\0007\000.\0001\0000\000\040\000s\000c\000h\000e\000d\000u\000l\000e\000r\000.\000p\000y\000\040\000F\000i\000l\000e\000\040\000R\000e\000f\000e\000r\000e\000n\000c\000e}{chapter.7}% 329
\BOOKMARK [1][-]{section.7.11}{\376\377\0007\000.\0001\0001\000\040\000s\000t\000a\000t\000u\000s\000.\000p\000y\000\040\000F\000i\000l\000e\000\040\000R\000e\000f\000e\000r\000e\000n\000c\000e}{chapter.7}% 330
\BOOKMARK [1][-]{section.7.12}{\376\377\0007\000.\0001\0002\000\040\000s\000u\000m\000m\000i\000t\000\137\000h\000e\000l\000p\000e\000r\000.\000p\000y\000\040\000F\000i\000l\000e\000\040\000R\000e\000f\000e\000r\000e\000n\000c\000e}{chapter.7}% 331
\BOOKMARK [0][-]{section*.110}{\376\377\000I\000n\000d\000e\000x}{}% 332
