\BOOKMARK [0][-]{chapter.1}{\376\377\0001\000\040\000N\000a\000m\000e\000s\000p\000a\000c\000e\000\040\000I\000n\000d\000e\000x}{}% 1
\BOOKMARK [1][-]{section.1.1}{\376\377\0001\000.\0001\000\040\000N\000a\000m\000e\000s\000p\000a\000c\000e\000\040\000L\000i\000s\000t}{chapter.1}% 2
\BOOKMARK [0][-]{chapter.2}{\376\377\0002\000\040\000H\000i\000e\000r\000a\000r\000c\000h\000i\000c\000a\000l\000\040\000I\000n\000d\000e\000x}{}% 3
\BOOKMARK [1][-]{section.2.1}{\376\377\0002\000.\0001\000\040\000C\000l\000a\000s\000s\000\040\000H\000i\000e\000r\000a\000r\000c\000h\000y}{chapter.2}% 4
\BOOKMARK [0][-]{chapter.3}{\376\377\0003\000\040\000C\000l\000a\000s\000s\000\040\000I\000n\000d\000e\000x}{}% 5
\BOOKMARK [1][-]{section.3.1}{\376\377\0003\000.\0001\000\040\000C\000l\000a\000s\000s\000\040\000L\000i\000s\000t}{chapter.3}% 6
\BOOKMARK [0][-]{chapter.4}{\376\377\0004\000\040\000N\000a\000m\000e\000s\000p\000a\000c\000e\000\040\000D\000o\000c\000u\000m\000e\000n\000t\000a\000t\000i\000o\000n}{}% 7
\BOOKMARK [1][-]{section.4.1}{\376\377\0004\000.\0001\000\040\000c\000o\000d\000a\000r\000.\000c\000h\000e\000e\000t\000a\000h\000\040\000N\000a\000m\000e\000s\000p\000a\000c\000e\000\040\000R\000e\000f\000e\000r\000e\000n\000c\000e}{chapter.4}% 8
\BOOKMARK [2][-]{subsection.4.1.1}{\376\377\0004\000.\0001\000.\0001\000\040\000D\000e\000t\000a\000i\000l\000e\000d\000\040\000D\000e\000s\000c\000r\000i\000p\000t\000i\000o\000n}{section.4.1}% 9
\BOOKMARK [1][-]{section.4.2}{\376\377\0004\000.\0002\000\040\000c\000o\000d\000a\000r\000.\000c\000h\000e\000e\000t\000a\000h\000.\000a\000d\000i\000o\000s\0002\000\137\000i\000n\000t\000e\000r\000f\000a\000c\000e\000\040\000N\000a\000m\000e\000s\000p\000a\000c\000e\000\040\000R\000e\000f\000e\000r\000e\000n\000c\000e}{chapter.4}% 10
\BOOKMARK [2][-]{subsection.4.2.1}{\376\377\0004\000.\0002\000.\0001\000\040\000D\000e\000t\000a\000i\000l\000e\000d\000\040\000D\000e\000s\000c\000r\000i\000p\000t\000i\000o\000n}{section.4.2}% 11
\BOOKMARK [2][-]{subsection.4.2.2}{\376\377\0004\000.\0002\000.\0002\000\040\000F\000u\000n\000c\000t\000i\000o\000n\000\040\000D\000o\000c\000u\000m\000e\000n\000t\000a\000t\000i\000o\000n}{section.4.2}% 12
\BOOKMARK [3][-]{subsubsection.4.2.2.1}{\376\377\0004\000.\0002\000.\0002\000.\0001\000\040\000g\000e\000t\000\137\000a\000d\000i\000o\000s\000\137\000v\000e\000r\000s\000i\000o\000n\000\050\000\051}{subsection.4.2.2}% 13
\BOOKMARK [3][-]{subsubsection.4.2.2.2}{\376\377\0004\000.\0002\000.\0002\000.\0002\000\040\000s\000e\000t\000\137\000e\000n\000g\000i\000n\000e\000\050\000\051}{subsection.4.2.2}% 14
\BOOKMARK [3][-]{subsubsection.4.2.2.3}{\376\377\0004\000.\0002\000.\0002\000.\0003\000\040\000s\000e\000t\000\137\000t\000r\000a\000n\000s\000p\000o\000r\000t\000\050\000\051}{subsection.4.2.2}% 15
\BOOKMARK [3][-]{subsubsection.4.2.2.4}{\376\377\0004\000.\0002\000.\0002\000.\0004\000\040\000s\000e\000t\000\137\000v\000a\000r\000\137\000o\000p\000e\000r\000a\000t\000i\000o\000n\000\050\000\051}{subsection.4.2.2}% 16
\BOOKMARK [1][-]{section.4.3}{\376\377\0004\000.\0003\000\040\000c\000o\000d\000a\000r\000.\000c\000h\000e\000e\000t\000a\000h\000.\000a\000d\000i\000o\000s\000\137\000p\000a\000r\000a\000m\000s\000\040\000N\000a\000m\000e\000s\000p\000a\000c\000e\000\040\000R\000e\000f\000e\000r\000e\000n\000c\000e}{chapter.4}% 17
\BOOKMARK [2][-]{subsection.4.3.1}{\376\377\0004\000.\0003\000.\0001\000\040\000D\000e\000t\000a\000i\000l\000e\000d\000\040\000D\000e\000s\000c\000r\000i\000p\000t\000i\000o\000n}{section.4.3}% 18
\BOOKMARK [2][-]{subsection.4.3.2}{\376\377\0004\000.\0003\000.\0002\000\040\000F\000u\000n\000c\000t\000i\000o\000n\000\040\000D\000o\000c\000u\000m\000e\000n\000t\000a\000t\000i\000o\000n}{section.4.3}% 19
\BOOKMARK [3][-]{subsubsection.4.3.2.1}{\376\377\0004\000.\0003\000.\0002\000.\0001\000\040\000a\000d\000i\000o\000s\000\137\000x\000m\000l\000\137\000t\000r\000a\000n\000s\000f\000o\000r\000m\000\050\000\051}{subsection.4.3.2}% 20
\BOOKMARK [3][-]{subsubsection.4.3.2.2}{\376\377\0004\000.\0003\000.\0002\000.\0002\000\040\000x\000m\000l\000\137\000h\000a\000s\000\137\000t\000r\000a\000n\000s\000p\000o\000r\000t\000\050\000\051}{subsection.4.3.2}% 21
\BOOKMARK [1][-]{section.4.4}{\376\377\0004\000.\0004\000\040\000c\000o\000d\000a\000r\000.\000c\000h\000e\000e\000t\000a\000h\000.\000c\000o\000n\000f\000i\000g\000\040\000N\000a\000m\000e\000s\000p\000a\000c\000e\000\040\000R\000e\000f\000e\000r\000e\000n\000c\000e}{chapter.4}% 22
\BOOKMARK [2][-]{subsection.4.4.1}{\376\377\0004\000.\0004\000.\0001\000\040\000D\000e\000t\000a\000i\000l\000e\000d\000\040\000D\000e\000s\000c\000r\000i\000p\000t\000i\000o\000n}{section.4.4}% 23
\BOOKMARK [2][-]{subsection.4.4.2}{\376\377\0004\000.\0004\000.\0002\000\040\000F\000u\000n\000c\000t\000i\000o\000n\000\040\000D\000o\000c\000u\000m\000e\000n\000t\000a\000t\000i\000o\000n}{section.4.4}% 24
\BOOKMARK [3][-]{subsubsection.4.4.2.1}{\376\377\0004\000.\0004\000.\0002\000.\0001\000\040\000g\000e\000t\000\137\000d\000a\000t\000a\000s\000p\000a\000c\000e\000s\000\137\000n\000u\000m\000\137\000s\000e\000r\000v\000e\000r\000s\000\050\000\051}{subsection.4.4.2}% 25
\BOOKMARK [1][-]{section.4.5}{\376\377\0004\000.\0005\000\040\000c\000o\000d\000a\000r\000.\000c\000h\000e\000e\000t\000a\000h\000.\000e\000x\000c\000\040\000N\000a\000m\000e\000s\000p\000a\000c\000e\000\040\000R\000e\000f\000e\000r\000e\000n\000c\000e}{chapter.4}% 26
\BOOKMARK [2][-]{subsection.4.5.1}{\376\377\0004\000.\0005\000.\0001\000\040\000D\000e\000t\000a\000i\000l\000e\000d\000\040\000D\000e\000s\000c\000r\000i\000p\000t\000i\000o\000n}{section.4.5}% 27
\BOOKMARK [1][-]{section.4.6}{\376\377\0004\000.\0006\000\040\000c\000o\000d\000a\000r\000.\000c\000h\000e\000e\000t\000a\000h\000.\000l\000a\000u\000n\000c\000h\000e\000r\000s\000\040\000N\000a\000m\000e\000s\000p\000a\000c\000e\000\040\000R\000e\000f\000e\000r\000e\000n\000c\000e}{chapter.4}% 28
\BOOKMARK [2][-]{subsection.4.6.1}{\376\377\0004\000.\0006\000.\0001\000\040\000D\000e\000t\000a\000i\000l\000e\000d\000\040\000D\000e\000s\000c\000r\000i\000p\000t\000i\000o\000n}{section.4.6}% 29
\BOOKMARK [1][-]{section.4.7}{\376\377\0004\000.\0007\000\040\000c\000o\000d\000a\000r\000.\000c\000h\000e\000e\000t\000a\000h\000.\000l\000o\000a\000d\000e\000r\000\040\000N\000a\000m\000e\000s\000p\000a\000c\000e\000\040\000R\000e\000f\000e\000r\000e\000n\000c\000e}{chapter.4}% 30
\BOOKMARK [2][-]{subsection.4.7.1}{\376\377\0004\000.\0007\000.\0001\000\040\000D\000e\000t\000a\000i\000l\000e\000d\000\040\000D\000e\000s\000c\000r\000i\000p\000t\000i\000o\000n}{section.4.7}% 31
\BOOKMARK [2][-]{subsection.4.7.2}{\376\377\0004\000.\0007\000.\0002\000\040\000F\000u\000n\000c\000t\000i\000o\000n\000\040\000D\000o\000c\000u\000m\000e\000n\000t\000a\000t\000i\000o\000n}{section.4.7}% 32
\BOOKMARK [3][-]{subsubsection.4.7.2.1}{\376\377\0004\000.\0007\000.\0002\000.\0001\000\040\000l\000o\000a\000d\000\137\000e\000x\000p\000e\000r\000i\000m\000e\000n\000t\000\137\000c\000l\000a\000s\000s\000\050\000\051}{subsection.4.7.2}% 33
\BOOKMARK [1][-]{section.4.8}{\376\377\0004\000.\0008\000\040\000c\000o\000d\000a\000r\000.\000c\000h\000e\000e\000t\000a\000h\000.\000m\000o\000d\000e\000l\000\040\000N\000a\000m\000e\000s\000p\000a\000c\000e\000\040\000R\000e\000f\000e\000r\000e\000n\000c\000e}{chapter.4}% 34
\BOOKMARK [2][-]{subsection.4.8.1}{\376\377\0004\000.\0008\000.\0001\000\040\000D\000e\000t\000a\000i\000l\000e\000d\000\040\000D\000e\000s\000c\000r\000i\000p\000t\000i\000o\000n}{section.4.8}% 35
\BOOKMARK [1][-]{section.4.9}{\376\377\0004\000.\0009\000\040\000c\000o\000d\000a\000r\000.\000c\000h\000e\000e\000t\000a\000h\000.\000p\000a\000r\000a\000m\000e\000t\000e\000r\000s\000\040\000N\000a\000m\000e\000s\000p\000a\000c\000e\000\040\000R\000e\000f\000e\000r\000e\000n\000c\000e}{chapter.4}% 36
\BOOKMARK [2][-]{subsection.4.9.1}{\376\377\0004\000.\0009\000.\0001\000\040\000D\000e\000t\000a\000i\000l\000e\000d\000\040\000D\000e\000s\000c\000r\000i\000p\000t\000i\000o\000n}{section.4.9}% 37
\BOOKMARK [1][-]{section.4.10}{\376\377\0004\000.\0001\0000\000\040\000c\000o\000d\000a\000r\000.\000c\000h\000e\000e\000t\000a\000h\000.\000p\000b\000s\000\040\000N\000a\000m\000e\000s\000p\000a\000c\000e\000\040\000R\000e\000f\000e\000r\000e\000n\000c\000e}{chapter.4}% 38
\BOOKMARK [2][-]{subsection.4.10.1}{\376\377\0004\000.\0001\0000\000.\0001\000\040\000D\000e\000t\000a\000i\000l\000e\000d\000\040\000D\000e\000s\000c\000r\000i\000p\000t\000i\000o\000n}{section.4.10}% 39
\BOOKMARK [2][-]{subsection.4.10.2}{\376\377\0004\000.\0001\0000\000.\0002\000\040\000F\000u\000n\000c\000t\000i\000o\000n\000\040\000D\000o\000c\000u\000m\000e\000n\000t\000a\000t\000i\000o\000n}{section.4.10}% 40
\BOOKMARK [3][-]{subsubsection.4.10.2.1}{\376\377\0004\000.\0001\0000\000.\0002\000.\0001\000\040\000o\000p\000e\000n\000\137\000p\000b\000s\000\137\000f\000i\000l\000e\000\050\000\051}{subsection.4.10.2}% 41
\BOOKMARK [3][-]{subsubsection.4.10.2.2}{\376\377\0004\000.\0001\0000\000.\0002\000.\0002\000\040\000w\000r\000i\000t\000e\000\137\000r\000u\000n\000\137\000s\000c\000r\000i\000p\000t\000\050\000\051}{subsection.4.10.2}% 42
\BOOKMARK [2][-]{subsection.4.10.3}{\376\377\0004\000.\0001\0000\000.\0003\000\040\000V\000a\000r\000i\000a\000b\000l\000e\000\040\000D\000o\000c\000u\000m\000e\000n\000t\000a\000t\000i\000o\000n}{section.4.10}% 43
\BOOKMARK [3][-]{subsubsection.4.10.3.1}{\376\377\0004\000.\0001\0000\000.\0003\000.\0001\000\040\000P\000B\000S\000\137\000F\000O\000R\000M\000A\000T\000\137\000T\000E\000M\000P\000L\000A\000T\000E}{subsection.4.10.3}% 44
\BOOKMARK [3][-]{subsubsection.4.10.3.2}{\376\377\0004\000.\0001\0000\000.\0003\000.\0002\000\040\000S\000U\000B\000M\000I\000T\000\137\000F\000O\000R\000M\000A\000T\000\137\000T\000E\000M\000P\000L\000A\000T\000E}{subsection.4.10.3}% 45
\BOOKMARK [1][-]{section.4.11}{\376\377\0004\000.\0001\0001\000\040\000c\000o\000d\000a\000r\000.\000c\000h\000e\000e\000t\000a\000h\000.\000r\000e\000p\000o\000r\000t\000\137\000g\000e\000n\000e\000r\000a\000t\000o\000r\000\040\000N\000a\000m\000e\000s\000p\000a\000c\000e\000\040\000R\000e\000f\000e\000r\000e\000n\000c\000e}{chapter.4}% 46
\BOOKMARK [2][-]{subsection.4.11.1}{\376\377\0004\000.\0001\0001\000.\0001\000\040\000D\000e\000t\000a\000i\000l\000e\000d\000\040\000D\000e\000s\000c\000r\000i\000p\000t\000i\000o\000n}{section.4.11}% 47
\BOOKMARK [2][-]{subsection.4.11.2}{\376\377\0004\000.\0001\0001\000.\0002\000\040\000F\000u\000n\000c\000t\000i\000o\000n\000\040\000D\000o\000c\000u\000m\000e\000n\000t\000a\000t\000i\000o\000n}{section.4.11}% 48
\BOOKMARK [3][-]{subsubsection.4.11.2.1}{\376\377\0004\000.\0001\0001\000.\0002\000.\0001\000\040\000g\000e\000n\000e\000r\000a\000t\000e\000\137\000r\000e\000p\000o\000r\000t\000\050\000\051}{subsection.4.11.2}% 49
\BOOKMARK [1][-]{section.4.12}{\376\377\0004\000.\0001\0002\000\040\000c\000o\000d\000a\000r\000.\000c\000h\000e\000e\000t\000a\000h\000.\000r\000u\000n\000n\000e\000r\000s\000\040\000N\000a\000m\000e\000s\000p\000a\000c\000e\000\040\000R\000e\000f\000e\000r\000e\000n\000c\000e}{chapter.4}% 50
\BOOKMARK [2][-]{subsection.4.12.1}{\376\377\0004\000.\0001\0002\000.\0001\000\040\000D\000e\000t\000a\000i\000l\000e\000d\000\040\000D\000e\000s\000c\000r\000i\000p\000t\000i\000o\000n}{section.4.12}% 51
\BOOKMARK [1][-]{section.4.13}{\376\377\0004\000.\0001\0003\000\040\000c\000o\000d\000a\000r\000.\000c\000h\000e\000e\000t\000a\000h\000.\000s\000t\000a\000t\000u\000s\000\040\000N\000a\000m\000e\000s\000p\000a\000c\000e\000\040\000R\000e\000f\000e\000r\000e\000n\000c\000e}{chapter.4}% 52
\BOOKMARK [2][-]{subsection.4.13.1}{\376\377\0004\000.\0001\0003\000.\0001\000\040\000D\000e\000t\000a\000i\000l\000e\000d\000\040\000D\000e\000s\000c\000r\000i\000p\000t\000i\000o\000n}{section.4.13}% 53
\BOOKMARK [1][-]{section.4.14}{\376\377\0004\000.\0001\0004\000\040\000c\000o\000d\000a\000r\000.\000c\000h\000e\000e\000t\000a\000h\000.\000t\000e\000m\000p\000l\000a\000t\000e\000s\000\040\000N\000a\000m\000e\000s\000p\000a\000c\000e\000\040\000R\000e\000f\000e\000r\000e\000n\000c\000e}{chapter.4}% 54
\BOOKMARK [2][-]{subsection.4.14.1}{\376\377\0004\000.\0001\0004\000.\0001\000\040\000D\000e\000t\000a\000i\000l\000e\000d\000\040\000D\000e\000s\000c\000r\000i\000p\000t\000i\000o\000n}{section.4.14}% 55
\BOOKMARK [2][-]{subsection.4.14.2}{\376\377\0004\000.\0001\0004\000.\0002\000\040\000V\000a\000r\000i\000a\000b\000l\000e\000\040\000D\000o\000c\000u\000m\000e\000n\000t\000a\000t\000i\000o\000n}{section.4.14}% 56
\BOOKMARK [3][-]{subsubsection.4.14.2.1}{\376\377\0004\000.\0001\0004\000.\0002\000.\0001\000\040\000C\000A\000M\000P\000A\000I\000G\000N\000\137\000E\000N\000V\000\137\000T\000E\000M\000P\000L\000A\000T\000E}{subsection.4.14.2}% 57
\BOOKMARK [3][-]{subsubsection.4.14.2.2}{\376\377\0004\000.\0001\0004\000.\0002\000.\0002\000\040\000G\000R\000O\000U\000P\000\137\000E\000N\000V\000\137\000T\000E\000M\000P\000L\000A\000T\000E}{subsection.4.14.2}% 58
\BOOKMARK [0][-]{chapter.5}{\376\377\0005\000\040\000C\000l\000a\000s\000s\000\040\000D\000o\000c\000u\000m\000e\000n\000t\000a\000t\000i\000o\000n}{}% 59
\BOOKMARK [1][-]{section.5.1}{\376\377\0005\000.\0001\000\040\000c\000o\000d\000a\000r\000.\000c\000h\000e\000e\000t\000a\000h\000.\000r\000e\000p\000o\000r\000t\000\137\000g\000e\000n\000e\000r\000a\000t\000o\000r\000.\000\137\000R\000e\000p\000o\000r\000t\000G\000e\000n\000e\000r\000a\000t\000o\000r\000\040\000C\000l\000a\000s\000s\000\040\000R\000e\000f\000e\000r\000e\000n\000c\000e}{chapter.5}% 60
\BOOKMARK [2][-]{subsection.5.1.1}{\376\377\0005\000.\0001\000.\0001\000\040\000D\000e\000t\000a\000i\000l\000e\000d\000\040\000D\000e\000s\000c\000r\000i\000p\000t\000i\000o\000n}{section.5.1}% 61
\BOOKMARK [2][-]{subsection.5.1.2}{\376\377\0005\000.\0001\000.\0002\000\040\000M\000e\000m\000b\000e\000r\000\040\000F\000u\000n\000c\000t\000i\000o\000n\000\040\000D\000o\000c\000u\000m\000e\000n\000t\000a\000t\000i\000o\000n}{section.5.1}% 62
\BOOKMARK [3][-]{subsubsection.5.1.2.1}{\376\377\0005\000.\0001\000.\0002\000.\0001\000\040\000p\000a\000r\000s\000e\000\137\000c\000a\000m\000p\000a\000i\000g\000n\000\050\000\051}{subsection.5.1.2}% 63
\BOOKMARK [3][-]{subsubsection.5.1.2.2}{\376\377\0005\000.\0001\000.\0002\000.\0002\000\040\000p\000a\000r\000s\000e\000\137\000r\000u\000n\000\137\000d\000i\000r\000\050\000\051}{subsection.5.1.2}% 64
\BOOKMARK [3][-]{subsubsection.5.1.2.3}{\376\377\0005\000.\0001\000.\0002\000.\0003\000\040\000p\000a\000r\000s\000e\000\137\000s\000w\000e\000e\000p\000\137\000g\000r\000o\000u\000p\000\050\000\051}{subsection.5.1.2}% 65
\BOOKMARK [3][-]{subsubsection.5.1.2.4}{\376\377\0005\000.\0001\000.\0002\000.\0004\000\040\000p\000a\000r\000s\000e\000\137\000u\000s\000e\000r\000\137\000c\000a\000m\000p\000a\000i\000g\000n\000s\000\050\000\051}{subsection.5.1.2}% 66
\BOOKMARK [3][-]{subsubsection.5.1.2.5}{\376\377\0005\000.\0001\000.\0002\000.\0005\000\040\000w\000r\000i\000t\000e\000\137\000o\000u\000t\000p\000u\000t\000\050\000\051}{subsection.5.1.2}% 67
\BOOKMARK [1][-]{section.5.2}{\376\377\0005\000.\0002\000\040\000c\000o\000d\000a\000r\000.\000c\000h\000e\000e\000t\000a\000h\000.\000r\000e\000p\000o\000r\000t\000\137\000g\000e\000n\000e\000r\000a\000t\000o\000r\000.\000\137\000R\000u\000n\000P\000a\000r\000s\000e\000r\000\040\000C\000l\000a\000s\000s\000\040\000R\000e\000f\000e\000r\000e\000n\000c\000e}{chapter.5}% 68
\BOOKMARK [2][-]{subsection.5.2.1}{\376\377\0005\000.\0002\000.\0001\000\040\000C\000o\000n\000s\000t\000r\000u\000c\000t\000o\000r\000\040\000\046\000\040\000D\000e\000s\000t\000r\000u\000c\000t\000o\000r\000\040\000D\000o\000c\000u\000m\000e\000n\000t\000a\000t\000i\000o\000n}{section.5.2}% 69
\BOOKMARK [3][-]{subsubsection.5.2.1.1}{\376\377\0005\000.\0002\000.\0001\000.\0001\000\040\000\137\000\137\000i\000n\000i\000t\000\137\000\137\000\050\000\051}{subsection.5.2.1}% 70
\BOOKMARK [2][-]{subsection.5.2.2}{\376\377\0005\000.\0002\000.\0002\000\040\000M\000e\000m\000b\000e\000r\000\040\000F\000u\000n\000c\000t\000i\000o\000n\000\040\000D\000o\000c\000u\000m\000e\000n\000t\000a\000t\000i\000o\000n}{section.5.2}% 71
\BOOKMARK [3][-]{subsubsection.5.2.2.1}{\376\377\0005\000.\0002\000.\0002\000.\0001\000\040\000r\000e\000a\000d\000\137\000a\000d\000i\000o\000s\000\137\000o\000u\000t\000p\000u\000t\000\137\000f\000i\000l\000e\000\137\000s\000i\000z\000e\000s\000\050\000\051}{subsection.5.2.2}% 72
\BOOKMARK [3][-]{subsubsection.5.2.2.2}{\376\377\0005\000.\0002\000.\0002\000.\0002\000\040\000r\000e\000a\000d\000\137\000n\000o\000d\000e\000\137\000l\000a\000y\000o\000u\000t\000\050\000\051}{subsection.5.2.2}% 73
\BOOKMARK [3][-]{subsubsection.5.2.2.3}{\376\377\0005\000.\0002\000.\0002\000.\0003\000\040\000r\000e\000a\000d\000\137\000s\000o\000s\000\137\000p\000e\000r\000f\000\137\000d\000a\000t\000a\000\050\000\051}{subsection.5.2.2}% 74
\BOOKMARK [3][-]{subsubsection.5.2.2.4}{\376\377\0005\000.\0002\000.\0002\000.\0004\000\040\000s\000e\000r\000i\000a\000l\000i\000z\000e\000\137\000p\000a\000r\000a\000m\000s\000\137\000n\000e\000s\000t\000e\000d\000\137\000d\000i\000c\000t\000\050\000\051}{subsection.5.2.2}% 75
\BOOKMARK [3][-]{subsubsection.5.2.2.5}{\376\377\0005\000.\0002\000.\0002\000.\0005\000\040\000v\000e\000r\000i\000f\000y\000\137\000r\000u\000n\000\137\000s\000u\000c\000c\000e\000s\000s\000f\000u\000l\000\050\000\051}{subsection.5.2.2}% 76
\BOOKMARK [1][-]{section.5.3}{\376\377\0005\000.\0003\000\040\000c\000o\000d\000a\000r\000.\000c\000h\000e\000e\000t\000a\000h\000.\000m\000o\000d\000e\000l\000.\000C\000a\000m\000p\000a\000i\000g\000n\000\040\000C\000l\000a\000s\000s\000\040\000R\000e\000f\000e\000r\000e\000n\000c\000e}{chapter.5}% 77
\BOOKMARK [2][-]{subsection.5.3.1}{\376\377\0005\000.\0003\000.\0001\000\040\000D\000e\000t\000a\000i\000l\000e\000d\000\040\000D\000e\000s\000c\000r\000i\000p\000t\000i\000o\000n}{section.5.3}% 78
\BOOKMARK [2][-]{subsection.5.3.2}{\376\377\0005\000.\0003\000.\0002\000\040\000M\000e\000m\000b\000e\000r\000\040\000F\000u\000n\000c\000t\000i\000o\000n\000\040\000D\000o\000c\000u\000m\000e\000n\000t\000a\000t\000i\000o\000n}{section.5.3}% 79
\BOOKMARK [3][-]{subsubsection.5.3.2.1}{\376\377\0005\000.\0003\000.\0002\000.\0001\000\040\000m\000a\000k\000e\000\137\000e\000x\000p\000e\000r\000i\000m\000e\000n\000t\000\137\000r\000u\000n\000\137\000d\000i\000r\000\050\000\051}{subsection.5.3.2}% 80
\BOOKMARK [1][-]{section.5.4}{\376\377\0005\000.\0004\000\040\000c\000o\000d\000a\000r\000.\000c\000h\000e\000e\000t\000a\000h\000.\000e\000x\000c\000.\000C\000a\000m\000p\000a\000i\000g\000n\000P\000a\000r\000s\000e\000E\000r\000r\000o\000r\000\040\000C\000l\000a\000s\000s\000\040\000R\000e\000f\000e\000r\000e\000n\000c\000e}{chapter.5}% 81
\BOOKMARK [1][-]{section.5.5}{\376\377\0005\000.\0005\000\040\000c\000o\000d\000a\000r\000.\000c\000h\000e\000e\000t\000a\000h\000.\000e\000x\000c\000.\000C\000h\000e\000e\000t\000a\000h\000E\000x\000c\000e\000p\000t\000i\000o\000n\000\040\000C\000l\000a\000s\000s\000\040\000R\000e\000f\000e\000r\000e\000n\000c\000e}{chapter.5}% 82
\BOOKMARK [1][-]{section.5.6}{\376\377\0005\000.\0006\000\040\000c\000o\000d\000a\000r\000.\000c\000h\000e\000e\000t\000a\000h\000.\000p\000a\000r\000a\000m\000e\000t\000e\000r\000s\000.\000C\000o\000d\000e\000C\000o\000m\000m\000a\000n\000d\000\040\000C\000l\000a\000s\000s\000\040\000R\000e\000f\000e\000r\000e\000n\000c\000e}{chapter.5}% 83
\BOOKMARK [2][-]{subsection.5.6.1}{\376\377\0005\000.\0006\000.\0001\000\040\000D\000e\000t\000a\000i\000l\000e\000d\000\040\000D\000e\000s\000c\000r\000i\000p\000t\000i\000o\000n}{section.5.6}% 84
\BOOKMARK [2][-]{subsection.5.6.2}{\376\377\0005\000.\0006\000.\0002\000\040\000M\000e\000m\000b\000e\000r\000\040\000F\000u\000n\000c\000t\000i\000o\000n\000\040\000D\000o\000c\000u\000m\000e\000n\000t\000a\000t\000i\000o\000n}{section.5.6}% 85
\BOOKMARK [3][-]{subsubsection.5.6.2.1}{\376\377\0005\000.\0006\000.\0002\000.\0001\000\040\000a\000d\000d\000\137\000a\000r\000g\000\050\000\051}{subsection.5.6.2}% 86
\BOOKMARK [1][-]{section.5.7}{\376\377\0005\000.\0007\000\040\000c\000o\000d\000a\000r\000.\000c\000h\000e\000e\000t\000a\000h\000.\000p\000a\000r\000a\000m\000e\000t\000e\000r\000s\000.\000I\000n\000s\000t\000a\000n\000c\000e\000\040\000C\000l\000a\000s\000s\000\040\000R\000e\000f\000e\000r\000e\000n\000c\000e}{chapter.5}% 87
\BOOKMARK [2][-]{subsection.5.7.1}{\376\377\0005\000.\0007\000.\0001\000\040\000D\000e\000t\000a\000i\000l\000e\000d\000\040\000D\000e\000s\000c\000r\000i\000p\000t\000i\000o\000n}{section.5.7}% 88
\BOOKMARK [2][-]{subsection.5.7.2}{\376\377\0005\000.\0007\000.\0002\000\040\000M\000e\000m\000b\000e\000r\000\040\000F\000u\000n\000c\000t\000i\000o\000n\000\040\000D\000o\000c\000u\000m\000e\000n\000t\000a\000t\000i\000o\000n}{section.5.7}% 89
\BOOKMARK [3][-]{subsubsection.5.7.2.1}{\376\377\0005\000.\0007\000.\0002\000.\0001\000\040\000a\000s\000\137\000d\000i\000c\000t\000\050\000\051}{subsection.5.7.2}% 90
\BOOKMARK [3][-]{subsubsection.5.7.2.2}{\376\377\0005\000.\0007\000.\0002\000.\0002\000\040\000a\000s\000\137\000s\000t\000r\000i\000n\000g\000\050\000\051}{subsection.5.7.2}% 91
\BOOKMARK [3][-]{subsubsection.5.7.2.3}{\376\377\0005\000.\0007\000.\0002\000.\0003\000\040\000c\000o\000d\000e\000\137\000c\000o\000m\000m\000a\000n\000d\000s\000\050\000\051}{subsection.5.7.2}% 92
\BOOKMARK [3][-]{subsubsection.5.7.2.4}{\376\377\0005\000.\0007\000.\0002\000.\0004\000\040\000g\000e\000t\000\137\000c\000o\000d\000e\000s\000\137\000a\000r\000g\000v\000\050\000\051}{subsection.5.7.2}% 93
\BOOKMARK [3][-]{subsubsection.5.7.2.5}{\376\377\0005\000.\0007\000.\0002\000.\0005\000\040\000g\000e\000t\000\137\000p\000a\000r\000a\000m\000e\000t\000e\000r\000\137\000v\000a\000l\000u\000e\000s\000\137\000b\000y\000\137\000t\000y\000p\000e\000\050\000\051}{subsection.5.7.2}% 94
\BOOKMARK [3][-]{subsubsection.5.7.2.6}{\376\377\0005\000.\0007\000.\0002\000.\0006\000\040\000p\000a\000r\000a\000m\000e\000t\000e\000r\000\137\000v\000a\000l\000u\000e\000s\000\050\000\051}{subsection.5.7.2}% 95
\BOOKMARK [1][-]{section.5.8}{\376\377\0005\000.\0008\000\040\000c\000o\000d\000a\000r\000.\000c\000h\000e\000e\000t\000a\000h\000.\000l\000a\000u\000n\000c\000h\000e\000r\000s\000.\000L\000a\000u\000n\000c\000h\000e\000r\000\040\000C\000l\000a\000s\000s\000\040\000R\000e\000f\000e\000r\000e\000n\000c\000e}{chapter.5}% 96
\BOOKMARK [2][-]{subsection.5.8.1}{\376\377\0005\000.\0008\000.\0001\000\040\000D\000e\000t\000a\000i\000l\000e\000d\000\040\000D\000e\000s\000c\000r\000i\000p\000t\000i\000o\000n}{section.5.8}% 97
\BOOKMARK [2][-]{subsection.5.8.2}{\376\377\0005\000.\0008\000.\0002\000\040\000M\000e\000m\000b\000e\000r\000\040\000F\000u\000n\000c\000t\000i\000o\000n\000\040\000D\000o\000c\000u\000m\000e\000n\000t\000a\000t\000i\000o\000n}{section.5.8}% 98
\BOOKMARK [3][-]{subsubsection.5.8.2.1}{\376\377\0005\000.\0008\000.\0002\000.\0001\000\040\000c\000r\000e\000a\000t\000e\000\137\000g\000r\000o\000u\000p\000\137\000d\000i\000r\000e\000c\000t\000o\000r\000y\000\050\000\051}{subsection.5.8.2}% 99
\BOOKMARK [1][-]{section.5.9}{\376\377\0005\000.\0009\000\040\000c\000o\000d\000a\000r\000.\000c\000h\000e\000e\000t\000a\000h\000.\000e\000x\000c\000.\000M\000a\000c\000h\000i\000n\000e\000N\000o\000t\000F\000o\000u\000n\000d\000\040\000C\000l\000a\000s\000s\000\040\000R\000e\000f\000e\000r\000e\000n\000c\000e}{chapter.5}% 100
\BOOKMARK [1][-]{section.5.10}{\376\377\0005\000.\0001\0000\000\040\000c\000o\000d\000a\000r\000.\000c\000h\000e\000e\000t\000a\000h\000.\000p\000a\000r\000a\000m\000e\000t\000e\000r\000s\000.\000P\000a\000r\000a\000m\000\040\000C\000l\000a\000s\000s\000\040\000R\000e\000f\000e\000r\000e\000n\000c\000e}{chapter.5}% 101
\BOOKMARK [2][-]{subsection.5.10.1}{\376\377\0005\000.\0001\0000\000.\0001\000\040\000D\000e\000t\000a\000i\000l\000e\000d\000\040\000D\000e\000s\000c\000r\000i\000p\000t\000i\000o\000n}{section.5.10}% 102
\BOOKMARK [1][-]{section.5.11}{\376\377\0005\000.\0001\0001\000\040\000c\000o\000d\000a\000r\000.\000c\000h\000e\000e\000t\000a\000h\000.\000p\000a\000r\000a\000m\000e\000t\000e\000r\000s\000.\000P\000a\000r\000a\000m\000A\000D\000I\000O\000S\0002\000X\000M\000L\000\040\000C\000l\000a\000s\000s\000\040\000R\000e\000f\000e\000r\000e\000n\000c\000e}{chapter.5}% 103
\BOOKMARK [2][-]{subsection.5.11.1}{\376\377\0005\000.\0001\0001\000.\0001\000\040\000D\000e\000t\000a\000i\000l\000e\000d\000\040\000D\000e\000s\000c\000r\000i\000p\000t\000i\000o\000n}{section.5.11}% 104
\BOOKMARK [2][-]{subsection.5.11.2}{\376\377\0005\000.\0001\0001\000.\0002\000\040\000C\000o\000n\000s\000t\000r\000u\000c\000t\000o\000r\000\040\000\046\000\040\000D\000e\000s\000t\000r\000u\000c\000t\000o\000r\000\040\000D\000o\000c\000u\000m\000e\000n\000t\000a\000t\000i\000o\000n}{section.5.11}% 105
\BOOKMARK [3][-]{subsubsection.5.11.2.1}{\376\377\0005\000.\0001\0001\000.\0002\000.\0001\000\040\000\137\000\137\000i\000n\000i\000t\000\137\000\137\000\050\000\051}{subsection.5.11.2}% 106
\BOOKMARK [1][-]{section.5.12}{\376\377\0005\000.\0001\0002\000\040\000c\000o\000d\000a\000r\000.\000c\000h\000e\000e\000t\000a\000h\000.\000p\000a\000r\000a\000m\000e\000t\000e\000r\000s\000.\000P\000a\000r\000a\000m\000A\000d\000i\000o\000s\000X\000M\000L\000\040\000C\000l\000a\000s\000s\000\040\000R\000e\000f\000e\000r\000e\000n\000c\000e}{chapter.5}% 107
\BOOKMARK [2][-]{subsection.5.12.1}{\376\377\0005\000.\0001\0002\000.\0001\000\040\000D\000e\000t\000a\000i\000l\000e\000d\000\040\000D\000e\000s\000c\000r\000i\000p\000t\000i\000o\000n}{section.5.12}% 108
\BOOKMARK [1][-]{section.5.13}{\376\377\0005\000.\0001\0003\000\040\000c\000o\000d\000a\000r\000.\000c\000h\000e\000e\000t\000a\000h\000.\000p\000a\000r\000a\000m\000e\000t\000e\000r\000s\000.\000P\000a\000r\000a\000m\000C\000m\000d\000L\000i\000n\000e\000A\000r\000g\000\040\000C\000l\000a\000s\000s\000\040\000R\000e\000f\000e\000r\000e\000n\000c\000e}{chapter.5}% 109
\BOOKMARK [2][-]{subsection.5.13.1}{\376\377\0005\000.\0001\0003\000.\0001\000\040\000D\000e\000t\000a\000i\000l\000e\000d\000\040\000D\000e\000s\000c\000r\000i\000p\000t\000i\000o\000n}{section.5.13}% 110
\BOOKMARK [1][-]{section.5.14}{\376\377\0005\000.\0001\0004\000\040\000c\000o\000d\000a\000r\000.\000c\000h\000e\000e\000t\000a\000h\000.\000p\000a\000r\000a\000m\000e\000t\000e\000r\000s\000.\000P\000a\000r\000a\000m\000C\000m\000d\000L\000i\000n\000e\000O\000p\000t\000i\000o\000n\000\040\000C\000l\000a\000s\000s\000\040\000R\000e\000f\000e\000r\000e\000n\000c\000e}{chapter.5}% 111
\BOOKMARK [2][-]{subsection.5.14.1}{\376\377\0005\000.\0001\0004\000.\0001\000\040\000D\000e\000t\000a\000i\000l\000e\000d\000\040\000D\000e\000s\000c\000r\000i\000p\000t\000i\000o\000n}{section.5.14}% 112
\BOOKMARK [1][-]{section.5.15}{\376\377\0005\000.\0001\0005\000\040\000c\000o\000d\000a\000r\000.\000c\000h\000e\000e\000t\000a\000h\000.\000p\000a\000r\000a\000m\000e\000t\000e\000r\000s\000.\000P\000a\000r\000a\000m\000C\000o\000n\000f\000i\000g\000\040\000C\000l\000a\000s\000s\000\040\000R\000e\000f\000e\000r\000e\000n\000c\000e}{chapter.5}% 113
\BOOKMARK [2][-]{subsection.5.15.1}{\376\377\0005\000.\0001\0005\000.\0001\000\040\000D\000e\000t\000a\000i\000l\000e\000d\000\040\000D\000e\000s\000c\000r\000i\000p\000t\000i\000o\000n}{section.5.15}% 114
\BOOKMARK [1][-]{section.5.16}{\376\377\0005\000.\0001\0006\000\040\000c\000o\000d\000a\000r\000.\000c\000h\000e\000e\000t\000a\000h\000.\000p\000a\000r\000a\000m\000e\000t\000e\000r\000s\000.\000P\000a\000r\000a\000m\000E\000n\000v\000V\000a\000r\000\040\000C\000l\000a\000s\000s\000\040\000R\000e\000f\000e\000r\000e\000n\000c\000e}{chapter.5}% 115
\BOOKMARK [1][-]{section.5.17}{\376\377\0005\000.\0001\0007\000\040\000c\000o\000d\000a\000r\000.\000c\000h\000e\000e\000t\000a\000h\000.\000p\000a\000r\000a\000m\000e\000t\000e\000r\000s\000.\000P\000a\000r\000a\000m\000e\000t\000e\000r\000V\000a\000l\000u\000e\000\040\000C\000l\000a\000s\000s\000\040\000R\000e\000f\000e\000r\000e\000n\000c\000e}{chapter.5}% 116
\BOOKMARK [2][-]{subsection.5.17.1}{\376\377\0005\000.\0001\0007\000.\0001\000\040\000D\000e\000t\000a\000i\000l\000e\000d\000\040\000D\000e\000s\000c\000r\000i\000p\000t\000i\000o\000n}{section.5.17}% 117
\BOOKMARK [1][-]{section.5.18}{\376\377\0005\000.\0001\0008\000\040\000c\000o\000d\000a\000r\000.\000c\000h\000e\000e\000t\000a\000h\000.\000p\000a\000r\000a\000m\000e\000t\000e\000r\000s\000.\000P\000a\000r\000a\000m\000K\000e\000y\000V\000a\000l\000u\000e\000\040\000C\000l\000a\000s\000s\000\040\000R\000e\000f\000e\000r\000e\000n\000c\000e}{chapter.5}% 118
\BOOKMARK [2][-]{subsection.5.18.1}{\376\377\0005\000.\0001\0008\000.\0001\000\040\000D\000e\000t\000a\000i\000l\000e\000d\000\040\000D\000e\000s\000c\000r\000i\000p\000t\000i\000o\000n}{section.5.18}% 119
\BOOKMARK [1][-]{section.5.19}{\376\377\0005\000.\0001\0009\000\040\000c\000o\000d\000a\000r\000.\000c\000h\000e\000e\000t\000a\000h\000.\000p\000a\000r\000a\000m\000e\000t\000e\000r\000s\000.\000P\000a\000r\000a\000m\000R\000u\000n\000n\000e\000r\000\040\000C\000l\000a\000s\000s\000\040\000R\000e\000f\000e\000r\000e\000n\000c\000e}{chapter.5}% 120
\BOOKMARK [2][-]{subsection.5.19.1}{\376\377\0005\000.\0001\0009\000.\0001\000\040\000D\000e\000t\000a\000i\000l\000e\000d\000\040\000D\000e\000s\000c\000r\000i\000p\000t\000i\000o\000n}{section.5.19}% 121
\BOOKMARK [1][-]{section.5.20}{\376\377\0005\000.\0002\0000\000\040\000c\000o\000d\000a\000r\000.\000c\000h\000e\000e\000t\000a\000h\000.\000p\000a\000r\000a\000m\000e\000t\000e\000r\000s\000.\000P\000a\000r\000a\000m\000S\000c\000h\000e\000d\000u\000l\000e\000r\000A\000r\000g\000s\000\040\000C\000l\000a\000s\000s\000\040\000R\000e\000f\000e\000r\000e\000n\000c\000e}{chapter.5}% 122
\BOOKMARK [1][-]{section.5.21}{\376\377\0005\000.\0002\0001\000\040\000c\000o\000d\000a\000r\000.\000c\000h\000e\000e\000t\000a\000h\000.\000m\000o\000d\000e\000l\000.\000R\000u\000n\000\040\000C\000l\000a\000s\000s\000\040\000R\000e\000f\000e\000r\000e\000n\000c\000e}{chapter.5}% 123
\BOOKMARK [2][-]{subsection.5.21.1}{\376\377\0005\000.\0002\0001\000.\0001\000\040\000D\000e\000t\000a\000i\000l\000e\000d\000\040\000D\000e\000s\000c\000r\000i\000p\000t\000i\000o\000n}{section.5.21}% 124
\BOOKMARK [2][-]{subsection.5.21.2}{\376\377\0005\000.\0002\0001\000.\0002\000\040\000M\000e\000m\000b\000e\000r\000\040\000F\000u\000n\000c\000t\000i\000o\000n\000\040\000D\000o\000c\000u\000m\000e\000n\000t\000a\000t\000i\000o\000n}{section.5.21}% 125
\BOOKMARK [3][-]{subsubsection.5.21.2.1}{\376\377\0005\000.\0002\0001\000.\0002\000.\0001\000\040\000a\000d\000d\000\137\000d\000a\000t\000a\000s\000p\000a\000c\000e\000s\000\137\000s\000u\000p\000p\000o\000r\000t\000\050\000\051}{subsection.5.21.2}% 126
\BOOKMARK [3][-]{subsubsection.5.21.2.2}{\376\377\0005\000.\0002\0001\000.\0002\000.\0002\000\040\000g\000e\000t\000\137\000a\000p\000p\000\137\000p\000a\000r\000a\000m\000\137\000d\000i\000c\000t\000\050\000\051}{subsection.5.21.2}% 127
\BOOKMARK [3][-]{subsubsection.5.21.2.3}{\376\377\0005\000.\0002\0001\000.\0002\000.\0003\000\040\000i\000n\000s\000e\000r\000t\000\137\000s\000o\000s\000f\000l\000o\000w\000\050\000\051}{subsection.5.21.2}% 128
\BOOKMARK [1][-]{section.5.22}{\376\377\0005\000.\0002\0002\000\040\000c\000o\000d\000a\000r\000.\000c\000h\000e\000e\000t\000a\000h\000.\000m\000o\000d\000e\000l\000.\000R\000u\000n\000C\000o\000m\000p\000o\000n\000e\000n\000t\000\040\000C\000l\000a\000s\000s\000\040\000R\000e\000f\000e\000r\000e\000n\000c\000e}{chapter.5}% 129
\BOOKMARK [1][-]{section.5.23}{\376\377\0005\000.\0002\0003\000\040\000c\000o\000d\000a\000r\000.\000c\000h\000e\000e\000t\000a\000h\000.\000r\000u\000n\000n\000e\000r\000s\000.\000R\000u\000n\000n\000e\000r\000\040\000C\000l\000a\000s\000s\000\040\000R\000e\000f\000e\000r\000e\000n\000c\000e}{chapter.5}% 130
\BOOKMARK [2][-]{subsection.5.23.1}{\376\377\0005\000.\0002\0003\000.\0001\000\040\000M\000e\000m\000b\000e\000r\000\040\000F\000u\000n\000c\000t\000i\000o\000n\000\040\000D\000o\000c\000u\000m\000e\000n\000t\000a\000t\000i\000o\000n}{section.5.23}% 131
\BOOKMARK [3][-]{subsubsection.5.23.1.1}{\376\377\0005\000.\0002\0003\000.\0001\000.\0001\000\040\000w\000r\000a\000p\000\137\000a\000p\000p\000\137\000c\000o\000m\000m\000a\000n\000d\000\050\000\051}{subsection.5.23.1}% 132
\BOOKMARK [1][-]{section.5.24}{\376\377\0005\000.\0002\0004\000\040\000c\000o\000d\000a\000r\000.\000c\000h\000e\000e\000t\000a\000h\000.\000r\000u\000n\000n\000e\000r\000s\000.\000R\000u\000n\000n\000e\000r\000C\000r\000a\000y\000\040\000C\000l\000a\000s\000s\000\040\000R\000e\000f\000e\000r\000e\000n\000c\000e}{chapter.5}% 133
\BOOKMARK [2][-]{subsection.5.24.1}{\376\377\0005\000.\0002\0004\000.\0001\000\040\000M\000e\000m\000b\000e\000r\000\040\000F\000u\000n\000c\000t\000i\000o\000n\000\040\000D\000o\000c\000u\000m\000e\000n\000t\000a\000t\000i\000o\000n}{section.5.24}% 134
\BOOKMARK [3][-]{subsubsection.5.24.1.1}{\376\377\0005\000.\0002\0004\000.\0001\000.\0001\000\040\000w\000r\000a\000p\000\137\000a\000p\000p\000\137\000c\000o\000m\000m\000a\000n\000d\000\050\000\051}{subsection.5.24.1}% 135
\BOOKMARK [1][-]{section.5.25}{\376\377\0005\000.\0002\0005\000\040\000c\000o\000d\000a\000r\000.\000c\000h\000e\000e\000t\000a\000h\000.\000r\000u\000n\000n\000e\000r\000s\000.\000R\000u\000n\000n\000e\000r\000L\000o\000c\000a\000l\000\040\000C\000l\000a\000s\000s\000\040\000R\000e\000f\000e\000r\000e\000n\000c\000e}{chapter.5}% 136
\BOOKMARK [2][-]{subsection.5.25.1}{\376\377\0005\000.\0002\0005\000.\0001\000\040\000M\000e\000m\000b\000e\000r\000\040\000F\000u\000n\000c\000t\000i\000o\000n\000\040\000D\000o\000c\000u\000m\000e\000n\000t\000a\000t\000i\000o\000n}{section.5.25}% 137
\BOOKMARK [3][-]{subsubsection.5.25.1.1}{\376\377\0005\000.\0002\0005\000.\0001\000.\0001\000\040\000w\000r\000a\000p\000\137\000a\000p\000p\000\137\000c\000o\000m\000m\000a\000n\000d\000\050\000\051}{subsection.5.25.1}% 138
\BOOKMARK [1][-]{section.5.26}{\376\377\0005\000.\0002\0006\000\040\000c\000o\000d\000a\000r\000.\000c\000h\000e\000e\000t\000a\000h\000.\000p\000a\000r\000a\000m\000e\000t\000e\000r\000s\000.\000S\000u\000m\000m\000i\000t\000O\000p\000t\000s\000\040\000C\000l\000a\000s\000s\000\040\000R\000e\000f\000e\000r\000e\000n\000c\000e}{chapter.5}% 139
\BOOKMARK [1][-]{section.5.27}{\376\377\0005\000.\0002\0007\000\040\000c\000o\000d\000a\000r\000.\000c\000h\000e\000e\000t\000a\000h\000.\000p\000a\000r\000a\000m\000e\000t\000e\000r\000s\000.\000S\000w\000e\000e\000p\000\040\000C\000l\000a\000s\000s\000\040\000R\000e\000f\000e\000r\000e\000n\000c\000e}{chapter.5}% 140
\BOOKMARK [2][-]{subsection.5.27.1}{\376\377\0005\000.\0002\0007\000.\0001\000\040\000D\000e\000t\000a\000i\000l\000e\000d\000\040\000D\000e\000s\000c\000r\000i\000p\000t\000i\000o\000n}{section.5.27}% 141
\BOOKMARK [2][-]{subsection.5.27.2}{\376\377\0005\000.\0002\0007\000.\0002\000\040\000M\000e\000m\000b\000e\000r\000\040\000F\000u\000n\000c\000t\000i\000o\000n\000\040\000D\000o\000c\000u\000m\000e\000n\000t\000a\000t\000i\000o\000n}{section.5.27}% 142
\BOOKMARK [3][-]{subsubsection.5.27.2.1}{\376\377\0005\000.\0002\0007\000.\0002\000.\0001\000\040\000g\000e\000t\000\137\000i\000n\000s\000t\000a\000n\000c\000e\000s\000\050\000\051}{subsection.5.27.2}% 143
\BOOKMARK [1][-]{section.5.28}{\376\377\0005\000.\0002\0008\000\040\000c\000o\000d\000a\000r\000.\000c\000h\000e\000e\000t\000a\000h\000.\000p\000a\000r\000a\000m\000e\000t\000e\000r\000s\000.\000S\000w\000e\000e\000p\000G\000r\000o\000u\000p\000\040\000C\000l\000a\000s\000s\000\040\000R\000e\000f\000e\000r\000e\000n\000c\000e}{chapter.5}% 144
\BOOKMARK [2][-]{subsection.5.28.1}{\376\377\0005\000.\0002\0008\000.\0001\000\040\000D\000e\000t\000a\000i\000l\000e\000d\000\040\000D\000e\000s\000c\000r\000i\000p\000t\000i\000o\000n}{section.5.28}% 145
\BOOKMARK [1][-]{section.5.29}{\376\377\0005\000.\0002\0009\000\040\000c\000o\000d\000a\000r\000.\000c\000h\000e\000e\000t\000a\000h\000.\000p\000a\000r\000a\000m\000e\000t\000e\000r\000s\000.\000S\000y\000m\000L\000i\000n\000k\000\040\000C\000l\000a\000s\000s\000\040\000R\000e\000f\000e\000r\000e\000n\000c\000e}{chapter.5}% 146
\BOOKMARK [2][-]{subsection.5.29.1}{\376\377\0005\000.\0002\0009\000.\0001\000\040\000D\000e\000t\000a\000i\000l\000e\000d\000\040\000D\000e\000s\000c\000r\000i\000p\000t\000i\000o\000n}{section.5.29}% 147
\BOOKMARK [0][-]{section*.126}{\376\377\000I\000n\000d\000e\000x}{}% 148
