\BOOKMARK [0][-]{chapter.1}{\376\377\0001\000\040\000N\000a\000m\000e\000s\000p\000a\000c\000e\000\040\000I\000n\000d\000e\000x}{}% 1
\BOOKMARK [1][-]{section.1.1}{\376\377\0001\000.\0001\000\040\000N\000a\000m\000e\000s\000p\000a\000c\000e\000\040\000L\000i\000s\000t}{chapter.1}% 2
\BOOKMARK [0][-]{chapter.2}{\376\377\0002\000\040\000H\000i\000e\000r\000a\000r\000c\000h\000i\000c\000a\000l\000\040\000I\000n\000d\000e\000x}{}% 3
\BOOKMARK [1][-]{section.2.1}{\376\377\0002\000.\0001\000\040\000C\000l\000a\000s\000s\000\040\000H\000i\000e\000r\000a\000r\000c\000h\000y}{chapter.2}% 4
\BOOKMARK [0][-]{chapter.3}{\376\377\0003\000\040\000C\000l\000a\000s\000s\000\040\000I\000n\000d\000e\000x}{}% 5
\BOOKMARK [1][-]{section.3.1}{\376\377\0003\000.\0001\000\040\000C\000l\000a\000s\000s\000\040\000L\000i\000s\000t}{chapter.3}% 6
\BOOKMARK [0][-]{chapter.4}{\376\377\0004\000\040\000F\000i\000l\000e\000\040\000I\000n\000d\000e\000x}{}% 7
\BOOKMARK [1][-]{section.4.1}{\376\377\0004\000.\0001\000\040\000F\000i\000l\000e\000\040\000L\000i\000s\000t}{chapter.4}% 8
\BOOKMARK [0][-]{chapter.5}{\376\377\0005\000\040\000N\000a\000m\000e\000s\000p\000a\000c\000e\000\040\000D\000o\000c\000u\000m\000e\000n\000t\000a\000t\000i\000o\000n}{}% 9
\BOOKMARK [1][-]{section.5.1}{\376\377\0005\000.\0001\000\040\000c\000o\000d\000a\000r\000\040\000N\000a\000m\000e\000s\000p\000a\000c\000e\000\040\000R\000e\000f\000e\000r\000e\000n\000c\000e}{chapter.5}% 10
\BOOKMARK [1][-]{section.5.2}{\376\377\0005\000.\0002\000\040\000c\000o\000d\000a\000r\000.\000c\000h\000e\000e\000t\000a\000h\000\040\000N\000a\000m\000e\000s\000p\000a\000c\000e\000\040\000R\000e\000f\000e\000r\000e\000n\000c\000e}{chapter.5}% 11
\BOOKMARK [2][-]{subsection.5.2.1}{\376\377\0005\000.\0002\000.\0001\000\040\000D\000e\000t\000a\000i\000l\000e\000d\000\040\000D\000e\000s\000c\000r\000i\000p\000t\000i\000o\000n}{section.5.2}% 12
\BOOKMARK [1][-]{section.5.3}{\376\377\0005\000.\0003\000\040\000c\000o\000d\000a\000r\000.\000c\000h\000e\000e\000t\000a\000h\000.\000a\000d\000i\000o\000s\0002\000\137\000i\000n\000t\000e\000r\000f\000a\000c\000e\000\040\000N\000a\000m\000e\000s\000p\000a\000c\000e\000\040\000R\000e\000f\000e\000r\000e\000n\000c\000e}{chapter.5}% 13
\BOOKMARK [2][-]{subsection.5.3.1}{\376\377\0005\000.\0003\000.\0001\000\040\000D\000e\000t\000a\000i\000l\000e\000d\000\040\000D\000e\000s\000c\000r\000i\000p\000t\000i\000o\000n}{section.5.3}% 14
\BOOKMARK [2][-]{subsection.5.3.2}{\376\377\0005\000.\0003\000.\0002\000\040\000F\000u\000n\000c\000t\000i\000o\000n\000\040\000D\000o\000c\000u\000m\000e\000n\000t\000a\000t\000i\000o\000n}{section.5.3}% 15
\BOOKMARK [3][-]{subsubsection.5.3.2.1}{\376\377\0005\000.\0003\000.\0002\000.\0001\000\040\000g\000e\000t\000\137\000a\000d\000i\000o\000s\000\137\000v\000e\000r\000s\000i\000o\000n\000\050\000\051}{subsection.5.3.2}% 16
\BOOKMARK [3][-]{subsubsection.5.3.2.2}{\376\377\0005\000.\0003\000.\0002\000.\0002\000\040\000s\000e\000t\000\137\000e\000n\000g\000i\000n\000e\000\050\000\051}{subsection.5.3.2}% 17
\BOOKMARK [3][-]{subsubsection.5.3.2.3}{\376\377\0005\000.\0003\000.\0002\000.\0003\000\040\000s\000e\000t\000\137\000t\000r\000a\000n\000s\000p\000o\000r\000t\000\050\000\051}{subsection.5.3.2}% 18
\BOOKMARK [3][-]{subsubsection.5.3.2.4}{\376\377\0005\000.\0003\000.\0002\000.\0004\000\040\000s\000e\000t\000\137\000v\000a\000r\000\137\000o\000p\000e\000r\000a\000t\000i\000o\000n\000\050\000\051}{subsection.5.3.2}% 19
\BOOKMARK [1][-]{section.5.4}{\376\377\0005\000.\0004\000\040\000c\000o\000d\000a\000r\000.\000c\000h\000e\000e\000t\000a\000h\000.\000a\000d\000i\000o\000s\000\137\000p\000a\000r\000a\000m\000s\000\040\000N\000a\000m\000e\000s\000p\000a\000c\000e\000\040\000R\000e\000f\000e\000r\000e\000n\000c\000e}{chapter.5}% 20
\BOOKMARK [2][-]{subsection.5.4.1}{\376\377\0005\000.\0004\000.\0001\000\040\000D\000e\000t\000a\000i\000l\000e\000d\000\040\000D\000e\000s\000c\000r\000i\000p\000t\000i\000o\000n}{section.5.4}% 21
\BOOKMARK [2][-]{subsection.5.4.2}{\376\377\0005\000.\0004\000.\0002\000\040\000F\000u\000n\000c\000t\000i\000o\000n\000\040\000D\000o\000c\000u\000m\000e\000n\000t\000a\000t\000i\000o\000n}{section.5.4}% 22
\BOOKMARK [3][-]{subsubsection.5.4.2.1}{\376\377\0005\000.\0004\000.\0002\000.\0001\000\040\000a\000d\000i\000o\000s\000\137\000x\000m\000l\000\137\000t\000r\000a\000n\000s\000f\000o\000r\000m\000\050\000\051}{subsection.5.4.2}% 23
\BOOKMARK [3][-]{subsubsection.5.4.2.2}{\376\377\0005\000.\0004\000.\0002\000.\0002\000\040\000a\000d\000i\000o\000s\000\137\000x\000m\000l\000\137\000t\000r\000a\000n\000s\000p\000o\000r\000t\000\050\000\051}{subsection.5.4.2}% 24
\BOOKMARK [3][-]{subsubsection.5.4.2.3}{\376\377\0005\000.\0004\000.\0002\000.\0003\000\040\000x\000m\000l\000\137\000h\000a\000s\000\137\000t\000r\000a\000n\000s\000p\000o\000r\000t\000\050\000\051}{subsection.5.4.2}% 25
\BOOKMARK [1][-]{section.5.5}{\376\377\0005\000.\0005\000\040\000c\000o\000d\000a\000r\000.\000c\000h\000e\000e\000t\000a\000h\000.\000c\000o\000n\000f\000i\000g\000\040\000N\000a\000m\000e\000s\000p\000a\000c\000e\000\040\000R\000e\000f\000e\000r\000e\000n\000c\000e}{chapter.5}% 26
\BOOKMARK [2][-]{subsection.5.5.1}{\376\377\0005\000.\0005\000.\0001\000\040\000D\000e\000t\000a\000i\000l\000e\000d\000\040\000D\000e\000s\000c\000r\000i\000p\000t\000i\000o\000n}{section.5.5}% 27
\BOOKMARK [2][-]{subsection.5.5.2}{\376\377\0005\000.\0005\000.\0002\000\040\000F\000u\000n\000c\000t\000i\000o\000n\000\040\000D\000o\000c\000u\000m\000e\000n\000t\000a\000t\000i\000o\000n}{section.5.5}% 28
\BOOKMARK [3][-]{subsubsection.5.5.2.1}{\376\377\0005\000.\0005\000.\0002\000.\0001\000\040\000e\000t\000c\000\137\000p\000a\000t\000h\000\050\000\051}{subsection.5.5.2}% 29
\BOOKMARK [3][-]{subsubsection.5.5.2.2}{\376\377\0005\000.\0005\000.\0002\000.\0002\000\040\000g\000e\000t\000\137\000d\000a\000t\000a\000s\000p\000a\000c\000e\000s\000\137\000n\000u\000m\000\137\000s\000e\000r\000v\000e\000r\000s\000\050\000\051}{subsection.5.5.2}% 30
\BOOKMARK [3][-]{subsubsection.5.5.2.3}{\376\377\0005\000.\0005\000.\0002\000.\0003\000\040\000m\000a\000c\000h\000i\000n\000e\000\137\000s\000u\000b\000m\000i\000t\000\137\000e\000n\000v\000\137\000p\000a\000t\000h\000\050\000\051}{subsection.5.5.2}% 31
\BOOKMARK [3][-]{subsubsection.5.5.2.4}{\376\377\0005\000.\0005\000.\0002\000.\0004\000\040\000s\000c\000h\000e\000d\000u\000l\000e\000r\000\137\000p\000a\000t\000h\000\050\000\051}{subsection.5.5.2}% 32
\BOOKMARK [2][-]{subsection.5.5.3}{\376\377\0005\000.\0005\000.\0003\000\040\000V\000a\000r\000i\000a\000b\000l\000e\000\040\000D\000o\000c\000u\000m\000e\000n\000t\000a\000t\000i\000o\000n}{section.5.5}% 33
\BOOKMARK [3][-]{subsubsection.5.5.3.1}{\376\377\0005\000.\0005\000.\0003\000.\0001\000\040\000C\000H\000E\000E\000T\000A\000H\000\137\000P\000A\000T\000H\000\137\000M\000A\000C\000H\000I\000N\000E\000\137\000C\000O\000N\000F\000I\000G}{subsection.5.5.3}% 34
\BOOKMARK [3][-]{subsubsection.5.5.3.2}{\376\377\0005\000.\0005\000.\0003\000.\0002\000\040\000C\000H\000E\000E\000T\000A\000H\000\137\000P\000A\000T\000H\000\137\000S\000C\000H\000E\000D\000U\000L\000E\000R}{subsection.5.5.3}% 35
\BOOKMARK [3][-]{subsubsection.5.5.3.3}{\376\377\0005\000.\0005\000.\0003\000.\0003\000\040\000C\000O\000D\000A\000R\000\137\000P\000A\000T\000H}{subsection.5.5.3}% 36
\BOOKMARK [3][-]{subsubsection.5.5.3.4}{\376\377\0005\000.\0005\000.\0003\000.\0004\000\040\000D\000A\000T\000A\000\137\000P\000A\000T\000H}{subsection.5.5.3}% 37
\BOOKMARK [3][-]{subsubsection.5.5.3.5}{\376\377\0005\000.\0005\000.\0003\000.\0005\000\040\000P\000A\000C\000K\000A\000G\000E\000\137\000P\000A\000T\000H}{subsection.5.5.3}% 38
\BOOKMARK [3][-]{subsubsection.5.5.3.6}{\376\377\0005\000.\0005\000.\0003\000.\0006\000\040\000W\000O\000R\000K\000F\000L\000O\000W\000\137\000S\000C\000R\000I\000P\000T}{subsection.5.5.3}% 39
\BOOKMARK [1][-]{section.5.6}{\376\377\0005\000.\0006\000\040\000c\000o\000d\000a\000r\000.\000c\000h\000e\000e\000t\000a\000h\000.\000e\000x\000c\000\040\000N\000a\000m\000e\000s\000p\000a\000c\000e\000\040\000R\000e\000f\000e\000r\000e\000n\000c\000e}{chapter.5}% 40
\BOOKMARK [2][-]{subsection.5.6.1}{\376\377\0005\000.\0006\000.\0001\000\040\000D\000e\000t\000a\000i\000l\000e\000d\000\040\000D\000e\000s\000c\000r\000i\000p\000t\000i\000o\000n}{section.5.6}% 41
\BOOKMARK [1][-]{section.5.7}{\376\377\0005\000.\0007\000\040\000c\000o\000d\000a\000r\000.\000c\000h\000e\000e\000t\000a\000h\000.\000h\000e\000l\000p\000e\000r\000s\000\040\000N\000a\000m\000e\000s\000p\000a\000c\000e\000\040\000R\000e\000f\000e\000r\000e\000n\000c\000e}{chapter.5}% 42
\BOOKMARK [2][-]{subsection.5.7.1}{\376\377\0005\000.\0007\000.\0001\000\040\000F\000u\000n\000c\000t\000i\000o\000n\000\040\000D\000o\000c\000u\000m\000e\000n\000t\000a\000t\000i\000o\000n}{section.5.7}% 43
\BOOKMARK [3][-]{subsubsection.5.7.1.1}{\376\377\0005\000.\0007\000.\0001\000.\0001\000\040\000c\000o\000p\000y\000\137\000t\000o\000\137\000d\000i\000r\000\050\000\051}{subsection.5.7.1}% 44
\BOOKMARK [3][-]{subsubsection.5.7.1.2}{\376\377\0005\000.\0007\000.\0001\000.\0002\000\040\000c\000o\000p\000y\000\137\000t\000o\000\137\000p\000a\000t\000h\000\050\000\051}{subsection.5.7.1}% 45
\BOOKMARK [3][-]{subsubsection.5.7.1.3}{\376\377\0005\000.\0007\000.\0001\000.\0003\000\040\000c\000o\000p\000y\000t\000r\000e\000e\000\137\000t\000o\000\137\000d\000i\000r\000\050\000\051}{subsection.5.7.1}% 46
\BOOKMARK [3][-]{subsubsection.5.7.1.4}{\376\377\0005\000.\0007\000.\0001\000.\0004\000\040\000d\000i\000r\000\137\000s\000i\000z\000e\000\050\000\051}{subsection.5.7.1}% 47
\BOOKMARK [3][-]{subsubsection.5.7.1.5}{\376\377\0005\000.\0007\000.\0001\000.\0005\000\040\000g\000e\000t\000\137\000f\000i\000l\000e\000\137\000s\000i\000z\000e\000\050\000\051}{subsection.5.7.1}% 48
\BOOKMARK [3][-]{subsubsection.5.7.1.6}{\376\377\0005\000.\0007\000.\0001\000.\0006\000\040\000g\000e\000t\000\137\000i\000m\000m\000e\000d\000i\000a\000t\000e\000\137\000s\000u\000b\000d\000i\000r\000s\000\050\000\051}{subsection.5.7.1}% 49
\BOOKMARK [3][-]{subsubsection.5.7.1.7}{\376\377\0005\000.\0007\000.\0001\000.\0007\000\040\000i\000s\000\137\000c\000a\000m\000p\000a\000i\000g\000n\000\137\000d\000i\000r\000e\000c\000t\000o\000r\000y\000\050\000\051}{subsection.5.7.1}% 50
\BOOKMARK [3][-]{subsubsection.5.7.1.8}{\376\377\0005\000.\0007\000.\0001\000.\0008\000\040\000i\000s\000\137\000e\000x\000e\000c\000u\000t\000a\000b\000l\000e\000\050\000\051}{subsection.5.7.1}% 51
\BOOKMARK [3][-]{subsubsection.5.7.1.9}{\376\377\0005\000.\0007\000.\0001\000.\0009\000\040\000j\000s\000o\000n\000\137\000c\000o\000n\000f\000i\000g\000\137\000s\000e\000t\000\137\000o\000p\000t\000i\000o\000n\000\050\000\051}{subsection.5.7.1}% 52
\BOOKMARK [3][-]{subsubsection.5.7.1.10}{\376\377\0005\000.\0007\000.\0001\000.\0001\0000\000\040\000m\000a\000k\000e\000\137\000e\000x\000e\000c\000u\000t\000a\000b\000l\000e\000\050\000\051}{subsection.5.7.1}% 53
\BOOKMARK [3][-]{subsubsection.5.7.1.11}{\376\377\0005\000.\0007\000.\0001\000.\0001\0001\000\040\000p\000a\000r\000s\000e\000\137\000t\000i\000m\000e\000d\000e\000l\000t\000a\000\137\000s\000e\000c\000o\000n\000d\000s\000\050\000\051}{subsection.5.7.1}% 54
\BOOKMARK [3][-]{subsubsection.5.7.1.12}{\376\377\0005\000.\0007\000.\0001\000.\0001\0002\000\040\000r\000e\000l\000a\000t\000i\000v\000e\000\137\000o\000r\000\137\000a\000b\000s\000o\000l\000u\000t\000e\000\137\000p\000a\000t\000h\000\050\000\051}{subsection.5.7.1}% 55
\BOOKMARK [3][-]{subsubsection.5.7.1.13}{\376\377\0005\000.\0007\000.\0001\000.\0001\0003\000\040\000r\000e\000l\000a\000t\000i\000v\000e\000\137\000o\000r\000\137\000a\000b\000s\000o\000l\000u\000t\000e\000\137\000p\000a\000t\000h\000\137\000l\000i\000s\000t\000\050\000\051}{subsection.5.7.1}% 56
\BOOKMARK [3][-]{subsubsection.5.7.1.14}{\376\377\0005\000.\0007\000.\0001\000.\0001\0004\000\040\000r\000e\000q\000u\000i\000r\000e\000\137\000c\000a\000m\000p\000a\000i\000g\000n\000\137\000d\000i\000r\000e\000c\000t\000o\000r\000y\000\050\000\051}{subsection.5.7.1}% 57
\BOOKMARK [3][-]{subsubsection.5.7.1.15}{\376\377\0005\000.\0007\000.\0001\000.\0001\0005\000\040\000s\000w\000i\000f\000t\000\137\000e\000s\000c\000a\000p\000e\000\137\000s\000t\000r\000i\000n\000g\000\050\000\051}{subsection.5.7.1}% 58
\BOOKMARK [1][-]{section.5.8}{\376\377\0005\000.\0008\000\040\000c\000o\000d\000a\000r\000.\000c\000h\000e\000e\000t\000a\000h\000.\000l\000a\000u\000n\000c\000h\000e\000r\000s\000\040\000N\000a\000m\000e\000s\000p\000a\000c\000e\000\040\000R\000e\000f\000e\000r\000e\000n\000c\000e}{chapter.5}% 59
\BOOKMARK [2][-]{subsection.5.8.1}{\376\377\0005\000.\0008\000.\0001\000\040\000D\000e\000t\000a\000i\000l\000e\000d\000\040\000D\000e\000s\000c\000r\000i\000p\000t\000i\000o\000n}{section.5.8}% 60
\BOOKMARK [2][-]{subsection.5.8.2}{\376\377\0005\000.\0008\000.\0002\000\040\000V\000a\000r\000i\000a\000b\000l\000e\000\040\000D\000o\000c\000u\000m\000e\000n\000t\000a\000t\000i\000o\000n}{section.5.8}% 61
\BOOKMARK [3][-]{subsubsection.5.8.2.1}{\376\377\0005\000.\0008\000.\0002\000.\0001\000\040\000T\000A\000U\000\137\000P\000R\000O\000F\000I\000L\000E\000\137\000P\000A\000T\000T\000E\000R\000N}{subsection.5.8.2}% 62
\BOOKMARK [1][-]{section.5.9}{\376\377\0005\000.\0009\000\040\000c\000o\000d\000a\000r\000.\000c\000h\000e\000e\000t\000a\000h\000.\000l\000o\000a\000d\000e\000r\000\040\000N\000a\000m\000e\000s\000p\000a\000c\000e\000\040\000R\000e\000f\000e\000r\000e\000n\000c\000e}{chapter.5}% 63
\BOOKMARK [2][-]{subsection.5.9.1}{\376\377\0005\000.\0009\000.\0001\000\040\000D\000e\000t\000a\000i\000l\000e\000d\000\040\000D\000e\000s\000c\000r\000i\000p\000t\000i\000o\000n}{section.5.9}% 64
\BOOKMARK [2][-]{subsection.5.9.2}{\376\377\0005\000.\0009\000.\0002\000\040\000F\000u\000n\000c\000t\000i\000o\000n\000\040\000D\000o\000c\000u\000m\000e\000n\000t\000a\000t\000i\000o\000n}{section.5.9}% 65
\BOOKMARK [3][-]{subsubsection.5.9.2.1}{\376\377\0005\000.\0009\000.\0002\000.\0001\000\040\000l\000o\000a\000d\000\137\000e\000x\000p\000e\000r\000i\000m\000e\000n\000t\000\137\000c\000l\000a\000s\000s\000\050\000\051}{subsection.5.9.2}% 66
\BOOKMARK [1][-]{section.5.10}{\376\377\0005\000.\0001\0000\000\040\000c\000o\000d\000a\000r\000.\000c\000h\000e\000e\000t\000a\000h\000.\000m\000a\000c\000h\000i\000n\000e\000\137\000l\000a\000u\000n\000c\000h\000e\000r\000s\000\040\000N\000a\000m\000e\000s\000p\000a\000c\000e\000\040\000R\000e\000f\000e\000r\000e\000n\000c\000e}{chapter.5}% 67
\BOOKMARK [2][-]{subsection.5.10.1}{\376\377\0005\000.\0001\0000\000.\0001\000\040\000F\000u\000n\000c\000t\000i\000o\000n\000\040\000D\000o\000c\000u\000m\000e\000n\000t\000a\000t\000i\000o\000n}{section.5.10}% 68
\BOOKMARK [3][-]{subsubsection.5.10.1.1}{\376\377\0005\000.\0001\0000\000.\0001\000.\0001\000\040\000g\000e\000t\000\137\000l\000a\000u\000n\000c\000h\000e\000r\000\050\000\051}{subsection.5.10.1}% 69
\BOOKMARK [2][-]{subsection.5.10.2}{\376\377\0005\000.\0001\0000\000.\0002\000\040\000V\000a\000r\000i\000a\000b\000l\000e\000\040\000D\000o\000c\000u\000m\000e\000n\000t\000a\000t\000i\000o\000n}{section.5.10}% 70
\BOOKMARK [3][-]{subsubsection.5.10.2.1}{\376\377\0005\000.\0001\0000\000.\0002\000.\0001\000\040\000m\000a\000c\000h\000i\000n\000e\000\137\000l\000a\000u\000n\000c\000h\000e\000r\000s}{subsection.5.10.2}% 71
\BOOKMARK [1][-]{section.5.11}{\376\377\0005\000.\0001\0001\000\040\000c\000o\000d\000a\000r\000.\000c\000h\000e\000e\000t\000a\000h\000.\000m\000o\000d\000e\000l\000\040\000N\000a\000m\000e\000s\000p\000a\000c\000e\000\040\000R\000e\000f\000e\000r\000e\000n\000c\000e}{chapter.5}% 72
\BOOKMARK [2][-]{subsection.5.11.1}{\376\377\0005\000.\0001\0001\000.\0001\000\040\000D\000e\000t\000a\000i\000l\000e\000d\000\040\000D\000e\000s\000c\000r\000i\000p\000t\000i\000o\000n}{section.5.11}% 73
\BOOKMARK [2][-]{subsection.5.11.2}{\376\377\0005\000.\0001\0001\000.\0002\000\040\000V\000a\000r\000i\000a\000b\000l\000e\000\040\000D\000o\000c\000u\000m\000e\000n\000t\000a\000t\000i\000o\000n}{section.5.11}% 74
\BOOKMARK [3][-]{subsubsection.5.11.2.1}{\376\377\0005\000.\0001\0001\000.\0002\000.\0001\000\040\000R\000E\000S\000E\000R\000V\000E\000D\000\137\000C\000O\000D\000E\000\137\000N\000A\000M\000E\000S}{subsection.5.11.2}% 75
\BOOKMARK [1][-]{section.5.12}{\376\377\0005\000.\0001\0002\000\040\000c\000o\000d\000a\000r\000.\000c\000h\000e\000e\000t\000a\000h\000.\000p\000a\000r\000a\000m\000e\000t\000e\000r\000s\000\040\000N\000a\000m\000e\000s\000p\000a\000c\000e\000\040\000R\000e\000f\000e\000r\000e\000n\000c\000e}{chapter.5}% 76
\BOOKMARK [2][-]{subsection.5.12.1}{\376\377\0005\000.\0001\0002\000.\0001\000\040\000D\000e\000t\000a\000i\000l\000e\000d\000\040\000D\000e\000s\000c\000r\000i\000p\000t\000i\000o\000n}{section.5.12}% 77
\BOOKMARK [1][-]{section.5.13}{\376\377\0005\000.\0001\0003\000\040\000c\000o\000d\000a\000r\000.\000c\000h\000e\000e\000t\000a\000h\000.\000p\000b\000s\000\040\000N\000a\000m\000e\000s\000p\000a\000c\000e\000\040\000R\000e\000f\000e\000r\000e\000n\000c\000e}{chapter.5}% 78
\BOOKMARK [2][-]{subsection.5.13.1}{\376\377\0005\000.\0001\0003\000.\0001\000\040\000D\000e\000t\000a\000i\000l\000e\000d\000\040\000D\000e\000s\000c\000r\000i\000p\000t\000i\000o\000n}{section.5.13}% 79
\BOOKMARK [2][-]{subsection.5.13.2}{\376\377\0005\000.\0001\0003\000.\0002\000\040\000F\000u\000n\000c\000t\000i\000o\000n\000\040\000D\000o\000c\000u\000m\000e\000n\000t\000a\000t\000i\000o\000n}{section.5.13}% 80
\BOOKMARK [3][-]{subsubsection.5.13.2.1}{\376\377\0005\000.\0001\0003\000.\0002\000.\0001\000\040\000o\000p\000e\000n\000\137\000p\000b\000s\000\137\000f\000i\000l\000e\000\050\000\051}{subsection.5.13.2}% 81
\BOOKMARK [3][-]{subsubsection.5.13.2.2}{\376\377\0005\000.\0001\0003\000.\0002\000.\0002\000\040\000w\000r\000i\000t\000e\000\137\000r\000u\000n\000\137\000s\000c\000r\000i\000p\000t\000\050\000\051}{subsection.5.13.2}% 82
\BOOKMARK [2][-]{subsection.5.13.3}{\376\377\0005\000.\0001\0003\000.\0003\000\040\000V\000a\000r\000i\000a\000b\000l\000e\000\040\000D\000o\000c\000u\000m\000e\000n\000t\000a\000t\000i\000o\000n}{section.5.13}% 83
\BOOKMARK [3][-]{subsubsection.5.13.3.1}{\376\377\0005\000.\0001\0003\000.\0003\000.\0001\000\040\000P\000B\000S\000\137\000F\000O\000R\000M\000A\000T\000\137\000T\000E\000M\000P\000L\000A\000T\000E}{subsection.5.13.3}% 84
\BOOKMARK [3][-]{subsubsection.5.13.3.2}{\376\377\0005\000.\0001\0003\000.\0003\000.\0002\000\040\000P\000B\000S\000\137\000N\000A\000M\000E}{subsection.5.13.3}% 85
\BOOKMARK [3][-]{subsubsection.5.13.3.3}{\376\377\0005\000.\0001\0003\000.\0003\000.\0003\000\040\000S\000U\000B\000M\000I\000T\000\137\000F\000O\000R\000M\000A\000T\000\137\000T\000E\000M\000P\000L\000A\000T\000E}{subsection.5.13.3}% 86
\BOOKMARK [1][-]{section.5.14}{\376\377\0005\000.\0001\0004\000\040\000c\000o\000d\000a\000r\000.\000c\000h\000e\000e\000t\000a\000h\000.\000r\000e\000p\000o\000r\000t\000\137\000g\000e\000n\000e\000r\000a\000t\000o\000r\000\040\000N\000a\000m\000e\000s\000p\000a\000c\000e\000\040\000R\000e\000f\000e\000r\000e\000n\000c\000e}{chapter.5}% 87
\BOOKMARK [2][-]{subsection.5.14.1}{\376\377\0005\000.\0001\0004\000.\0001\000\040\000D\000e\000t\000a\000i\000l\000e\000d\000\040\000D\000e\000s\000c\000r\000i\000p\000t\000i\000o\000n}{section.5.14}% 88
\BOOKMARK [2][-]{subsection.5.14.2}{\376\377\0005\000.\0001\0004\000.\0002\000\040\000F\000u\000n\000c\000t\000i\000o\000n\000\040\000D\000o\000c\000u\000m\000e\000n\000t\000a\000t\000i\000o\000n}{section.5.14}% 89
\BOOKMARK [3][-]{subsubsection.5.14.2.1}{\376\377\0005\000.\0001\0004\000.\0002\000.\0001\000\040\000g\000e\000n\000e\000r\000a\000t\000e\000\137\000r\000e\000p\000o\000r\000t\000\050\000\051}{subsection.5.14.2}% 90
\BOOKMARK [1][-]{section.5.15}{\376\377\0005\000.\0001\0005\000\040\000c\000o\000d\000a\000r\000.\000c\000h\000e\000e\000t\000a\000h\000.\000r\000u\000n\000n\000e\000r\000s\000\040\000N\000a\000m\000e\000s\000p\000a\000c\000e\000\040\000R\000e\000f\000e\000r\000e\000n\000c\000e}{chapter.5}% 91
\BOOKMARK [2][-]{subsection.5.15.1}{\376\377\0005\000.\0001\0005\000.\0001\000\040\000D\000e\000t\000a\000i\000l\000e\000d\000\040\000D\000e\000s\000c\000r\000i\000p\000t\000i\000o\000n}{section.5.15}% 92
\BOOKMARK [1][-]{section.5.16}{\376\377\0005\000.\0001\0006\000\040\000c\000o\000d\000a\000r\000.\000c\000h\000e\000e\000t\000a\000h\000.\000s\000t\000a\000t\000u\000s\000\040\000N\000a\000m\000e\000s\000p\000a\000c\000e\000\040\000R\000e\000f\000e\000r\000e\000n\000c\000e}{chapter.5}% 93
\BOOKMARK [2][-]{subsection.5.16.1}{\376\377\0005\000.\0001\0006\000.\0001\000\040\000D\000e\000t\000a\000i\000l\000e\000d\000\040\000D\000e\000s\000c\000r\000i\000p\000t\000i\000o\000n}{section.5.16}% 94
\BOOKMARK [2][-]{subsection.5.16.2}{\376\377\0005\000.\0001\0006\000.\0002\000\040\000F\000u\000n\000c\000t\000i\000o\000n\000\040\000D\000o\000c\000u\000m\000e\000n\000t\000a\000t\000i\000o\000n}{section.5.16}% 95
\BOOKMARK [3][-]{subsubsection.5.16.2.1}{\376\377\0005\000.\0001\0006\000.\0002\000.\0001\000\040\000g\000e\000t\000\137\000w\000o\000r\000k\000f\000l\000o\000w\000\137\000s\000t\000a\000t\000u\000s\000\050\000\051}{subsection.5.16.2}% 96
\BOOKMARK [3][-]{subsubsection.5.16.2.2}{\376\377\0005\000.\0001\0006\000.\0002\000.\0002\000\040\000p\000r\000i\000n\000t\000\137\000c\000a\000m\000p\000a\000i\000g\000n\000\137\000s\000t\000a\000t\000u\000s\000\050\000\051}{subsection.5.16.2}% 97
\BOOKMARK [1][-]{section.5.17}{\376\377\0005\000.\0001\0007\000\040\000c\000o\000d\000a\000r\000.\000c\000h\000e\000e\000t\000a\000h\000.\000t\000e\000m\000p\000l\000a\000t\000e\000s\000\040\000N\000a\000m\000e\000s\000p\000a\000c\000e\000\040\000R\000e\000f\000e\000r\000e\000n\000c\000e}{chapter.5}% 98
\BOOKMARK [2][-]{subsection.5.17.1}{\376\377\0005\000.\0001\0007\000.\0001\000\040\000D\000e\000t\000a\000i\000l\000e\000d\000\040\000D\000e\000s\000c\000r\000i\000p\000t\000i\000o\000n}{section.5.17}% 99
\BOOKMARK [2][-]{subsection.5.17.2}{\376\377\0005\000.\0001\0007\000.\0002\000\040\000V\000a\000r\000i\000a\000b\000l\000e\000\040\000D\000o\000c\000u\000m\000e\000n\000t\000a\000t\000i\000o\000n}{section.5.17}% 100
\BOOKMARK [3][-]{subsubsection.5.17.2.1}{\376\377\0005\000.\0001\0007\000.\0002\000.\0001\000\040\000C\000A\000M\000P\000A\000I\000G\000N\000\137\000E\000N\000V\000\137\000T\000E\000M\000P\000L\000A\000T\000E}{subsection.5.17.2}% 101
\BOOKMARK [3][-]{subsubsection.5.17.2.2}{\376\377\0005\000.\0001\0007\000.\0002\000.\0002\000\040\000G\000R\000O\000U\000P\000\137\000E\000N\000V\000\137\000T\000E\000M\000P\000L\000A\000T\000E}{subsection.5.17.2}% 102
\BOOKMARK [0][-]{chapter.6}{\376\377\0006\000\040\000C\000l\000a\000s\000s\000\040\000D\000o\000c\000u\000m\000e\000n\000t\000a\000t\000i\000o\000n}{}% 103
\BOOKMARK [1][-]{section.6.1}{\376\377\0006\000.\0001\000\040\000c\000o\000d\000a\000r\000.\000c\000h\000e\000e\000t\000a\000h\000.\000r\000e\000p\000o\000r\000t\000\137\000g\000e\000n\000e\000r\000a\000t\000o\000r\000.\000\137\000R\000e\000p\000o\000r\000t\000G\000e\000n\000e\000r\000a\000t\000o\000r\000\040\000C\000l\000a\000s\000s\000\040\000R\000e\000f\000e\000r\000e\000n\000c\000e}{chapter.6}% 104
\BOOKMARK [2][-]{subsection.6.1.1}{\376\377\0006\000.\0001\000.\0001\000\040\000D\000e\000t\000a\000i\000l\000e\000d\000\040\000D\000e\000s\000c\000r\000i\000p\000t\000i\000o\000n}{section.6.1}% 105
\BOOKMARK [2][-]{subsection.6.1.2}{\376\377\0006\000.\0001\000.\0002\000\040\000C\000o\000n\000s\000t\000r\000u\000c\000t\000o\000r\000\040\000\046\000\040\000D\000e\000s\000t\000r\000u\000c\000t\000o\000r\000\040\000D\000o\000c\000u\000m\000e\000n\000t\000a\000t\000i\000o\000n}{section.6.1}% 106
\BOOKMARK [3][-]{subsubsection.6.1.2.1}{\376\377\0006\000.\0001\000.\0002\000.\0001\000\040\000\137\000\137\000i\000n\000i\000t\000\137\000\137\000\050\000\051}{subsection.6.1.2}% 107
\BOOKMARK [2][-]{subsection.6.1.3}{\376\377\0006\000.\0001\000.\0003\000\040\000M\000e\000m\000b\000e\000r\000\040\000F\000u\000n\000c\000t\000i\000o\000n\000\040\000D\000o\000c\000u\000m\000e\000n\000t\000a\000t\000i\000o\000n}{section.6.1}% 108
\BOOKMARK [3][-]{subsubsection.6.1.3.1}{\376\377\0006\000.\0001\000.\0003\000.\0001\000\040\000p\000a\000r\000s\000e\000\137\000c\000a\000m\000p\000a\000i\000g\000n\000\050\000\051}{subsection.6.1.3}% 109
\BOOKMARK [3][-]{subsubsection.6.1.3.2}{\376\377\0006\000.\0001\000.\0003\000.\0002\000\040\000p\000a\000r\000s\000e\000\137\000r\000u\000n\000\137\000d\000i\000r\000\050\000\051}{subsection.6.1.3}% 110
\BOOKMARK [3][-]{subsubsection.6.1.3.3}{\376\377\0006\000.\0001\000.\0003\000.\0003\000\040\000p\000a\000r\000s\000e\000\137\000s\000w\000e\000e\000p\000\137\000g\000r\000o\000u\000p\000\050\000\051}{subsection.6.1.3}% 111
\BOOKMARK [3][-]{subsubsection.6.1.3.4}{\376\377\0006\000.\0001\000.\0003\000.\0004\000\040\000p\000a\000r\000s\000e\000\137\000u\000s\000e\000r\000\137\000c\000a\000m\000p\000a\000i\000g\000n\000s\000\050\000\051}{subsection.6.1.3}% 112
\BOOKMARK [3][-]{subsubsection.6.1.3.5}{\376\377\0006\000.\0001\000.\0003\000.\0005\000\040\000w\000r\000i\000t\000e\000\137\000o\000u\000t\000p\000u\000t\000\050\000\051}{subsection.6.1.3}% 113
\BOOKMARK [2][-]{subsection.6.1.4}{\376\377\0006\000.\0001\000.\0004\000\040\000M\000e\000m\000b\000e\000r\000\040\000D\000a\000t\000a\000\040\000D\000o\000c\000u\000m\000e\000n\000t\000a\000t\000i\000o\000n}{section.6.1}% 114
\BOOKMARK [3][-]{subsubsection.6.1.4.1}{\376\377\0006\000.\0001\000.\0004\000.\0001\000\040\000c\000a\000m\000p\000a\000i\000g\000n\000\137\000d\000i\000r\000e\000c\000t\000o\000r\000y}{subsection.6.1.4}% 115
\BOOKMARK [3][-]{subsubsection.6.1.4.2}{\376\377\0006\000.\0001\000.\0004\000.\0002\000\040\000c\000u\000r\000r\000e\000n\000t\000\137\000c\000a\000m\000p\000a\000i\000g\000n\000\137\000u\000s\000e\000r}{subsection.6.1.4}% 116
\BOOKMARK [3][-]{subsubsection.6.1.4.3}{\376\377\0006\000.\0001\000.\0004\000.\0003\000\040\000o\000u\000t\000p\000u\000t\000\137\000f\000i\000l\000e\000n\000a\000m\000e}{subsection.6.1.4}% 117
\BOOKMARK [3][-]{subsubsection.6.1.4.4}{\376\377\0006\000.\0001\000.\0004\000.\0004\000\040\000p\000a\000r\000s\000e\000d\000\137\000r\000u\000n\000s}{subsection.6.1.4}% 118
\BOOKMARK [3][-]{subsubsection.6.1.4.5}{\376\377\0006\000.\0001\000.\0004\000.\0005\000\040\000r\000u\000n\000\137\000s\000t\000a\000t\000u\000s}{subsection.6.1.4}% 119
\BOOKMARK [3][-]{subsubsection.6.1.4.6}{\376\377\0006\000.\0001\000.\0004\000.\0006\000\040\000u\000n\000i\000q\000u\000e\000\137\000k\000e\000y\000s}{subsection.6.1.4}% 120
\BOOKMARK [3][-]{subsubsection.6.1.4.7}{\376\377\0006\000.\0001\000.\0004\000.\0007\000\040\000u\000s\000e\000r\000\137\000r\000u\000n\000\137\000s\000c\000r\000i\000p\000t}{subsection.6.1.4}% 121
\BOOKMARK [1][-]{section.6.2}{\376\377\0006\000.\0002\000\040\000c\000o\000d\000a\000r\000.\000c\000h\000e\000e\000t\000a\000h\000.\000r\000e\000p\000o\000r\000t\000\137\000g\000e\000n\000e\000r\000a\000t\000o\000r\000.\000\137\000R\000u\000n\000P\000a\000r\000s\000e\000r\000\040\000C\000l\000a\000s\000s\000\040\000R\000e\000f\000e\000r\000e\000n\000c\000e}{chapter.6}% 122
\BOOKMARK [2][-]{subsection.6.2.1}{\376\377\0006\000.\0002\000.\0001\000\040\000D\000e\000t\000a\000i\000l\000e\000d\000\040\000D\000e\000s\000c\000r\000i\000p\000t\000i\000o\000n}{section.6.2}% 123
\BOOKMARK [2][-]{subsection.6.2.2}{\376\377\0006\000.\0002\000.\0002\000\040\000C\000o\000n\000s\000t\000r\000u\000c\000t\000o\000r\000\040\000\046\000\040\000D\000e\000s\000t\000r\000u\000c\000t\000o\000r\000\040\000D\000o\000c\000u\000m\000e\000n\000t\000a\000t\000i\000o\000n}{section.6.2}% 124
\BOOKMARK [3][-]{subsubsection.6.2.2.1}{\376\377\0006\000.\0002\000.\0002\000.\0001\000\040\000\137\000\137\000i\000n\000i\000t\000\137\000\137\000\050\000\051}{subsection.6.2.2}% 125
\BOOKMARK [2][-]{subsection.6.2.3}{\376\377\0006\000.\0002\000.\0003\000\040\000M\000e\000m\000b\000e\000r\000\040\000F\000u\000n\000c\000t\000i\000o\000n\000\040\000D\000o\000c\000u\000m\000e\000n\000t\000a\000t\000i\000o\000n}{section.6.2}% 126
\BOOKMARK [3][-]{subsubsection.6.2.3.1}{\376\377\0006\000.\0002\000.\0003\000.\0001\000\040\000e\000x\000e\000c\000u\000t\000e\000\137\000u\000s\000e\000r\000\137\000r\000u\000n\000\137\000s\000c\000r\000i\000p\000t\000\050\000\051}{subsection.6.2.3}% 127
\BOOKMARK [3][-]{subsubsection.6.2.3.2}{\376\377\0006\000.\0002\000.\0003\000.\0002\000\040\000g\000e\000t\000\137\000c\000h\000e\000e\000t\000a\000h\000\137\000p\000e\000r\000f\000\137\000d\000a\000t\000a\000\050\000\051}{subsection.6.2.3}% 128
\BOOKMARK [3][-]{subsubsection.6.2.3.3}{\376\377\0006\000.\0002\000.\0003\000.\0003\000\040\000g\000e\000t\000\137\000r\000c\000\137\000n\000a\000m\000e\000s\000\050\000\051}{subsection.6.2.3}% 129
\BOOKMARK [3][-]{subsubsection.6.2.3.4}{\376\377\0006\000.\0002\000.\0003\000.\0004\000\040\000g\000e\000t\000\137\000r\000u\000n\000\137\000p\000a\000r\000a\000m\000s\000\050\000\051}{subsection.6.2.3}% 130
\BOOKMARK [3][-]{subsubsection.6.2.3.5}{\376\377\0006\000.\0002\000.\0003\000.\0005\000\040\000r\000e\000a\000d\000\137\000a\000d\000i\000o\000s\000\137\000o\000u\000t\000p\000u\000t\000\137\000f\000i\000l\000e\000\137\000s\000i\000z\000e\000s\000\050\000\051}{subsection.6.2.3}% 131
\BOOKMARK [3][-]{subsubsection.6.2.3.6}{\376\377\0006\000.\0002\000.\0003\000.\0006\000\040\000r\000e\000a\000d\000\137\000f\000o\000b\000\137\000j\000s\000o\000n\000\050\000\051}{subsection.6.2.3}% 132
\BOOKMARK [3][-]{subsubsection.6.2.3.7}{\376\377\0006\000.\0002\000.\0003\000.\0007\000\040\000r\000e\000a\000d\000\137\000n\000o\000d\000e\000\137\000l\000a\000y\000o\000u\000t\000\050\000\051}{subsection.6.2.3}% 133
\BOOKMARK [3][-]{subsubsection.6.2.3.8}{\376\377\0006\000.\0002\000.\0003\000.\0008\000\040\000r\000e\000a\000d\000\137\000s\000o\000s\000\137\000p\000e\000r\000f\000\137\000d\000a\000t\000a\000\050\000\051}{subsection.6.2.3}% 134
\BOOKMARK [3][-]{subsubsection.6.2.3.9}{\376\377\0006\000.\0002\000.\0003\000.\0009\000\040\000s\000e\000r\000i\000a\000l\000i\000z\000e\000\137\000p\000a\000r\000a\000m\000s\000\137\000n\000e\000s\000t\000e\000d\000\137\000d\000i\000c\000t\000\050\000\051}{subsection.6.2.3}% 135
\BOOKMARK [3][-]{subsubsection.6.2.3.10}{\376\377\0006\000.\0002\000.\0003\000.\0001\0000\000\040\000v\000e\000r\000i\000f\000y\000\137\000r\000u\000n\000\137\000s\000u\000c\000c\000e\000s\000s\000f\000u\000l\000\050\000\051}{subsection.6.2.3}% 136
\BOOKMARK [2][-]{subsection.6.2.4}{\376\377\0006\000.\0002\000.\0004\000\040\000M\000e\000m\000b\000e\000r\000\040\000D\000a\000t\000a\000\040\000D\000o\000c\000u\000m\000e\000n\000t\000a\000t\000i\000o\000n}{section.6.2}% 137
\BOOKMARK [3][-]{subsubsection.6.2.4.1}{\376\377\0006\000.\0002\000.\0004\000.\0001\000\040\000e\000x\000i\000t\000\137\000s\000t\000a\000t\000u\000s}{subsection.6.2.4}% 138
\BOOKMARK [3][-]{subsubsection.6.2.4.2}{\376\377\0006\000.\0002\000.\0004\000.\0002\000\040\000f\000o\000b\000\137\000d\000i\000c\000t}{subsection.6.2.4}% 139
\BOOKMARK [3][-]{subsubsection.6.2.4.3}{\376\377\0006\000.\0002\000.\0004\000.\0003\000\040\000r\000c\000\137\000n\000a\000m\000e\000\137\000e\000x\000e}{subsection.6.2.4}% 140
\BOOKMARK [3][-]{subsubsection.6.2.4.4}{\376\377\0006\000.\0002\000.\0004\000.\0004\000\040\000r\000c\000\137\000n\000a\000m\000e\000s}{subsection.6.2.4}% 141
\BOOKMARK [3][-]{subsubsection.6.2.4.5}{\376\377\0006\000.\0002\000.\0004\000.\0005\000\040\000r\000c\000\137\000w\000o\000r\000k\000i\000n\000g\000\137\000d\000i\000r}{subsection.6.2.4}% 142
\BOOKMARK [3][-]{subsubsection.6.2.4.6}{\376\377\0006\000.\0002\000.\0004\000.\0006\000\040\000r\000u\000n\000\137\000d\000i\000r}{subsection.6.2.4}% 143
\BOOKMARK [3][-]{subsubsection.6.2.4.7}{\376\377\0006\000.\0002\000.\0004\000.\0007\000\040\000s\000e\000r\000i\000a\000l\000i\000z\000e\000d\000\137\000r\000u\000n\000\137\000p\000a\000r\000a\000m\000s}{subsection.6.2.4}% 144
\BOOKMARK [3][-]{subsubsection.6.2.4.8}{\376\377\0006\000.\0002\000.\0004\000.\0008\000\040\000u\000s\000e\000r\000\137\000r\000u\000n\000\137\000s\000c\000r\000i\000p\000t}{subsection.6.2.4}% 145
\BOOKMARK [1][-]{section.6.3}{\376\377\0006\000.\0003\000\040\000c\000o\000d\000a\000r\000.\000c\000h\000e\000e\000t\000a\000h\000.\000m\000o\000d\000e\000l\000.\000C\000a\000m\000p\000a\000i\000g\000n\000\040\000C\000l\000a\000s\000s\000\040\000R\000e\000f\000e\000r\000e\000n\000c\000e}{chapter.6}% 146
\BOOKMARK [2][-]{subsection.6.3.1}{\376\377\0006\000.\0003\000.\0001\000\040\000D\000e\000t\000a\000i\000l\000e\000d\000\040\000D\000e\000s\000c\000r\000i\000p\000t\000i\000o\000n}{section.6.3}% 147
\BOOKMARK [2][-]{subsection.6.3.2}{\376\377\0006\000.\0003\000.\0002\000\040\000C\000o\000n\000s\000t\000r\000u\000c\000t\000o\000r\000\040\000\046\000\040\000D\000e\000s\000t\000r\000u\000c\000t\000o\000r\000\040\000D\000o\000c\000u\000m\000e\000n\000t\000a\000t\000i\000o\000n}{section.6.3}% 148
\BOOKMARK [3][-]{subsubsection.6.3.2.1}{\376\377\0006\000.\0003\000.\0002\000.\0001\000\040\000\137\000\137\000i\000n\000i\000t\000\137\000\137\000\050\000\051}{subsection.6.3.2}% 149
\BOOKMARK [2][-]{subsection.6.3.3}{\376\377\0006\000.\0003\000.\0003\000\040\000M\000e\000m\000b\000e\000r\000\040\000F\000u\000n\000c\000t\000i\000o\000n\000\040\000D\000o\000c\000u\000m\000e\000n\000t\000a\000t\000i\000o\000n}{section.6.3}% 150
\BOOKMARK [3][-]{subsubsection.6.3.3.1}{\376\377\0006\000.\0003\000.\0003\000.\0001\000\040\000m\000a\000k\000e\000\137\000e\000x\000p\000e\000r\000i\000m\000e\000n\000t\000\137\000r\000u\000n\000\137\000d\000i\000r\000\050\000\051}{subsection.6.3.3}% 151
\BOOKMARK [2][-]{subsection.6.3.4}{\376\377\0006\000.\0003\000.\0004\000\040\000M\000e\000m\000b\000e\000r\000\040\000D\000a\000t\000a\000\040\000D\000o\000c\000u\000m\000e\000n\000t\000a\000t\000i\000o\000n}{section.6.3}% 152
\BOOKMARK [3][-]{subsubsection.6.3.4.1}{\376\377\0006\000.\0003\000.\0004\000.\0001\000\040\000a\000p\000p\000\137\000c\000o\000n\000f\000i\000g\000\137\000s\000c\000r\000i\000p\000t\000s}{subsection.6.3.4}% 153
\BOOKMARK [3][-]{subsubsection.6.3.4.2}{\376\377\0006\000.\0003\000.\0004\000.\0002\000\040\000a\000p\000p\000\137\000d\000i\000r}{subsection.6.3.4}% 154
\BOOKMARK [3][-]{subsubsection.6.3.4.3}{\376\377\0006\000.\0003\000.\0004\000.\0003\000\040\000c\000o\000d\000e\000s\000\040\000[\0001\000/\0002\000]}{subsection.6.3.4}% 155
\BOOKMARK [3][-]{subsubsection.6.3.4.4}{\376\377\0006\000.\0003\000.\0004\000.\0004\000\040\000c\000o\000d\000e\000s\000\040\000[\0002\000/\0002\000]}{subsection.6.3.4}% 156
\BOOKMARK [3][-]{subsubsection.6.3.4.5}{\376\377\0006\000.\0003\000.\0004\000.\0005\000\040\000i\000n\000p\000u\000t\000s\000\040\000[\0001\000/\0002\000]}{subsection.6.3.4}% 157
\BOOKMARK [3][-]{subsubsection.6.3.4.6}{\376\377\0006\000.\0003\000.\0004\000.\0006\000\040\000i\000n\000p\000u\000t\000s\000\040\000[\0002\000/\0002\000]}{subsection.6.3.4}% 158
\BOOKMARK [3][-]{subsubsection.6.3.4.7}{\376\377\0006\000.\0003\000.\0004\000.\0007\000\040\000k\000i\000l\000l\000\137\000o\000n\000\137\000p\000a\000r\000t\000i\000a\000l\000\137\000f\000a\000i\000l\000u\000r\000e}{subsection.6.3.4}% 159
\BOOKMARK [3][-]{subsubsection.6.3.4.8}{\376\377\0006\000.\0003\000.\0004\000.\0008\000\040\000m\000a\000c\000h\000i\000n\000e}{subsection.6.3.4}% 160
\BOOKMARK [3][-]{subsubsection.6.3.4.9}{\376\377\0006\000.\0003\000.\0004\000.\0009\000\040\000m\000a\000c\000h\000i\000n\000e\000\137\000a\000p\000p\000\137\000c\000o\000n\000f\000i\000g\000\137\000s\000c\000r\000i\000p\000t}{subsection.6.3.4}% 161
\BOOKMARK [3][-]{subsubsection.6.3.4.10}{\376\377\0006\000.\0003\000.\0004\000.\0001\0000\000\040\000m\000a\000c\000h\000i\000n\000e\000\137\000s\000c\000h\000e\000d\000u\000l\000e\000r\000\137\000o\000p\000t\000i\000o\000n\000s}{subsection.6.3.4}% 162
\BOOKMARK [3][-]{subsubsection.6.3.4.11}{\376\377\0006\000.\0003\000.\0004\000.\0001\0001\000\040\000n\000a\000m\000e}{subsection.6.3.4}% 163
\BOOKMARK [3][-]{subsubsection.6.3.4.12}{\376\377\0006\000.\0003\000.\0004\000.\0001\0002\000\040\000p\000o\000s\000t\000\137\000p\000r\000o\000c\000e\000s\000s\000\137\000s\000c\000r\000i\000p\000t}{subsection.6.3.4}% 164
\BOOKMARK [3][-]{subsubsection.6.3.4.13}{\376\377\0006\000.\0003\000.\0004\000.\0001\0003\000\040\000p\000y\000t\000h\000o\000n\000\137\000p\000a\000t\000h}{subsection.6.3.4}% 165
\BOOKMARK [3][-]{subsubsection.6.3.4.14}{\376\377\0006\000.\0003\000.\0004\000.\0001\0004\000\040\000r\000u\000n\000\137\000d\000i\000r\000\137\000s\000e\000t\000u\000p\000\137\000s\000c\000r\000i\000p\000t}{subsection.6.3.4}% 166
\BOOKMARK [3][-]{subsubsection.6.3.4.15}{\376\377\0006\000.\0003\000.\0004\000.\0001\0005\000\040\000r\000u\000n\000\137\000p\000o\000s\000t\000\137\000p\000r\000o\000c\000e\000s\000s\000\137\000s\000c\000r\000i\000p\000t}{subsection.6.3.4}% 167
\BOOKMARK [3][-]{subsubsection.6.3.4.16}{\376\377\0006\000.\0003\000.\0004\000.\0001\0006\000\040\000r\000u\000n\000\137\000p\000o\000s\000t\000\137\000p\000r\000o\000c\000e\000s\000s\000\137\000s\000t\000o\000p\000\137\000g\000r\000o\000u\000p\000\137\000o\000n\000\137\000f\000a\000i\000l\000u\000r\000e}{subsection.6.3.4}% 168
\BOOKMARK [3][-]{subsubsection.6.3.4.17}{\376\377\0006\000.\0003\000.\0004\000.\0001\0007\000\040\000r\000u\000n\000s}{subsection.6.3.4}% 169
\BOOKMARK [3][-]{subsubsection.6.3.4.18}{\376\377\0006\000.\0003\000.\0004\000.\0001\0008\000\040\000s\000c\000h\000e\000d\000u\000l\000e\000r\000\137\000o\000p\000t\000i\000o\000n\000s}{subsection.6.3.4}% 170
\BOOKMARK [3][-]{subsubsection.6.3.4.19}{\376\377\0006\000.\0003\000.\0004\000.\0001\0009\000\040\000s\000o\000s\000\137\000a\000n\000a\000l\000y\000s\000i\000s\000\137\000p\000a\000t\000h}{subsection.6.3.4}% 171
\BOOKMARK [3][-]{subsubsection.6.3.4.20}{\376\377\0006\000.\0003\000.\0004\000.\0002\0000\000\040\000s\000o\000s\000d\000\137\000n\000u\000m\000\137\000a\000g\000g\000r\000e\000g\000a\000t\000o\000r\000s}{subsection.6.3.4}% 172
\BOOKMARK [3][-]{subsubsection.6.3.4.21}{\376\377\0006\000.\0003\000.\0004\000.\0002\0001\000\040\000s\000o\000s\000d\000\137\000p\000a\000t\000h}{subsection.6.3.4}% 173
\BOOKMARK [3][-]{subsubsection.6.3.4.22}{\376\377\0006\000.\0003\000.\0004\000.\0002\0002\000\040\000s\000u\000p\000p\000o\000r\000t\000e\000d\000\137\000m\000a\000c\000h\000i\000n\000e\000s}{subsection.6.3.4}% 174
\BOOKMARK [3][-]{subsubsection.6.3.4.23}{\376\377\0006\000.\0003\000.\0004\000.\0002\0003\000\040\000s\000w\000e\000e\000p\000s}{subsection.6.3.4}% 175
\BOOKMARK [3][-]{subsubsection.6.3.4.24}{\376\377\0006\000.\0003\000.\0004\000.\0002\0004\000\040\000t\000a\000u\000\137\000c\000o\000n\000f\000i\000g}{subsection.6.3.4}% 176
\BOOKMARK [3][-]{subsubsection.6.3.4.25}{\376\377\0006\000.\0003\000.\0004\000.\0002\0005\000\040\000u\000m\000a\000s\000k}{subsection.6.3.4}% 177
\BOOKMARK [1][-]{section.6.4}{\376\377\0006\000.\0004\000\040\000c\000o\000d\000a\000r\000.\000c\000h\000e\000e\000t\000a\000h\000.\000e\000x\000c\000.\000C\000a\000m\000p\000a\000i\000g\000n\000P\000a\000r\000s\000e\000E\000r\000r\000o\000r\000\040\000C\000l\000a\000s\000s\000\040\000R\000e\000f\000e\000r\000e\000n\000c\000e}{chapter.6}% 178
\BOOKMARK [2][-]{subsection.6.4.1}{\376\377\0006\000.\0004\000.\0001\000\040\000D\000e\000t\000a\000i\000l\000e\000d\000\040\000D\000e\000s\000c\000r\000i\000p\000t\000i\000o\000n}{section.6.4}% 179
\BOOKMARK [1][-]{section.6.5}{\376\377\0006\000.\0005\000\040\000c\000o\000d\000a\000r\000.\000c\000h\000e\000e\000t\000a\000h\000.\000e\000x\000c\000.\000C\000h\000e\000e\000t\000a\000h\000E\000x\000c\000e\000p\000t\000i\000o\000n\000\040\000C\000l\000a\000s\000s\000\040\000R\000e\000f\000e\000r\000e\000n\000c\000e}{chapter.6}% 180
\BOOKMARK [2][-]{subsection.6.5.1}{\376\377\0006\000.\0005\000.\0001\000\040\000D\000e\000t\000a\000i\000l\000e\000d\000\040\000D\000e\000s\000c\000r\000i\000p\000t\000i\000o\000n}{section.6.5}% 181
\BOOKMARK [1][-]{section.6.6}{\376\377\0006\000.\0006\000\040\000c\000o\000d\000a\000r\000.\000c\000h\000e\000e\000t\000a\000h\000.\000p\000a\000r\000a\000m\000e\000t\000e\000r\000s\000.\000C\000o\000d\000e\000C\000o\000m\000m\000a\000n\000d\000\040\000C\000l\000a\000s\000s\000\040\000R\000e\000f\000e\000r\000e\000n\000c\000e}{chapter.6}% 182
\BOOKMARK [2][-]{subsection.6.6.1}{\376\377\0006\000.\0006\000.\0001\000\040\000D\000e\000t\000a\000i\000l\000e\000d\000\040\000D\000e\000s\000c\000r\000i\000p\000t\000i\000o\000n}{section.6.6}% 183
\BOOKMARK [2][-]{subsection.6.6.2}{\376\377\0006\000.\0006\000.\0002\000\040\000C\000o\000n\000s\000t\000r\000u\000c\000t\000o\000r\000\040\000\046\000\040\000D\000e\000s\000t\000r\000u\000c\000t\000o\000r\000\040\000D\000o\000c\000u\000m\000e\000n\000t\000a\000t\000i\000o\000n}{section.6.6}% 184
\BOOKMARK [3][-]{subsubsection.6.6.2.1}{\376\377\0006\000.\0006\000.\0002\000.\0001\000\040\000\137\000\137\000i\000n\000i\000t\000\137\000\137\000\050\000\051}{subsection.6.6.2}% 185
\BOOKMARK [2][-]{subsection.6.6.3}{\376\377\0006\000.\0006\000.\0003\000\040\000M\000e\000m\000b\000e\000r\000\040\000F\000u\000n\000c\000t\000i\000o\000n\000\040\000D\000o\000c\000u\000m\000e\000n\000t\000a\000t\000i\000o\000n}{section.6.6}% 186
\BOOKMARK [3][-]{subsubsection.6.6.3.1}{\376\377\0006\000.\0006\000.\0003\000.\0001\000\040\000a\000d\000d\000\137\000a\000r\000g\000\050\000\051}{subsection.6.6.3}% 187
\BOOKMARK [3][-]{subsubsection.6.6.3.2}{\376\377\0006\000.\0006\000.\0003\000.\0002\000\040\000a\000d\000d\000\137\000o\000p\000t\000i\000o\000n\000\050\000\051}{subsection.6.6.3}% 188
\BOOKMARK [3][-]{subsubsection.6.6.3.3}{\376\377\0006\000.\0006\000.\0003\000.\0003\000\040\000g\000e\000t\000\137\000a\000r\000g\000v\000\050\000\051}{subsection.6.6.3}% 189
\BOOKMARK [2][-]{subsection.6.6.4}{\376\377\0006\000.\0006\000.\0004\000\040\000M\000e\000m\000b\000e\000r\000\040\000D\000a\000t\000a\000\040\000D\000o\000c\000u\000m\000e\000n\000t\000a\000t\000i\000o\000n}{section.6.6}% 190
\BOOKMARK [3][-]{subsubsection.6.6.4.1}{\376\377\0006\000.\0006\000.\0004\000.\0001\000\040\000a\000r\000g\000s}{subsection.6.6.4}% 191
\BOOKMARK [3][-]{subsubsection.6.6.4.2}{\376\377\0006\000.\0006\000.\0004\000.\0002\000\040\000o\000p\000t\000i\000o\000n\000s}{subsection.6.6.4}% 192
\BOOKMARK [3][-]{subsubsection.6.6.4.3}{\376\377\0006\000.\0006\000.\0004\000.\0003\000\040\000t\000a\000r\000g\000e\000t}{subsection.6.6.4}% 193
\BOOKMARK [1][-]{section.6.7}{\376\377\0006\000.\0007\000\040\000c\000o\000d\000a\000r\000.\000c\000h\000e\000e\000t\000a\000h\000.\000p\000a\000r\000a\000m\000e\000t\000e\000r\000s\000.\000I\000n\000s\000t\000a\000n\000c\000e\000\040\000C\000l\000a\000s\000s\000\040\000R\000e\000f\000e\000r\000e\000n\000c\000e}{chapter.6}% 194
\BOOKMARK [2][-]{subsection.6.7.1}{\376\377\0006\000.\0007\000.\0001\000\040\000D\000e\000t\000a\000i\000l\000e\000d\000\040\000D\000e\000s\000c\000r\000i\000p\000t\000i\000o\000n}{section.6.7}% 195
\BOOKMARK [2][-]{subsection.6.7.2}{\376\377\0006\000.\0007\000.\0002\000\040\000C\000o\000n\000s\000t\000r\000u\000c\000t\000o\000r\000\040\000\046\000\040\000D\000e\000s\000t\000r\000u\000c\000t\000o\000r\000\040\000D\000o\000c\000u\000m\000e\000n\000t\000a\000t\000i\000o\000n}{section.6.7}% 196
\BOOKMARK [3][-]{subsubsection.6.7.2.1}{\376\377\0006\000.\0007\000.\0002\000.\0001\000\040\000\137\000\137\000i\000n\000i\000t\000\137\000\137\000\050\000\051}{subsection.6.7.2}% 197
\BOOKMARK [2][-]{subsection.6.7.3}{\376\377\0006\000.\0007\000.\0003\000\040\000M\000e\000m\000b\000e\000r\000\040\000F\000u\000n\000c\000t\000i\000o\000n\000\040\000D\000o\000c\000u\000m\000e\000n\000t\000a\000t\000i\000o\000n}{section.6.7}% 198
\BOOKMARK [3][-]{subsubsection.6.7.3.1}{\376\377\0006\000.\0007\000.\0003\000.\0001\000\040\000a\000d\000d\000\137\000p\000a\000r\000a\000m\000e\000t\000e\000r\000\050\000\051}{subsection.6.7.3}% 199
\BOOKMARK [3][-]{subsubsection.6.7.3.2}{\376\377\0006\000.\0007\000.\0003\000.\0002\000\040\000a\000s\000\137\000d\000i\000c\000t\000\050\000\051}{subsection.6.7.3}% 200
\BOOKMARK [3][-]{subsubsection.6.7.3.3}{\376\377\0006\000.\0007\000.\0003\000.\0003\000\040\000a\000s\000\137\000s\000t\000r\000i\000n\000g\000\050\000\051}{subsection.6.7.3}% 201
\BOOKMARK [3][-]{subsubsection.6.7.3.4}{\376\377\0006\000.\0007\000.\0003\000.\0004\000\040\000c\000o\000d\000e\000\137\000c\000o\000m\000m\000a\000n\000d\000s\000\050\000\051}{subsection.6.7.3}% 202
\BOOKMARK [3][-]{subsubsection.6.7.3.5}{\376\377\0006\000.\0007\000.\0003\000.\0005\000\040\000g\000e\000t\000\137\000c\000o\000d\000e\000s\000\137\000a\000r\000g\000v\000\050\000\051}{subsection.6.7.3}% 203
\BOOKMARK [3][-]{subsubsection.6.7.3.6}{\376\377\0006\000.\0007\000.\0003\000.\0006\000\040\000g\000e\000t\000\137\000h\000o\000s\000t\000f\000i\000l\000e\000\050\000\051}{subsection.6.7.3}% 204
\BOOKMARK [3][-]{subsubsection.6.7.3.7}{\376\377\0006\000.\0007\000.\0003\000.\0007\000\040\000g\000e\000t\000\137\000n\000p\000r\000o\000c\000s\000\050\000\051}{subsection.6.7.3}% 205
\BOOKMARK [3][-]{subsubsection.6.7.3.8}{\376\377\0006\000.\0007\000.\0003\000.\0008\000\040\000g\000e\000t\000\137\000p\000a\000r\000a\000m\000e\000t\000e\000r\000\137\000v\000a\000l\000u\000e\000s\000\137\000b\000y\000\137\000t\000y\000p\000e\000\050\000\051}{subsection.6.7.3}% 206
\BOOKMARK [3][-]{subsubsection.6.7.3.9}{\376\377\0006\000.\0007\000.\0003\000.\0009\000\040\000g\000e\000t\000\137\000s\000c\000h\000e\000d\000\137\000o\000p\000t\000s\000\050\000\051}{subsection.6.7.3}% 207
\BOOKMARK [3][-]{subsubsection.6.7.3.10}{\376\377\0006\000.\0007\000.\0003\000.\0001\0000\000\040\000p\000a\000r\000a\000m\000e\000t\000e\000r\000\137\000v\000a\000l\000u\000e\000s\000\050\000\051}{subsection.6.7.3}% 208
\BOOKMARK [1][-]{section.6.8}{\376\377\0006\000.\0008\000\040\000c\000o\000d\000a\000r\000.\000c\000h\000e\000e\000t\000a\000h\000.\000l\000a\000u\000n\000c\000h\000e\000r\000s\000.\000L\000a\000u\000n\000c\000h\000e\000r\000\040\000C\000l\000a\000s\000s\000\040\000R\000e\000f\000e\000r\000e\000n\000c\000e}{chapter.6}% 209
\BOOKMARK [2][-]{subsection.6.8.1}{\376\377\0006\000.\0008\000.\0001\000\040\000D\000e\000t\000a\000i\000l\000e\000d\000\040\000D\000e\000s\000c\000r\000i\000p\000t\000i\000o\000n}{section.6.8}% 210
\BOOKMARK [2][-]{subsection.6.8.2}{\376\377\0006\000.\0008\000.\0002\000\040\000C\000o\000n\000s\000t\000r\000u\000c\000t\000o\000r\000\040\000\046\000\040\000D\000e\000s\000t\000r\000u\000c\000t\000o\000r\000\040\000D\000o\000c\000u\000m\000e\000n\000t\000a\000t\000i\000o\000n}{section.6.8}% 211
\BOOKMARK [3][-]{subsubsection.6.8.2.1}{\376\377\0006\000.\0008\000.\0002\000.\0001\000\040\000\137\000\137\000i\000n\000i\000t\000\137\000\137\000\050\000\051}{subsection.6.8.2}% 212
\BOOKMARK [2][-]{subsection.6.8.3}{\376\377\0006\000.\0008\000.\0003\000\040\000M\000e\000m\000b\000e\000r\000\040\000F\000u\000n\000c\000t\000i\000o\000n\000\040\000D\000o\000c\000u\000m\000e\000n\000t\000a\000t\000i\000o\000n}{section.6.8}% 213
\BOOKMARK [3][-]{subsubsection.6.8.3.1}{\376\377\0006\000.\0008\000.\0003\000.\0001\000\040\000c\000r\000e\000a\000t\000e\000\137\000g\000r\000o\000u\000p\000\137\000d\000i\000r\000e\000c\000t\000o\000r\000y\000\050\000\051}{subsection.6.8.3}% 214
\BOOKMARK [3][-]{subsubsection.6.8.3.2}{\376\377\0006\000.\0008\000.\0003\000.\0002\000\040\000r\000e\000a\000d\000\137\000j\000o\000b\000i\000d\000\050\000\051}{subsection.6.8.3}% 215
\BOOKMARK [2][-]{subsection.6.8.4}{\376\377\0006\000.\0008\000.\0004\000\040\000M\000e\000m\000b\000e\000r\000\040\000D\000a\000t\000a\000\040\000D\000o\000c\000u\000m\000e\000n\000t\000a\000t\000i\000o\000n}{section.6.8}% 216
\BOOKMARK [3][-]{subsubsection.6.8.4.1}{\376\377\0006\000.\0008\000.\0004\000.\0001\000\040\000b\000a\000t\000c\000h\000\137\000s\000c\000r\000i\000p\000t\000\137\000n\000a\000m\000e}{subsection.6.8.4}% 217
\BOOKMARK [3][-]{subsubsection.6.8.4.2}{\376\377\0006\000.\0008\000.\0004\000.\0002\000\040\000b\000a\000t\000c\000h\000\137\000w\000a\000l\000l\000t\000i\000m\000e\000\137\000n\000a\000m\000e}{subsection.6.8.4}% 218
\BOOKMARK [3][-]{subsubsection.6.8.4.3}{\376\377\0006\000.\0008\000.\0004\000.\0003\000\040\000j\000o\000b\000i\000d\000\137\000f\000i\000l\000e\000\137\000n\000a\000m\000e}{subsection.6.8.4}% 219
\BOOKMARK [3][-]{subsubsection.6.8.4.4}{\376\377\0006\000.\0008\000.\0004\000.\0004\000\040\000m\000a\000c\000h\000i\000n\000e\000\137\000n\000a\000m\000e}{subsection.6.8.4}% 220
\BOOKMARK [3][-]{subsubsection.6.8.4.5}{\376\377\0006\000.\0008\000.\0004\000.\0005\000\040\000n\000a\000m\000e}{subsection.6.8.4}% 221
\BOOKMARK [3][-]{subsubsection.6.8.4.6}{\376\377\0006\000.\0008\000.\0004\000.\0006\000\040\000n\000u\000m\000\137\000c\000o\000d\000e\000s}{subsection.6.8.4}% 222
\BOOKMARK [3][-]{subsubsection.6.8.4.7}{\376\377\0006\000.\0008\000.\0004\000.\0007\000\040\000o\000u\000t\000p\000u\000t\000\137\000d\000i\000r\000e\000c\000t\000o\000r\000y}{subsection.6.8.4}% 223
\BOOKMARK [3][-]{subsubsection.6.8.4.8}{\376\377\0006\000.\0008\000.\0004\000.\0008\000\040\000r\000u\000n\000\137\000c\000o\000m\000m\000a\000n\000d\000\137\000n\000a\000m\000e}{subsection.6.8.4}% 224
\BOOKMARK [3][-]{subsubsection.6.8.4.9}{\376\377\0006\000.\0008\000.\0004\000.\0009\000\040\000r\000u\000n\000\137\000j\000s\000o\000n\000\137\000n\000a\000m\000e}{subsection.6.8.4}% 225
\BOOKMARK [3][-]{subsubsection.6.8.4.10}{\376\377\0006\000.\0008\000.\0004\000.\0001\0000\000\040\000r\000u\000n\000\137\000o\000u\000t\000\137\000n\000a\000m\000e}{subsection.6.8.4}% 226
\BOOKMARK [3][-]{subsubsection.6.8.4.11}{\376\377\0006\000.\0008\000.\0004\000.\0001\0001\000\040\000r\000u\000n\000n\000e\000r\000\137\000n\000a\000m\000e}{subsection.6.8.4}% 227
\BOOKMARK [3][-]{subsubsection.6.8.4.12}{\376\377\0006\000.\0008\000.\0004\000.\0001\0002\000\040\000s\000c\000h\000e\000d\000u\000l\000e\000r\000\137\000n\000a\000m\000e}{subsection.6.8.4}% 228
\BOOKMARK [3][-]{subsubsection.6.8.4.13}{\376\377\0006\000.\0008\000.\0004\000.\0001\0003\000\040\000s\000t\000a\000t\000u\000s\000\137\000s\000c\000r\000i\000p\000t\000\137\000n\000a\000m\000e}{subsection.6.8.4}% 229
\BOOKMARK [3][-]{subsubsection.6.8.4.14}{\376\377\0006\000.\0008\000.\0004\000.\0001\0004\000\040\000s\000u\000b\000m\000i\000t\000\137\000o\000u\000t\000\137\000n\000a\000m\000e}{subsection.6.8.4}% 230
\BOOKMARK [3][-]{subsubsection.6.8.4.15}{\376\377\0006\000.\0008\000.\0004\000.\0001\0005\000\040\000s\000u\000b\000m\000i\000t\000\137\000s\000c\000r\000i\000p\000t\000\137\000n\000a\000m\000e}{subsection.6.8.4}% 231
\BOOKMARK [3][-]{subsubsection.6.8.4.16}{\376\377\0006\000.\0008\000.\0004\000.\0001\0006\000\040\000w\000a\000i\000t\000\137\000s\000c\000r\000i\000p\000t\000\137\000n\000a\000m\000e}{subsection.6.8.4}% 232
\BOOKMARK [1][-]{section.6.9}{\376\377\0006\000.\0009\000\040\000c\000o\000d\000a\000r\000.\000c\000h\000e\000e\000t\000a\000h\000.\000e\000x\000c\000.\000M\000a\000c\000h\000i\000n\000e\000N\000o\000t\000F\000o\000u\000n\000d\000\040\000C\000l\000a\000s\000s\000\040\000R\000e\000f\000e\000r\000e\000n\000c\000e}{chapter.6}% 233
\BOOKMARK [2][-]{subsection.6.9.1}{\376\377\0006\000.\0009\000.\0001\000\040\000D\000e\000t\000a\000i\000l\000e\000d\000\040\000D\000e\000s\000c\000r\000i\000p\000t\000i\000o\000n}{section.6.9}% 234
\BOOKMARK [2][-]{subsection.6.9.2}{\376\377\0006\000.\0009\000.\0002\000\040\000C\000o\000n\000s\000t\000r\000u\000c\000t\000o\000r\000\040\000\046\000\040\000D\000e\000s\000t\000r\000u\000c\000t\000o\000r\000\040\000D\000o\000c\000u\000m\000e\000n\000t\000a\000t\000i\000o\000n}{section.6.9}% 235
\BOOKMARK [3][-]{subsubsection.6.9.2.1}{\376\377\0006\000.\0009\000.\0002\000.\0001\000\040\000\137\000\137\000i\000n\000i\000t\000\137\000\137\000\050\000\051}{subsection.6.9.2}% 236
\BOOKMARK [1][-]{section.6.10}{\376\377\0006\000.\0001\0000\000\040\000c\000o\000d\000a\000r\000.\000c\000h\000e\000e\000t\000a\000h\000.\000p\000a\000r\000a\000m\000e\000t\000e\000r\000s\000.\000P\000a\000r\000a\000m\000\040\000C\000l\000a\000s\000s\000\040\000R\000e\000f\000e\000r\000e\000n\000c\000e}{chapter.6}% 237
\BOOKMARK [2][-]{subsection.6.10.1}{\376\377\0006\000.\0001\0000\000.\0001\000\040\000D\000e\000t\000a\000i\000l\000e\000d\000\040\000D\000e\000s\000c\000r\000i\000p\000t\000i\000o\000n}{section.6.10}% 238
\BOOKMARK [2][-]{subsection.6.10.2}{\376\377\0006\000.\0001\0000\000.\0002\000\040\000C\000o\000n\000s\000t\000r\000u\000c\000t\000o\000r\000\040\000\046\000\040\000D\000e\000s\000t\000r\000u\000c\000t\000o\000r\000\040\000D\000o\000c\000u\000m\000e\000n\000t\000a\000t\000i\000o\000n}{section.6.10}% 239
\BOOKMARK [3][-]{subsubsection.6.10.2.1}{\376\377\0006\000.\0001\0000\000.\0002\000.\0001\000\040\000\137\000\137\000i\000n\000i\000t\000\137\000\137\000\050\000\051}{subsection.6.10.2}% 240
\BOOKMARK [2][-]{subsection.6.10.3}{\376\377\0006\000.\0001\0000\000.\0003\000\040\000M\000e\000m\000b\000e\000r\000\040\000F\000u\000n\000c\000t\000i\000o\000n\000\040\000D\000o\000c\000u\000m\000e\000n\000t\000a\000t\000i\000o\000n}{section.6.10}% 241
\BOOKMARK [3][-]{subsubsection.6.10.3.1}{\376\377\0006\000.\0001\0000\000.\0003\000.\0001\000\040\000\137\000\137\000g\000e\000t\000\137\000\137\000\050\000\051}{subsection.6.10.3}% 242
\BOOKMARK [3][-]{subsubsection.6.10.3.2}{\376\377\0006\000.\0001\0000\000.\0003\000.\0002\000\040\000\137\000\137\000l\000e\000n\000\137\000\137\000\050\000\051}{subsection.6.10.3}% 243
\BOOKMARK [2][-]{subsection.6.10.4}{\376\377\0006\000.\0001\0000\000.\0004\000\040\000M\000e\000m\000b\000e\000r\000\040\000D\000a\000t\000a\000\040\000D\000o\000c\000u\000m\000e\000n\000t\000a\000t\000i\000o\000n}{section.6.10}% 244
\BOOKMARK [3][-]{subsubsection.6.10.4.1}{\376\377\0006\000.\0001\0000\000.\0004\000.\0001\000\040\000n\000a\000m\000e}{subsection.6.10.4}% 245
\BOOKMARK [3][-]{subsubsection.6.10.4.2}{\376\377\0006\000.\0001\0000\000.\0004\000.\0002\000\040\000t\000a\000r\000g\000e\000t}{subsection.6.10.4}% 246
\BOOKMARK [3][-]{subsubsection.6.10.4.3}{\376\377\0006\000.\0001\0000\000.\0004\000.\0003\000\040\000v\000a\000l\000u\000e\000s}{subsection.6.10.4}% 247
\BOOKMARK [1][-]{section.6.11}{\376\377\0006\000.\0001\0001\000\040\000c\000o\000d\000a\000r\000.\000c\000h\000e\000e\000t\000a\000h\000.\000p\000a\000r\000a\000m\000e\000t\000e\000r\000s\000.\000P\000a\000r\000a\000m\000A\000D\000I\000O\000S\0002\000X\000M\000L\000\040\000C\000l\000a\000s\000s\000\040\000R\000e\000f\000e\000r\000e\000n\000c\000e}{chapter.6}% 248
\BOOKMARK [2][-]{subsection.6.11.1}{\376\377\0006\000.\0001\0001\000.\0001\000\040\000D\000e\000t\000a\000i\000l\000e\000d\000\040\000D\000e\000s\000c\000r\000i\000p\000t\000i\000o\000n}{section.6.11}% 249
\BOOKMARK [2][-]{subsection.6.11.2}{\376\377\0006\000.\0001\0001\000.\0002\000\040\000C\000o\000n\000s\000t\000r\000u\000c\000t\000o\000r\000\040\000\046\000\040\000D\000e\000s\000t\000r\000u\000c\000t\000o\000r\000\040\000D\000o\000c\000u\000m\000e\000n\000t\000a\000t\000i\000o\000n}{section.6.11}% 250
\BOOKMARK [3][-]{subsubsection.6.11.2.1}{\376\377\0006\000.\0001\0001\000.\0002\000.\0001\000\040\000\137\000\137\000i\000n\000i\000t\000\137\000\137\000\050\000\051}{subsection.6.11.2}% 251
\BOOKMARK [2][-]{subsection.6.11.3}{\376\377\0006\000.\0001\0001\000.\0003\000\040\000M\000e\000m\000b\000e\000r\000\040\000D\000a\000t\000a\000\040\000D\000o\000c\000u\000m\000e\000n\000t\000a\000t\000i\000o\000n}{section.6.11}% 252
\BOOKMARK [3][-]{subsubsection.6.11.3.1}{\376\377\0006\000.\0001\0001\000.\0003\000.\0001\000\040\000i\000o\000\137\000n\000a\000m\000e}{subsection.6.11.3}% 253
\BOOKMARK [3][-]{subsubsection.6.11.3.2}{\376\377\0006\000.\0001\0001\000.\0003\000.\0002\000\040\000o\000p\000e\000r\000a\000t\000i\000o\000n\000\137\000n\000a\000m\000e}{subsection.6.11.3}% 254
\BOOKMARK [3][-]{subsubsection.6.11.3.3}{\376\377\0006\000.\0001\0001\000.\0003\000.\0003\000\040\000r\000c}{subsection.6.11.3}% 255
\BOOKMARK [3][-]{subsubsection.6.11.3.4}{\376\377\0006\000.\0001\0001\000.\0003\000.\0004\000\040\000v\000a\000l\000u\000e\000s}{subsection.6.11.3}% 256
\BOOKMARK [1][-]{section.6.12}{\376\377\0006\000.\0001\0002\000\040\000c\000o\000d\000a\000r\000.\000c\000h\000e\000e\000t\000a\000h\000.\000p\000a\000r\000a\000m\000e\000t\000e\000r\000s\000.\000P\000a\000r\000a\000m\000A\000d\000i\000o\000s\000X\000M\000L\000\040\000C\000l\000a\000s\000s\000\040\000R\000e\000f\000e\000r\000e\000n\000c\000e}{chapter.6}% 257
\BOOKMARK [2][-]{subsection.6.12.1}{\376\377\0006\000.\0001\0002\000.\0001\000\040\000D\000e\000t\000a\000i\000l\000e\000d\000\040\000D\000e\000s\000c\000r\000i\000p\000t\000i\000o\000n}{section.6.12}% 258
\BOOKMARK [2][-]{subsection.6.12.2}{\376\377\0006\000.\0001\0002\000.\0002\000\040\000C\000o\000n\000s\000t\000r\000u\000c\000t\000o\000r\000\040\000\046\000\040\000D\000e\000s\000t\000r\000u\000c\000t\000o\000r\000\040\000D\000o\000c\000u\000m\000e\000n\000t\000a\000t\000i\000o\000n}{section.6.12}% 259
\BOOKMARK [3][-]{subsubsection.6.12.2.1}{\376\377\0006\000.\0001\0002\000.\0002\000.\0001\000\040\000\137\000\137\000i\000n\000i\000t\000\137\000\137\000\050\000\051}{subsection.6.12.2}% 260
\BOOKMARK [2][-]{subsection.6.12.3}{\376\377\0006\000.\0001\0002\000.\0003\000\040\000M\000e\000m\000b\000e\000r\000\040\000D\000a\000t\000a\000\040\000D\000o\000c\000u\000m\000e\000n\000t\000a\000t\000i\000o\000n}{section.6.12}% 261
\BOOKMARK [3][-]{subsubsection.6.12.3.1}{\376\377\0006\000.\0001\0002\000.\0003\000.\0001\000\040\000g\000r\000o\000u\000p\000\137\000n\000a\000m\000e}{subsection.6.12.3}% 262
\BOOKMARK [3][-]{subsubsection.6.12.3.2}{\376\377\0006\000.\0001\0002\000.\0003\000.\0002\000\040\000p\000a\000r\000a\000m\000\137\000t\000y\000p\000e}{subsection.6.12.3}% 263
\BOOKMARK [3][-]{subsubsection.6.12.3.3}{\376\377\0006\000.\0001\0002\000.\0003\000.\0003\000\040\000v\000a\000r\000\137\000n\000a\000m\000e}{subsection.6.12.3}% 264
\BOOKMARK [1][-]{section.6.13}{\376\377\0006\000.\0001\0003\000\040\000c\000o\000d\000a\000r\000.\000c\000h\000e\000e\000t\000a\000h\000.\000p\000a\000r\000a\000m\000e\000t\000e\000r\000s\000.\000P\000a\000r\000a\000m\000C\000m\000d\000L\000i\000n\000e\000A\000r\000g\000\040\000C\000l\000a\000s\000s\000\040\000R\000e\000f\000e\000r\000e\000n\000c\000e}{chapter.6}% 265
\BOOKMARK [2][-]{subsection.6.13.1}{\376\377\0006\000.\0001\0003\000.\0001\000\040\000D\000e\000t\000a\000i\000l\000e\000d\000\040\000D\000e\000s\000c\000r\000i\000p\000t\000i\000o\000n}{section.6.13}% 266
\BOOKMARK [2][-]{subsection.6.13.2}{\376\377\0006\000.\0001\0003\000.\0002\000\040\000C\000o\000n\000s\000t\000r\000u\000c\000t\000o\000r\000\040\000\046\000\040\000D\000e\000s\000t\000r\000u\000c\000t\000o\000r\000\040\000D\000o\000c\000u\000m\000e\000n\000t\000a\000t\000i\000o\000n}{section.6.13}% 267
\BOOKMARK [3][-]{subsubsection.6.13.2.1}{\376\377\0006\000.\0001\0003\000.\0002\000.\0001\000\040\000\137\000\137\000i\000n\000i\000t\000\137\000\137\000\050\000\051}{subsection.6.13.2}% 268
\BOOKMARK [2][-]{subsection.6.13.3}{\376\377\0006\000.\0001\0003\000.\0003\000\040\000M\000e\000m\000b\000e\000r\000\040\000D\000a\000t\000a\000\040\000D\000o\000c\000u\000m\000e\000n\000t\000a\000t\000i\000o\000n}{section.6.13}% 269
\BOOKMARK [3][-]{subsubsection.6.13.3.1}{\376\377\0006\000.\0001\0003\000.\0003\000.\0001\000\040\000p\000o\000s\000i\000t\000i\000o\000n}{subsection.6.13.3}% 270
\BOOKMARK [1][-]{section.6.14}{\376\377\0006\000.\0001\0004\000\040\000c\000o\000d\000a\000r\000.\000c\000h\000e\000e\000t\000a\000h\000.\000p\000a\000r\000a\000m\000e\000t\000e\000r\000s\000.\000P\000a\000r\000a\000m\000C\000m\000d\000L\000i\000n\000e\000O\000p\000t\000i\000o\000n\000\040\000C\000l\000a\000s\000s\000\040\000R\000e\000f\000e\000r\000e\000n\000c\000e}{chapter.6}% 271
\BOOKMARK [2][-]{subsection.6.14.1}{\376\377\0006\000.\0001\0004\000.\0001\000\040\000D\000e\000t\000a\000i\000l\000e\000d\000\040\000D\000e\000s\000c\000r\000i\000p\000t\000i\000o\000n}{section.6.14}% 272
\BOOKMARK [2][-]{subsection.6.14.2}{\376\377\0006\000.\0001\0004\000.\0002\000\040\000C\000o\000n\000s\000t\000r\000u\000c\000t\000o\000r\000\040\000\046\000\040\000D\000e\000s\000t\000r\000u\000c\000t\000o\000r\000\040\000D\000o\000c\000u\000m\000e\000n\000t\000a\000t\000i\000o\000n}{section.6.14}% 273
\BOOKMARK [3][-]{subsubsection.6.14.2.1}{\376\377\0006\000.\0001\0004\000.\0002\000.\0001\000\040\000\137\000\137\000i\000n\000i\000t\000\137\000\137\000\050\000\051}{subsection.6.14.2}% 274
\BOOKMARK [2][-]{subsection.6.14.3}{\376\377\0006\000.\0001\0004\000.\0003\000\040\000M\000e\000m\000b\000e\000r\000\040\000D\000a\000t\000a\000\040\000D\000o\000c\000u\000m\000e\000n\000t\000a\000t\000i\000o\000n}{section.6.14}% 275
\BOOKMARK [3][-]{subsubsection.6.14.3.1}{\376\377\0006\000.\0001\0004\000.\0003\000.\0001\000\040\000o\000p\000t\000i\000o\000n}{subsection.6.14.3}% 276
\BOOKMARK [1][-]{section.6.15}{\376\377\0006\000.\0001\0005\000\040\000c\000o\000d\000a\000r\000.\000c\000h\000e\000e\000t\000a\000h\000.\000p\000a\000r\000a\000m\000e\000t\000e\000r\000s\000.\000P\000a\000r\000a\000m\000C\000o\000n\000f\000i\000g\000\040\000C\000l\000a\000s\000s\000\040\000R\000e\000f\000e\000r\000e\000n\000c\000e}{chapter.6}% 277
\BOOKMARK [2][-]{subsection.6.15.1}{\376\377\0006\000.\0001\0005\000.\0001\000\040\000D\000e\000t\000a\000i\000l\000e\000d\000\040\000D\000e\000s\000c\000r\000i\000p\000t\000i\000o\000n}{section.6.15}% 278
\BOOKMARK [2][-]{subsection.6.15.2}{\376\377\0006\000.\0001\0005\000.\0002\000\040\000C\000o\000n\000s\000t\000r\000u\000c\000t\000o\000r\000\040\000\046\000\040\000D\000e\000s\000t\000r\000u\000c\000t\000o\000r\000\040\000D\000o\000c\000u\000m\000e\000n\000t\000a\000t\000i\000o\000n}{section.6.15}% 279
\BOOKMARK [3][-]{subsubsection.6.15.2.1}{\376\377\0006\000.\0001\0005\000.\0002\000.\0001\000\040\000\137\000\137\000i\000n\000i\000t\000\137\000\137\000\050\000\051}{subsection.6.15.2}% 280
\BOOKMARK [2][-]{subsection.6.15.3}{\376\377\0006\000.\0001\0005\000.\0003\000\040\000M\000e\000m\000b\000e\000r\000\040\000D\000a\000t\000a\000\040\000D\000o\000c\000u\000m\000e\000n\000t\000a\000t\000i\000o\000n}{section.6.15}% 281
\BOOKMARK [3][-]{subsubsection.6.15.3.1}{\376\377\0006\000.\0001\0005\000.\0003\000.\0001\000\040\000c\000o\000n\000f\000i\000g\000\137\000f\000i\000l\000e\000n\000a\000m\000e}{subsection.6.15.3}% 282
\BOOKMARK [3][-]{subsubsection.6.15.3.2}{\376\377\0006\000.\0001\0005\000.\0003\000.\0002\000\040\000m\000a\000t\000c\000h\000\137\000s\000t\000r\000i\000n\000g}{subsection.6.15.3}% 283
\BOOKMARK [1][-]{section.6.16}{\376\377\0006\000.\0001\0006\000\040\000c\000o\000d\000a\000r\000.\000c\000h\000e\000e\000t\000a\000h\000.\000p\000a\000r\000a\000m\000e\000t\000e\000r\000s\000.\000P\000a\000r\000a\000m\000E\000n\000v\000V\000a\000r\000\040\000C\000l\000a\000s\000s\000\040\000R\000e\000f\000e\000r\000e\000n\000c\000e}{chapter.6}% 284
\BOOKMARK [2][-]{subsection.6.16.1}{\376\377\0006\000.\0001\0006\000.\0001\000\040\000D\000e\000t\000a\000i\000l\000e\000d\000\040\000D\000e\000s\000c\000r\000i\000p\000t\000i\000o\000n}{section.6.16}% 285
\BOOKMARK [2][-]{subsection.6.16.2}{\376\377\0006\000.\0001\0006\000.\0002\000\040\000C\000o\000n\000s\000t\000r\000u\000c\000t\000o\000r\000\040\000\046\000\040\000D\000e\000s\000t\000r\000u\000c\000t\000o\000r\000\040\000D\000o\000c\000u\000m\000e\000n\000t\000a\000t\000i\000o\000n}{section.6.16}% 286
\BOOKMARK [3][-]{subsubsection.6.16.2.1}{\376\377\0006\000.\0001\0006\000.\0002\000.\0001\000\040\000\137\000\137\000i\000n\000i\000t\000\137\000\137\000\050\000\051}{subsection.6.16.2}% 287
\BOOKMARK [2][-]{subsection.6.16.3}{\376\377\0006\000.\0001\0006\000.\0003\000\040\000M\000e\000m\000b\000e\000r\000\040\000D\000a\000t\000a\000\040\000D\000o\000c\000u\000m\000e\000n\000t\000a\000t\000i\000o\000n}{section.6.16}% 288
\BOOKMARK [3][-]{subsubsection.6.16.3.1}{\376\377\0006\000.\0001\0006\000.\0003\000.\0001\000\040\000o\000p\000t\000i\000o\000n}{subsection.6.16.3}% 289
\BOOKMARK [1][-]{section.6.17}{\376\377\0006\000.\0001\0007\000\040\000c\000o\000d\000a\000r\000.\000c\000h\000e\000e\000t\000a\000h\000.\000p\000a\000r\000a\000m\000e\000t\000e\000r\000s\000.\000P\000a\000r\000a\000m\000e\000t\000e\000r\000V\000a\000l\000u\000e\000\040\000C\000l\000a\000s\000s\000\040\000R\000e\000f\000e\000r\000e\000n\000c\000e}{chapter.6}% 290
\BOOKMARK [2][-]{subsection.6.17.1}{\376\377\0006\000.\0001\0007\000.\0001\000\040\000D\000e\000t\000a\000i\000l\000e\000d\000\040\000D\000e\000s\000c\000r\000i\000p\000t\000i\000o\000n}{section.6.17}% 291
\BOOKMARK [2][-]{subsection.6.17.2}{\376\377\0006\000.\0001\0007\000.\0002\000\040\000C\000o\000n\000s\000t\000r\000u\000c\000t\000o\000r\000\040\000\046\000\040\000D\000e\000s\000t\000r\000u\000c\000t\000o\000r\000\040\000D\000o\000c\000u\000m\000e\000n\000t\000a\000t\000i\000o\000n}{section.6.17}% 292
\BOOKMARK [3][-]{subsubsection.6.17.2.1}{\376\377\0006\000.\0001\0007\000.\0002\000.\0001\000\040\000\137\000\137\000i\000n\000i\000t\000\137\000\137\000\050\000\051}{subsection.6.17.2}% 293
\BOOKMARK [2][-]{subsection.6.17.3}{\376\377\0006\000.\0001\0007\000.\0003\000\040\000M\000e\000m\000b\000e\000r\000\040\000F\000u\000n\000c\000t\000i\000o\000n\000\040\000D\000o\000c\000u\000m\000e\000n\000t\000a\000t\000i\000o\000n}{section.6.17}% 294
\BOOKMARK [3][-]{subsubsection.6.17.3.1}{\376\377\0006\000.\0001\0007\000.\0003\000.\0001\000\040\000\137\000\137\000g\000e\000t\000a\000t\000t\000r\000\137\000\137\000\050\000\051}{subsection.6.17.3}% 295
\BOOKMARK [3][-]{subsubsection.6.17.3.2}{\376\377\0006\000.\0001\0007\000.\0003\000.\0002\000\040\000i\000s\000\137\000t\000y\000p\000e\000\050\000\051}{subsection.6.17.3}% 296
\BOOKMARK [2][-]{subsection.6.17.4}{\376\377\0006\000.\0001\0007\000.\0004\000\040\000M\000e\000m\000b\000e\000r\000\040\000D\000a\000t\000a\000\040\000D\000o\000c\000u\000m\000e\000n\000t\000a\000t\000i\000o\000n}{section.6.17}% 297
\BOOKMARK [3][-]{subsubsection.6.17.4.1}{\376\377\0006\000.\0001\0007\000.\0004\000.\0001\000\040\000v\000a\000l\000u\000e}{subsection.6.17.4}% 298
\BOOKMARK [1][-]{section.6.18}{\376\377\0006\000.\0001\0008\000\040\000c\000o\000d\000a\000r\000.\000c\000h\000e\000e\000t\000a\000h\000.\000p\000a\000r\000a\000m\000e\000t\000e\000r\000s\000.\000P\000a\000r\000a\000m\000K\000e\000y\000V\000a\000l\000u\000e\000\040\000C\000l\000a\000s\000s\000\040\000R\000e\000f\000e\000r\000e\000n\000c\000e}{chapter.6}% 299
\BOOKMARK [2][-]{subsection.6.18.1}{\376\377\0006\000.\0001\0008\000.\0001\000\040\000D\000e\000t\000a\000i\000l\000e\000d\000\040\000D\000e\000s\000c\000r\000i\000p\000t\000i\000o\000n}{section.6.18}% 300
\BOOKMARK [2][-]{subsection.6.18.2}{\376\377\0006\000.\0001\0008\000.\0002\000\040\000C\000o\000n\000s\000t\000r\000u\000c\000t\000o\000r\000\040\000\046\000\040\000D\000e\000s\000t\000r\000u\000c\000t\000o\000r\000\040\000D\000o\000c\000u\000m\000e\000n\000t\000a\000t\000i\000o\000n}{section.6.18}% 301
\BOOKMARK [3][-]{subsubsection.6.18.2.1}{\376\377\0006\000.\0001\0008\000.\0002\000.\0001\000\040\000\137\000\137\000i\000n\000i\000t\000\137\000\137\000\050\000\051}{subsection.6.18.2}% 302
\BOOKMARK [2][-]{subsection.6.18.3}{\376\377\0006\000.\0001\0008\000.\0003\000\040\000M\000e\000m\000b\000e\000r\000\040\000D\000a\000t\000a\000\040\000D\000o\000c\000u\000m\000e\000n\000t\000a\000t\000i\000o\000n}{section.6.18}% 303
\BOOKMARK [3][-]{subsubsection.6.18.3.1}{\376\377\0006\000.\0001\0008\000.\0003\000.\0001\000\040\000c\000o\000n\000f\000i\000g\000\137\000f\000i\000l\000e\000n\000a\000m\000e}{subsection.6.18.3}% 304
\BOOKMARK [3][-]{subsubsection.6.18.3.2}{\376\377\0006\000.\0001\0008\000.\0003\000.\0002\000\040\000k\000e\000y\000\137\000n\000a\000m\000e}{subsection.6.18.3}% 305
\BOOKMARK [1][-]{section.6.19}{\376\377\0006\000.\0001\0009\000\040\000c\000o\000d\000a\000r\000.\000c\000h\000e\000e\000t\000a\000h\000.\000p\000a\000r\000a\000m\000e\000t\000e\000r\000s\000.\000P\000a\000r\000a\000m\000R\000u\000n\000n\000e\000r\000\040\000C\000l\000a\000s\000s\000\040\000R\000e\000f\000e\000r\000e\000n\000c\000e}{chapter.6}% 306
\BOOKMARK [2][-]{subsection.6.19.1}{\376\377\0006\000.\0001\0009\000.\0001\000\040\000D\000e\000t\000a\000i\000l\000e\000d\000\040\000D\000e\000s\000c\000r\000i\000p\000t\000i\000o\000n}{section.6.19}% 307
\BOOKMARK [2][-]{subsection.6.19.2}{\376\377\0006\000.\0001\0009\000.\0002\000\040\000C\000o\000n\000s\000t\000r\000u\000c\000t\000o\000r\000\040\000\046\000\040\000D\000e\000s\000t\000r\000u\000c\000t\000o\000r\000\040\000D\000o\000c\000u\000m\000e\000n\000t\000a\000t\000i\000o\000n}{section.6.19}% 308
\BOOKMARK [3][-]{subsubsection.6.19.2.1}{\376\377\0006\000.\0001\0009\000.\0002\000.\0001\000\040\000\137\000\137\000i\000n\000i\000t\000\137\000\137\000\050\000\051}{subsection.6.19.2}% 309
\BOOKMARK [1][-]{section.6.20}{\376\377\0006\000.\0002\0000\000\040\000c\000o\000d\000a\000r\000.\000c\000h\000e\000e\000t\000a\000h\000.\000p\000a\000r\000a\000m\000e\000t\000e\000r\000s\000.\000P\000a\000r\000a\000m\000S\000c\000h\000e\000d\000u\000l\000e\000r\000A\000r\000g\000s\000\040\000C\000l\000a\000s\000s\000\040\000R\000e\000f\000e\000r\000e\000n\000c\000e}{chapter.6}% 310
\BOOKMARK [2][-]{subsection.6.20.1}{\376\377\0006\000.\0002\0000\000.\0001\000\040\000D\000e\000t\000a\000i\000l\000e\000d\000\040\000D\000e\000s\000c\000r\000i\000p\000t\000i\000o\000n}{section.6.20}% 311
\BOOKMARK [2][-]{subsection.6.20.2}{\376\377\0006\000.\0002\0000\000.\0002\000\040\000C\000o\000n\000s\000t\000r\000u\000c\000t\000o\000r\000\040\000\046\000\040\000D\000e\000s\000t\000r\000u\000c\000t\000o\000r\000\040\000D\000o\000c\000u\000m\000e\000n\000t\000a\000t\000i\000o\000n}{section.6.20}% 312
\BOOKMARK [3][-]{subsubsection.6.20.2.1}{\376\377\0006\000.\0002\0000\000.\0002\000.\0001\000\040\000\137\000\137\000i\000n\000i\000t\000\137\000\137\000\050\000\051}{subsection.6.20.2}% 313
\BOOKMARK [1][-]{section.6.21}{\376\377\0006\000.\0002\0001\000\040\000c\000o\000d\000a\000r\000.\000c\000h\000e\000e\000t\000a\000h\000.\000m\000o\000d\000e\000l\000.\000R\000u\000n\000\040\000C\000l\000a\000s\000s\000\040\000R\000e\000f\000e\000r\000e\000n\000c\000e}{chapter.6}% 314
\BOOKMARK [2][-]{subsection.6.21.1}{\376\377\0006\000.\0002\0001\000.\0001\000\040\000D\000e\000t\000a\000i\000l\000e\000d\000\040\000D\000e\000s\000c\000r\000i\000p\000t\000i\000o\000n}{section.6.21}% 315
\BOOKMARK [2][-]{subsection.6.21.2}{\376\377\0006\000.\0002\0001\000.\0002\000\040\000C\000o\000n\000s\000t\000r\000u\000c\000t\000o\000r\000\040\000\046\000\040\000D\000e\000s\000t\000r\000u\000c\000t\000o\000r\000\040\000D\000o\000c\000u\000m\000e\000n\000t\000a\000t\000i\000o\000n}{section.6.21}% 316
\BOOKMARK [3][-]{subsubsection.6.21.2.1}{\376\377\0006\000.\0002\0001\000.\0002\000.\0001\000\040\000\137\000\137\000i\000n\000i\000t\000\137\000\137\000\050\000\051}{subsection.6.21.2}% 317
\BOOKMARK [2][-]{subsection.6.21.3}{\376\377\0006\000.\0002\0001\000.\0003\000\040\000M\000e\000m\000b\000e\000r\000\040\000F\000u\000n\000c\000t\000i\000o\000n\000\040\000D\000o\000c\000u\000m\000e\000n\000t\000a\000t\000i\000o\000n}{section.6.21}% 318
\BOOKMARK [3][-]{subsubsection.6.21.3.1}{\376\377\0006\000.\0002\0001\000.\0003\000.\0001\000\040\000a\000d\000d\000\137\000d\000a\000t\000a\000s\000p\000a\000c\000e\000s\000\137\000s\000u\000p\000p\000o\000r\000t\000\050\000\051}{subsection.6.21.3}% 319
\BOOKMARK [3][-]{subsubsection.6.21.3.2}{\376\377\0006\000.\0002\0001\000.\0003\000.\0002\000\040\000g\000e\000t\000\137\000a\000p\000p\000\137\000p\000a\000r\000a\000m\000\137\000d\000i\000c\000t\000\050\000\051}{subsection.6.21.3}% 320
\BOOKMARK [3][-]{subsubsection.6.21.3.3}{\376\377\0006\000.\0002\0001\000.\0003\000.\0003\000\040\000g\000e\000t\000\137\000f\000o\000b\000\137\000d\000a\000t\000a\000\137\000l\000i\000s\000t\000\050\000\051}{subsection.6.21.3}% 321
\BOOKMARK [3][-]{subsubsection.6.21.3.4}{\376\377\0006\000.\0002\0001\000.\0003\000.\0004\000\040\000g\000e\000t\000\137\000t\000o\000t\000a\000l\000\137\000n\000p\000r\000o\000c\000s\000\050\000\051}{subsection.6.21.3}% 322
\BOOKMARK [3][-]{subsubsection.6.21.3.5}{\376\377\0006\000.\0002\0001\000.\0003\000.\0005\000\040\000i\000n\000s\000e\000r\000t\000\137\000s\000o\000s\000f\000l\000o\000w\000\050\000\051}{subsection.6.21.3}% 323
\BOOKMARK [2][-]{subsection.6.21.4}{\376\377\0006\000.\0002\0001\000.\0004\000\040\000M\000e\000m\000b\000e\000r\000\040\000D\000a\000t\000a\000\040\000D\000o\000c\000u\000m\000e\000n\000t\000a\000t\000i\000o\000n}{section.6.21}% 324
\BOOKMARK [3][-]{subsubsection.6.21.4.1}{\376\377\0006\000.\0002\0001\000.\0004\000.\0001\000\040\000c\000o\000d\000e\000s}{subsection.6.21.4}% 325
\BOOKMARK [3][-]{subsubsection.6.21.4.2}{\376\377\0006\000.\0002\0001\000.\0004\000.\0002\000\040\000c\000o\000d\000e\000s\000\137\000p\000a\000t\000h}{subsection.6.21.4}% 326
\BOOKMARK [3][-]{subsubsection.6.21.4.3}{\376\377\0006\000.\0002\0001\000.\0004\000.\0003\000\040\000c\000o\000m\000p\000o\000n\000e\000n\000t\000\137\000i\000n\000p\000u\000t\000s}{subsection.6.21.4}% 327
\BOOKMARK [3][-]{subsubsection.6.21.4.4}{\376\377\0006\000.\0002\0001\000.\0004\000.\0004\000\040\000c\000o\000m\000p\000o\000n\000e\000n\000t\000\137\000s\000u\000b\000d\000i\000r\000s}{subsection.6.21.4}% 328
\BOOKMARK [3][-]{subsubsection.6.21.4.5}{\376\377\0006\000.\0002\0001\000.\0004\000.\0005\000\040\000i\000n\000p\000u\000t\000s}{subsection.6.21.4}% 329
\BOOKMARK [3][-]{subsubsection.6.21.4.6}{\376\377\0006\000.\0002\0001\000.\0004\000.\0006\000\040\000i\000n\000s\000t\000a\000n\000c\000e}{subsection.6.21.4}% 330
\BOOKMARK [3][-]{subsubsection.6.21.4.7}{\376\377\0006\000.\0002\0001\000.\0004\000.\0007\000\040\000m\000a\000c\000h\000i\000n\000e}{subsection.6.21.4}% 331
\BOOKMARK [3][-]{subsubsection.6.21.4.8}{\376\377\0006\000.\0002\0001\000.\0004\000.\0008\000\040\000n\000o\000d\000e\000\137\000l\000a\000y\000o\000u\000t}{subsection.6.21.4}% 332
\BOOKMARK [3][-]{subsubsection.6.21.4.9}{\376\377\0006\000.\0002\0001\000.\0004\000.\0009\000\040\000r\000u\000n\000\137\000c\000o\000m\000p\000o\000n\000e\000n\000t\000s}{subsection.6.21.4}% 333
\BOOKMARK [3][-]{subsubsection.6.21.4.10}{\376\377\0006\000.\0002\0001\000.\0004\000.\0001\0000\000\040\000r\000u\000n\000\137\000i\000d}{subsection.6.21.4}% 334
\BOOKMARK [3][-]{subsubsection.6.21.4.11}{\376\377\0006\000.\0002\0001\000.\0004\000.\0001\0001\000\040\000r\000u\000n\000\137\000p\000a\000t\000h}{subsection.6.21.4}% 335
\BOOKMARK [3][-]{subsubsection.6.21.4.12}{\376\377\0006\000.\0002\0001\000.\0004\000.\0001\0002\000\040\000s\000o\000s\000f\000l\000o\000w\000\137\000a\000n\000a\000l\000y\000s\000i\000s}{subsection.6.21.4}% 336
\BOOKMARK [3][-]{subsubsection.6.21.4.13}{\376\377\0006\000.\0002\0001\000.\0004\000.\0001\0003\000\040\000s\000o\000s\000f\000l\000o\000w\000\137\000p\000r\000o\000f\000i\000l\000i\000n\000g}{subsection.6.21.4}% 337
\BOOKMARK [3][-]{subsubsection.6.21.4.14}{\376\377\0006\000.\0002\0001\000.\0004\000.\0001\0004\000\040\000t\000o\000t\000a\000l\000\137\000n\000o\000d\000e\000s}{subsection.6.21.4}% 338
\BOOKMARK [1][-]{section.6.22}{\376\377\0006\000.\0002\0002\000\040\000c\000o\000d\000a\000r\000.\000c\000h\000e\000e\000t\000a\000h\000.\000m\000o\000d\000e\000l\000.\000R\000u\000n\000C\000o\000m\000p\000o\000n\000e\000n\000t\000\040\000C\000l\000a\000s\000s\000\040\000R\000e\000f\000e\000r\000e\000n\000c\000e}{chapter.6}% 339
\BOOKMARK [2][-]{subsection.6.22.1}{\376\377\0006\000.\0002\0002\000.\0001\000\040\000D\000e\000t\000a\000i\000l\000e\000d\000\040\000D\000e\000s\000c\000r\000i\000p\000t\000i\000o\000n}{section.6.22}% 340
\BOOKMARK [2][-]{subsection.6.22.2}{\376\377\0006\000.\0002\0002\000.\0002\000\040\000C\000o\000n\000s\000t\000r\000u\000c\000t\000o\000r\000\040\000\046\000\040\000D\000e\000s\000t\000r\000u\000c\000t\000o\000r\000\040\000D\000o\000c\000u\000m\000e\000n\000t\000a\000t\000i\000o\000n}{section.6.22}% 341
\BOOKMARK [3][-]{subsubsection.6.22.2.1}{\376\377\0006\000.\0002\0002\000.\0002\000.\0001\000\040\000\137\000\137\000i\000n\000i\000t\000\137\000\137\000\050\000\051}{subsection.6.22.2}% 342
\BOOKMARK [2][-]{subsection.6.22.3}{\376\377\0006\000.\0002\0002\000.\0003\000\040\000M\000e\000m\000b\000e\000r\000\040\000F\000u\000n\000c\000t\000i\000o\000n\000\040\000D\000o\000c\000u\000m\000e\000n\000t\000a\000t\000i\000o\000n}{section.6.22}% 343
\BOOKMARK [3][-]{subsubsection.6.22.3.1}{\376\377\0006\000.\0002\0002\000.\0003\000.\0001\000\040\000a\000s\000\137\000f\000o\000b\000\137\000d\000a\000t\000a\000\050\000\051}{subsection.6.22.3}% 344
\BOOKMARK [2][-]{subsection.6.22.4}{\376\377\0006\000.\0002\0002\000.\0004\000\040\000M\000e\000m\000b\000e\000r\000\040\000D\000a\000t\000a\000\040\000D\000o\000c\000u\000m\000e\000n\000t\000a\000t\000i\000o\000n}{section.6.22}% 345
\BOOKMARK [3][-]{subsubsection.6.22.4.1}{\376\377\0006\000.\0002\0002\000.\0004\000.\0001\000\040\000a\000d\000i\000o\000s\000\137\000x\000m\000l\000\137\000f\000i\000l\000e}{subsection.6.22.4}% 346
\BOOKMARK [3][-]{subsubsection.6.22.4.2}{\376\377\0006\000.\0002\0002\000.\0004\000.\0002\000\040\000a\000f\000t\000e\000r\000\137\000r\000c\000\137\000d\000o\000n\000e}{subsection.6.22.4}% 347
\BOOKMARK [3][-]{subsubsection.6.22.4.3}{\376\377\0006\000.\0002\0002\000.\0004\000.\0003\000\040\000a\000r\000g\000s}{subsection.6.22.4}% 348
\BOOKMARK [3][-]{subsubsection.6.22.4.4}{\376\377\0006\000.\0002\0002\000.\0004\000.\0004\000\040\000c\000o\000m\000p\000o\000n\000e\000n\000t\000\137\000i\000n\000p\000u\000t\000s}{subsection.6.22.4}% 349
\BOOKMARK [3][-]{subsubsection.6.22.4.5}{\376\377\0006\000.\0002\0002\000.\0004\000.\0005\000\040\000e\000n\000v}{subsection.6.22.4}% 350
\BOOKMARK [3][-]{subsubsection.6.22.4.6}{\376\377\0006\000.\0002\0002\000.\0004\000.\0006\000\040\000e\000x\000e}{subsection.6.22.4}% 351
\BOOKMARK [3][-]{subsubsection.6.22.4.7}{\376\377\0006\000.\0002\0002\000.\0004\000.\0007\000\040\000h\000o\000s\000t\000f\000i\000l\000e}{subsection.6.22.4}% 352
\BOOKMARK [3][-]{subsubsection.6.22.4.8}{\376\377\0006\000.\0002\0002\000.\0004\000.\0008\000\040\000l\000i\000n\000k\000e\000d\000\137\000w\000i\000t\000h\000\137\000s\000o\000s\000f\000l\000o\000w}{subsection.6.22.4}% 353
\BOOKMARK [3][-]{subsubsection.6.22.4.9}{\376\377\0006\000.\0002\0002\000.\0004\000.\0009\000\040\000n\000a\000m\000e}{subsection.6.22.4}% 354
\BOOKMARK [3][-]{subsubsection.6.22.4.10}{\376\377\0006\000.\0002\0002\000.\0004\000.\0001\0000\000\040\000n\000p\000r\000o\000c\000s}{subsection.6.22.4}% 355
\BOOKMARK [3][-]{subsubsection.6.22.4.11}{\376\377\0006\000.\0002\0002\000.\0004\000.\0001\0001\000\040\000r\000u\000n\000n\000e\000r\000\137\000o\000v\000e\000r\000r\000i\000d\000e}{subsection.6.22.4}% 356
\BOOKMARK [3][-]{subsubsection.6.22.4.12}{\376\377\0006\000.\0002\0002\000.\0004\000.\0001\0002\000\040\000s\000c\000h\000e\000d\000\137\000a\000r\000g\000s}{subsection.6.22.4}% 357
\BOOKMARK [3][-]{subsubsection.6.22.4.13}{\376\377\0006\000.\0002\0002\000.\0004\000.\0001\0003\000\040\000s\000l\000e\000e\000p\000\137\000a\000f\000t\000e\000r}{subsection.6.22.4}% 358
\BOOKMARK [3][-]{subsubsection.6.22.4.14}{\376\377\0006\000.\0002\0002\000.\0004\000.\0001\0004\000\040\000t\000i\000m\000e\000o\000u\000t}{subsection.6.22.4}% 359
\BOOKMARK [3][-]{subsubsection.6.22.4.15}{\376\377\0006\000.\0002\0002\000.\0004\000.\0001\0005\000\040\000w\000o\000r\000k\000i\000n\000g\000\137\000d\000i\000r}{subsection.6.22.4}% 360
\BOOKMARK [1][-]{section.6.23}{\376\377\0006\000.\0002\0003\000\040\000c\000o\000d\000a\000r\000.\000c\000h\000e\000e\000t\000a\000h\000.\000r\000u\000n\000n\000e\000r\000s\000.\000R\000u\000n\000n\000e\000r\000\040\000C\000l\000a\000s\000s\000\040\000R\000e\000f\000e\000r\000e\000n\000c\000e}{chapter.6}% 361
\BOOKMARK [2][-]{subsection.6.23.1}{\376\377\0006\000.\0002\0003\000.\0001\000\040\000D\000e\000t\000a\000i\000l\000e\000d\000\040\000D\000e\000s\000c\000r\000i\000p\000t\000i\000o\000n}{section.6.23}% 362
\BOOKMARK [2][-]{subsection.6.23.2}{\376\377\0006\000.\0002\0003\000.\0002\000\040\000M\000e\000m\000b\000e\000r\000\040\000F\000u\000n\000c\000t\000i\000o\000n\000\040\000D\000o\000c\000u\000m\000e\000n\000t\000a\000t\000i\000o\000n}{section.6.23}% 363
\BOOKMARK [3][-]{subsubsection.6.23.2.1}{\376\377\0006\000.\0002\0003\000.\0002\000.\0001\000\040\000w\000r\000a\000p\000\137\000a\000p\000p\000\137\000c\000o\000m\000m\000a\000n\000d\000\050\000\051}{subsection.6.23.2}% 364
\BOOKMARK [2][-]{subsection.6.23.3}{\376\377\0006\000.\0002\0003\000.\0003\000\040\000M\000e\000m\000b\000e\000r\000\040\000D\000a\000t\000a\000\040\000D\000o\000c\000u\000m\000e\000n\000t\000a\000t\000i\000o\000n}{section.6.23}% 365
\BOOKMARK [3][-]{subsubsection.6.23.3.1}{\376\377\0006\000.\0002\0003\000.\0003\000.\0001\000\040\000n\000a\000m\000e}{subsection.6.23.3}% 366
\BOOKMARK [1][-]{section.6.24}{\376\377\0006\000.\0002\0004\000\040\000c\000o\000d\000a\000r\000.\000c\000h\000e\000e\000t\000a\000h\000.\000r\000u\000n\000n\000e\000r\000s\000.\000R\000u\000n\000n\000e\000r\000C\000r\000a\000y\000\040\000C\000l\000a\000s\000s\000\040\000R\000e\000f\000e\000r\000e\000n\000c\000e}{chapter.6}% 367
\BOOKMARK [2][-]{subsection.6.24.1}{\376\377\0006\000.\0002\0004\000.\0001\000\040\000D\000e\000t\000a\000i\000l\000e\000d\000\040\000D\000e\000s\000c\000r\000i\000p\000t\000i\000o\000n}{section.6.24}% 368
\BOOKMARK [2][-]{subsection.6.24.2}{\376\377\0006\000.\0002\0004\000.\0002\000\040\000M\000e\000m\000b\000e\000r\000\040\000F\000u\000n\000c\000t\000i\000o\000n\000\040\000D\000o\000c\000u\000m\000e\000n\000t\000a\000t\000i\000o\000n}{section.6.24}% 369
\BOOKMARK [3][-]{subsubsection.6.24.2.1}{\376\377\0006\000.\0002\0004\000.\0002\000.\0001\000\040\000w\000r\000a\000p\000\137\000a\000p\000p\000\137\000c\000o\000m\000m\000a\000n\000d\000\050\000\051}{subsection.6.24.2}% 370
\BOOKMARK [2][-]{subsection.6.24.3}{\376\377\0006\000.\0002\0004\000.\0003\000\040\000M\000e\000m\000b\000e\000r\000\040\000D\000a\000t\000a\000\040\000D\000o\000c\000u\000m\000e\000n\000t\000a\000t\000i\000o\000n}{section.6.24}% 371
\BOOKMARK [3][-]{subsubsection.6.24.3.1}{\376\377\0006\000.\0002\0004\000.\0003\000.\0001\000\040\000n\000a\000m\000e}{subsection.6.24.3}% 372
\BOOKMARK [1][-]{section.6.25}{\376\377\0006\000.\0002\0005\000\040\000c\000o\000d\000a\000r\000.\000c\000h\000e\000e\000t\000a\000h\000.\000r\000u\000n\000n\000e\000r\000s\000.\000R\000u\000n\000n\000e\000r\000L\000o\000c\000a\000l\000\040\000C\000l\000a\000s\000s\000\040\000R\000e\000f\000e\000r\000e\000n\000c\000e}{chapter.6}% 373
\BOOKMARK [2][-]{subsection.6.25.1}{\376\377\0006\000.\0002\0005\000.\0001\000\040\000D\000e\000t\000a\000i\000l\000e\000d\000\040\000D\000e\000s\000c\000r\000i\000p\000t\000i\000o\000n}{section.6.25}% 374
\BOOKMARK [2][-]{subsection.6.25.2}{\376\377\0006\000.\0002\0005\000.\0002\000\040\000M\000e\000m\000b\000e\000r\000\040\000F\000u\000n\000c\000t\000i\000o\000n\000\040\000D\000o\000c\000u\000m\000e\000n\000t\000a\000t\000i\000o\000n}{section.6.25}% 375
\BOOKMARK [3][-]{subsubsection.6.25.2.1}{\376\377\0006\000.\0002\0005\000.\0002\000.\0001\000\040\000w\000r\000a\000p\000\137\000a\000p\000p\000\137\000c\000o\000m\000m\000a\000n\000d\000\050\000\051}{subsection.6.25.2}% 376
\BOOKMARK [2][-]{subsection.6.25.3}{\376\377\0006\000.\0002\0005\000.\0003\000\040\000M\000e\000m\000b\000e\000r\000\040\000D\000a\000t\000a\000\040\000D\000o\000c\000u\000m\000e\000n\000t\000a\000t\000i\000o\000n}{section.6.25}% 377
\BOOKMARK [3][-]{subsubsection.6.25.3.1}{\376\377\0006\000.\0002\0005\000.\0003\000.\0001\000\040\000n\000a\000m\000e}{subsection.6.25.3}% 378
\BOOKMARK [1][-]{section.6.26}{\376\377\0006\000.\0002\0006\000\040\000c\000o\000d\000a\000r\000.\000c\000h\000e\000e\000t\000a\000h\000.\000p\000a\000r\000a\000m\000e\000t\000e\000r\000s\000.\000S\000u\000m\000m\000i\000t\000O\000p\000t\000s\000\040\000C\000l\000a\000s\000s\000\040\000R\000e\000f\000e\000r\000e\000n\000c\000e}{chapter.6}% 379
\BOOKMARK [2][-]{subsection.6.26.1}{\376\377\0006\000.\0002\0006\000.\0001\000\040\000D\000e\000t\000a\000i\000l\000e\000d\000\040\000D\000e\000s\000c\000r\000i\000p\000t\000i\000o\000n}{section.6.26}% 380
\BOOKMARK [2][-]{subsection.6.26.2}{\376\377\0006\000.\0002\0006\000.\0002\000\040\000C\000o\000n\000s\000t\000r\000u\000c\000t\000o\000r\000\040\000\046\000\040\000D\000e\000s\000t\000r\000u\000c\000t\000o\000r\000\040\000D\000o\000c\000u\000m\000e\000n\000t\000a\000t\000i\000o\000n}{section.6.26}% 381
\BOOKMARK [3][-]{subsubsection.6.26.2.1}{\376\377\0006\000.\0002\0006\000.\0002\000.\0001\000\040\000\137\000\137\000i\000n\000i\000t\000\137\000\137\000\050\000\051}{subsection.6.26.2}% 382
\BOOKMARK [1][-]{section.6.27}{\376\377\0006\000.\0002\0007\000\040\000c\000o\000d\000a\000r\000.\000c\000h\000e\000e\000t\000a\000h\000.\000p\000a\000r\000a\000m\000e\000t\000e\000r\000s\000.\000S\000w\000e\000e\000p\000\040\000C\000l\000a\000s\000s\000\040\000R\000e\000f\000e\000r\000e\000n\000c\000e}{chapter.6}% 383
\BOOKMARK [2][-]{subsection.6.27.1}{\376\377\0006\000.\0002\0007\000.\0001\000\040\000D\000e\000t\000a\000i\000l\000e\000d\000\040\000D\000e\000s\000c\000r\000i\000p\000t\000i\000o\000n}{section.6.27}% 384
\BOOKMARK [2][-]{subsection.6.27.2}{\376\377\0006\000.\0002\0007\000.\0002\000\040\000C\000o\000n\000s\000t\000r\000u\000c\000t\000o\000r\000\040\000\046\000\040\000D\000e\000s\000t\000r\000u\000c\000t\000o\000r\000\040\000D\000o\000c\000u\000m\000e\000n\000t\000a\000t\000i\000o\000n}{section.6.27}% 385
\BOOKMARK [3][-]{subsubsection.6.27.2.1}{\376\377\0006\000.\0002\0007\000.\0002\000.\0001\000\040\000\137\000\137\000i\000n\000i\000t\000\137\000\137\000\050\000\051}{subsection.6.27.2}% 386
\BOOKMARK [2][-]{subsection.6.27.3}{\376\377\0006\000.\0002\0007\000.\0003\000\040\000M\000e\000m\000b\000e\000r\000\040\000F\000u\000n\000c\000t\000i\000o\000n\000\040\000D\000o\000c\000u\000m\000e\000n\000t\000a\000t\000i\000o\000n}{section.6.27}% 387
\BOOKMARK [3][-]{subsubsection.6.27.3.1}{\376\377\0006\000.\0002\0007\000.\0003\000.\0001\000\040\000g\000e\000t\000\137\000i\000n\000s\000t\000a\000n\000c\000e\000s\000\050\000\051}{subsection.6.27.3}% 388
\BOOKMARK [2][-]{subsection.6.27.4}{\376\377\0006\000.\0002\0007\000.\0004\000\040\000M\000e\000m\000b\000e\000r\000\040\000D\000a\000t\000a\000\040\000D\000o\000c\000u\000m\000e\000n\000t\000a\000t\000i\000o\000n}{section.6.27}% 389
\BOOKMARK [3][-]{subsubsection.6.27.4.1}{\376\377\0006\000.\0002\0007\000.\0004\000.\0001\000\040\000n\000o\000d\000e\000\137\000l\000a\000y\000o\000u\000t}{subsection.6.27.4}% 390
\BOOKMARK [3][-]{subsubsection.6.27.4.2}{\376\377\0006\000.\0002\0007\000.\0004\000.\0002\000\040\000p\000a\000r\000a\000m\000e\000t\000e\000r\000s}{subsection.6.27.4}% 391
\BOOKMARK [3][-]{subsubsection.6.27.4.3}{\376\377\0006\000.\0002\0007\000.\0004\000.\0003\000\040\000r\000c\000\137\000d\000e\000p\000e\000n\000d\000e\000n\000c\000y}{subsection.6.27.4}% 392
\BOOKMARK [1][-]{section.6.28}{\376\377\0006\000.\0002\0008\000\040\000c\000o\000d\000a\000r\000.\000c\000h\000e\000e\000t\000a\000h\000.\000p\000a\000r\000a\000m\000e\000t\000e\000r\000s\000.\000S\000w\000e\000e\000p\000G\000r\000o\000u\000p\000\040\000C\000l\000a\000s\000s\000\040\000R\000e\000f\000e\000r\000e\000n\000c\000e}{chapter.6}% 393
\BOOKMARK [2][-]{subsection.6.28.1}{\376\377\0006\000.\0002\0008\000.\0001\000\040\000D\000e\000t\000a\000i\000l\000e\000d\000\040\000D\000e\000s\000c\000r\000i\000p\000t\000i\000o\000n}{section.6.28}% 394
\BOOKMARK [2][-]{subsection.6.28.2}{\376\377\0006\000.\0002\0008\000.\0002\000\040\000C\000o\000n\000s\000t\000r\000u\000c\000t\000o\000r\000\040\000\046\000\040\000D\000e\000s\000t\000r\000u\000c\000t\000o\000r\000\040\000D\000o\000c\000u\000m\000e\000n\000t\000a\000t\000i\000o\000n}{section.6.28}% 395
\BOOKMARK [3][-]{subsubsection.6.28.2.1}{\376\377\0006\000.\0002\0008\000.\0002\000.\0001\000\040\000\137\000\137\000i\000n\000i\000t\000\137\000\137\000\050\000\051}{subsection.6.28.2}% 396
\BOOKMARK [2][-]{subsection.6.28.3}{\376\377\0006\000.\0002\0008\000.\0003\000\040\000M\000e\000m\000b\000e\000r\000\040\000D\000a\000t\000a\000\040\000D\000o\000c\000u\000m\000e\000n\000t\000a\000t\000i\000o\000n}{section.6.28}% 397
\BOOKMARK [3][-]{subsubsection.6.28.3.1}{\376\377\0006\000.\0002\0008\000.\0003\000.\0001\000\040\000c\000o\000m\000p\000o\000n\000e\000n\000t\000\137\000i\000n\000p\000u\000t\000s}{subsection.6.28.3}% 398
\BOOKMARK [3][-]{subsubsection.6.28.3.2}{\376\377\0006\000.\0002\0008\000.\0003\000.\0002\000\040\000c\000o\000m\000p\000o\000n\000e\000n\000t\000\137\000s\000u\000b\000d\000i\000r\000s}{subsection.6.28.3}% 399
\BOOKMARK [3][-]{subsubsection.6.28.3.3}{\376\377\0006\000.\0002\0008\000.\0003\000.\0003\000\040\000l\000a\000u\000n\000c\000h\000\137\000m\000o\000d\000e}{subsection.6.28.3}% 400
\BOOKMARK [3][-]{subsubsection.6.28.3.4}{\376\377\0006\000.\0002\0008\000.\0003\000.\0004\000\040\000m\000a\000x\000\137\000p\000r\000o\000c\000s}{subsection.6.28.3}% 401
\BOOKMARK [3][-]{subsubsection.6.28.3.5}{\376\377\0006\000.\0002\0008\000.\0003\000.\0005\000\040\000n\000a\000m\000e}{subsection.6.28.3}% 402
\BOOKMARK [3][-]{subsubsection.6.28.3.6}{\376\377\0006\000.\0002\0008\000.\0003\000.\0006\000\040\000n\000o\000d\000e\000s}{subsection.6.28.3}% 403
\BOOKMARK [3][-]{subsubsection.6.28.3.7}{\376\377\0006\000.\0002\0008\000.\0003\000.\0007\000\040\000p\000a\000r\000a\000m\000e\000t\000e\000r\000\137\000g\000r\000o\000u\000p\000s}{subsection.6.28.3}% 404
\BOOKMARK [3][-]{subsubsection.6.28.3.8}{\376\377\0006\000.\0002\0008\000.\0003\000.\0008\000\040\000p\000e\000r\000\137\000r\000u\000n\000\137\000t\000i\000m\000e\000o\000u\000t}{subsection.6.28.3}% 405
\BOOKMARK [3][-]{subsubsection.6.28.3.9}{\376\377\0006\000.\0002\0008\000.\0003\000.\0009\000\040\000r\000u\000n\000\137\000r\000e\000p\000e\000t\000i\000t\000i\000o\000n\000s}{subsection.6.28.3}% 406
\BOOKMARK [3][-]{subsubsection.6.28.3.10}{\376\377\0006\000.\0002\0008\000.\0003\000.\0001\0000\000\040\000s\000o\000s\000f\000l\000o\000w\000\137\000a\000n\000a\000l\000y\000s\000i\000s}{subsection.6.28.3}% 407
\BOOKMARK [3][-]{subsubsection.6.28.3.11}{\376\377\0006\000.\0002\0008\000.\0003\000.\0001\0001\000\040\000s\000o\000s\000f\000l\000o\000w\000\137\000p\000r\000o\000f\000i\000l\000i\000n\000g}{subsection.6.28.3}% 408
\BOOKMARK [3][-]{subsubsection.6.28.3.12}{\376\377\0006\000.\0002\0008\000.\0003\000.\0001\0002\000\040\000w\000a\000l\000l\000t\000i\000m\000e}{subsection.6.28.3}% 409
\BOOKMARK [1][-]{section.6.29}{\376\377\0006\000.\0002\0009\000\040\000c\000o\000d\000a\000r\000.\000c\000h\000e\000e\000t\000a\000h\000.\000p\000a\000r\000a\000m\000e\000t\000e\000r\000s\000.\000S\000y\000m\000L\000i\000n\000k\000\040\000C\000l\000a\000s\000s\000\040\000R\000e\000f\000e\000r\000e\000n\000c\000e}{chapter.6}% 410
\BOOKMARK [2][-]{subsection.6.29.1}{\376\377\0006\000.\0002\0009\000.\0001\000\040\000D\000e\000t\000a\000i\000l\000e\000d\000\040\000D\000e\000s\000c\000r\000i\000p\000t\000i\000o\000n}{section.6.29}% 411
\BOOKMARK [2][-]{subsection.6.29.2}{\376\377\0006\000.\0002\0009\000.\0002\000\040\000C\000o\000n\000s\000t\000r\000u\000c\000t\000o\000r\000\040\000\046\000\040\000D\000e\000s\000t\000r\000u\000c\000t\000o\000r\000\040\000D\000o\000c\000u\000m\000e\000n\000t\000a\000t\000i\000o\000n}{section.6.29}% 412
\BOOKMARK [3][-]{subsubsection.6.29.2.1}{\376\377\0006\000.\0002\0009\000.\0002\000.\0001\000\040\000\137\000\137\000i\000n\000i\000t\000\137\000\137\000\050\000\051}{subsection.6.29.2}% 413
\BOOKMARK [2][-]{subsection.6.29.3}{\376\377\0006\000.\0002\0009\000.\0003\000\040\000M\000e\000m\000b\000e\000r\000\040\000D\000a\000t\000a\000\040\000D\000o\000c\000u\000m\000e\000n\000t\000a\000t\000i\000o\000n}{section.6.29}% 414
\BOOKMARK [3][-]{subsubsection.6.29.3.1}{\376\377\0006\000.\0002\0009\000.\0003\000.\0001\000\040\000s\000o\000u\000r\000c\000e}{subsection.6.29.3}% 415
\BOOKMARK [0][-]{chapter.7}{\376\377\0007\000\040\000F\000i\000l\000e\000\040\000D\000o\000c\000u\000m\000e\000n\000t\000a\000t\000i\000o\000n}{}% 416
\BOOKMARK [1][-]{section.7.1}{\376\377\0007\000.\0001\000\040\000\137\000\137\000i\000n\000i\000t\000\137\000\137\000.\000p\000y\000\040\000F\000i\000l\000e\000\040\000R\000e\000f\000e\000r\000e\000n\000c\000e}{chapter.7}% 417
\BOOKMARK [1][-]{section.7.2}{\376\377\0007\000.\0002\000\040\000a\000d\000i\000o\000s\0002\000\137\000i\000n\000t\000e\000r\000f\000a\000c\000e\000.\000p\000y\000\040\000F\000i\000l\000e\000\040\000R\000e\000f\000e\000r\000e\000n\000c\000e}{chapter.7}% 418
\BOOKMARK [1][-]{section.7.3}{\376\377\0007\000.\0003\000\040\000a\000d\000i\000o\000s\000\137\000p\000a\000r\000a\000m\000s\000.\000p\000y\000\040\000F\000i\000l\000e\000\040\000R\000e\000f\000e\000r\000e\000n\000c\000e}{chapter.7}% 419
\BOOKMARK [1][-]{section.7.4}{\376\377\0007\000.\0004\000\040\000c\000o\000n\000f\000i\000g\000.\000p\000y\000\040\000F\000i\000l\000e\000\040\000R\000e\000f\000e\000r\000e\000n\000c\000e}{chapter.7}% 420
\BOOKMARK [1][-]{section.7.5}{\376\377\0007\000.\0005\000\040\000e\000x\000c\000.\000p\000y\000\040\000F\000i\000l\000e\000\040\000R\000e\000f\000e\000r\000e\000n\000c\000e}{chapter.7}% 421
\BOOKMARK [1][-]{section.7.6}{\376\377\0007\000.\0006\000\040\000h\000e\000l\000p\000e\000r\000s\000.\000p\000y\000\040\000F\000i\000l\000e\000\040\000R\000e\000f\000e\000r\000e\000n\000c\000e}{chapter.7}% 422
\BOOKMARK [1][-]{section.7.7}{\376\377\0007\000.\0007\000\040\000l\000a\000u\000n\000c\000h\000e\000r\000s\000.\000p\000y\000\040\000F\000i\000l\000e\000\040\000R\000e\000f\000e\000r\000e\000n\000c\000e}{chapter.7}% 423
\BOOKMARK [1][-]{section.7.8}{\376\377\0007\000.\0008\000\040\000l\000o\000a\000d\000e\000r\000.\000p\000y\000\040\000F\000i\000l\000e\000\040\000R\000e\000f\000e\000r\000e\000n\000c\000e}{chapter.7}% 424
\BOOKMARK [1][-]{section.7.9}{\376\377\0007\000.\0009\000\040\000m\000a\000c\000h\000i\000n\000e\000\137\000l\000a\000u\000n\000c\000h\000e\000r\000s\000.\000p\000y\000\040\000F\000i\000l\000e\000\040\000R\000e\000f\000e\000r\000e\000n\000c\000e}{chapter.7}% 425
\BOOKMARK [1][-]{section.7.10}{\376\377\0007\000.\0001\0000\000\040\000m\000o\000d\000e\000l\000.\000p\000y\000\040\000F\000i\000l\000e\000\040\000R\000e\000f\000e\000r\000e\000n\000c\000e}{chapter.7}% 426
\BOOKMARK [1][-]{section.7.11}{\376\377\0007\000.\0001\0001\000\040\000p\000a\000r\000a\000m\000e\000t\000e\000r\000s\000.\000p\000y\000\040\000F\000i\000l\000e\000\040\000R\000e\000f\000e\000r\000e\000n\000c\000e}{chapter.7}% 427
\BOOKMARK [1][-]{section.7.12}{\376\377\0007\000.\0001\0002\000\040\000p\000b\000s\000.\000p\000y\000\040\000F\000i\000l\000e\000\040\000R\000e\000f\000e\000r\000e\000n\000c\000e}{chapter.7}% 428
\BOOKMARK [1][-]{section.7.13}{\376\377\0007\000.\0001\0003\000\040\000r\000e\000p\000o\000r\000t\000\137\000g\000e\000n\000e\000r\000a\000t\000o\000r\000.\000p\000y\000\040\000F\000i\000l\000e\000\040\000R\000e\000f\000e\000r\000e\000n\000c\000e}{chapter.7}% 429
\BOOKMARK [1][-]{section.7.14}{\376\377\0007\000.\0001\0004\000\040\000r\000u\000n\000n\000e\000r\000s\000.\000p\000y\000\040\000F\000i\000l\000e\000\040\000R\000e\000f\000e\000r\000e\000n\000c\000e}{chapter.7}% 430
\BOOKMARK [1][-]{section.7.15}{\376\377\0007\000.\0001\0005\000\040\000s\000t\000a\000t\000u\000s\000.\000p\000y\000\040\000F\000i\000l\000e\000\040\000R\000e\000f\000e\000r\000e\000n\000c\000e}{chapter.7}% 431
\BOOKMARK [1][-]{section.7.16}{\376\377\0007\000.\0001\0006\000\040\000t\000e\000m\000p\000l\000a\000t\000e\000s\000.\000p\000y\000\040\000F\000i\000l\000e\000\040\000R\000e\000f\000e\000r\000e\000n\000c\000e}{chapter.7}% 432
\BOOKMARK [0][-]{section*.167}{\376\377\000I\000n\000d\000e\000x}{}% 433
