\BOOKMARK [0][-]{chapter.1}{\376\377\0001\000\040\000N\000a\000m\000e\000s\000p\000a\000c\000e\000\040\000I\000n\000d\000e\000x}{}% 1
\BOOKMARK [1][-]{section.1.1}{\376\377\0001\000.\0001\000\040\000N\000a\000m\000e\000s\000p\000a\000c\000e\000\040\000L\000i\000s\000t}{chapter.1}% 2
\BOOKMARK [0][-]{chapter.2}{\376\377\0002\000\040\000H\000i\000e\000r\000a\000r\000c\000h\000i\000c\000a\000l\000\040\000I\000n\000d\000e\000x}{}% 3
\BOOKMARK [1][-]{section.2.1}{\376\377\0002\000.\0001\000\040\000C\000l\000a\000s\000s\000\040\000H\000i\000e\000r\000a\000r\000c\000h\000y}{chapter.2}% 4
\BOOKMARK [0][-]{chapter.3}{\376\377\0003\000\040\000C\000l\000a\000s\000s\000\040\000I\000n\000d\000e\000x}{}% 5
\BOOKMARK [1][-]{section.3.1}{\376\377\0003\000.\0001\000\040\000C\000l\000a\000s\000s\000\040\000L\000i\000s\000t}{chapter.3}% 6
\BOOKMARK [0][-]{chapter.4}{\376\377\0004\000\040\000N\000a\000m\000e\000s\000p\000a\000c\000e\000\040\000D\000o\000c\000u\000m\000e\000n\000t\000a\000t\000i\000o\000n}{}% 7
\BOOKMARK [1][-]{section.4.1}{\376\377\0004\000.\0001\000\040\000c\000o\000d\000a\000r\000.\000s\000a\000v\000a\000n\000n\000a\000\040\000N\000a\000m\000e\000s\000p\000a\000c\000e\000\040\000R\000e\000f\000e\000r\000e\000n\000c\000e}{chapter.4}% 8
\BOOKMARK [2][-]{subsection.4.1.1}{\376\377\0004\000.\0001\000.\0001\000\040\000D\000e\000t\000a\000i\000l\000e\000d\000\040\000D\000e\000s\000c\000r\000i\000p\000t\000i\000o\000n}{section.4.1}% 9
\BOOKMARK [1][-]{section.4.2}{\376\377\0004\000.\0002\000\040\000c\000o\000d\000a\000r\000.\000s\000a\000v\000a\000n\000n\000a\000.\000c\000o\000n\000s\000u\000m\000e\000r\000\040\000N\000a\000m\000e\000s\000p\000a\000c\000e\000\040\000R\000e\000f\000e\000r\000e\000n\000c\000e}{chapter.4}% 10
\BOOKMARK [2][-]{subsection.4.2.1}{\376\377\0004\000.\0002\000.\0001\000\040\000D\000e\000t\000a\000i\000l\000e\000d\000\040\000D\000e\000s\000c\000r\000i\000p\000t\000i\000o\000n}{section.4.2}% 11
\BOOKMARK [1][-]{section.4.3}{\376\377\0004\000.\0003\000\040\000c\000o\000d\000a\000r\000.\000s\000a\000v\000a\000n\000n\000a\000.\000e\000x\000c\000\040\000N\000a\000m\000e\000s\000p\000a\000c\000e\000\040\000R\000e\000f\000e\000r\000e\000n\000c\000e}{chapter.4}% 12
\BOOKMARK [2][-]{subsection.4.3.1}{\376\377\0004\000.\0003\000.\0001\000\040\000D\000e\000t\000a\000i\000l\000e\000d\000\040\000D\000e\000s\000c\000r\000i\000p\000t\000i\000o\000n}{section.4.3}% 13
\BOOKMARK [1][-]{section.4.4}{\376\377\0004\000.\0004\000\040\000c\000o\000d\000a\000r\000.\000s\000a\000v\000a\000n\000n\000a\000.\000m\000a\000c\000h\000i\000n\000e\000s\000\040\000N\000a\000m\000e\000s\000p\000a\000c\000e\000\040\000R\000e\000f\000e\000r\000e\000n\000c\000e}{chapter.4}% 14
\BOOKMARK [2][-]{subsection.4.4.1}{\376\377\0004\000.\0004\000.\0001\000\040\000D\000e\000t\000a\000i\000l\000e\000d\000\040\000D\000e\000s\000c\000r\000i\000p\000t\000i\000o\000n}{section.4.4}% 15
\BOOKMARK [2][-]{subsection.4.4.2}{\376\377\0004\000.\0004\000.\0002\000\040\000V\000a\000r\000i\000a\000b\000l\000e\000\040\000D\000o\000c\000u\000m\000e\000n\000t\000a\000t\000i\000o\000n}{section.4.4}% 16
\BOOKMARK [3][-]{subsubsection.4.4.2.1}{\376\377\0004\000.\0004\000.\0002\000.\0001\000\040\000c\000o\000r\000i}{subsection.4.4.2}% 17
\BOOKMARK [3][-]{subsubsection.4.4.2.2}{\376\377\0004\000.\0004\000.\0002\000.\0002\000\040\000s\000u\000m\000m\000i\000t}{subsection.4.4.2}% 18
\BOOKMARK [3][-]{subsubsection.4.4.2.3}{\376\377\0004\000.\0004\000.\0002\000.\0003\000\040\000t\000h\000e\000t\000a}{subsection.4.4.2}% 19
\BOOKMARK [3][-]{subsubsection.4.4.2.4}{\376\377\0004\000.\0004\000.\0002\000.\0004\000\040\000t\000i\000t\000a\000n}{subsection.4.4.2}% 20
\BOOKMARK [1][-]{section.4.5}{\376\377\0004\000.\0005\000\040\000c\000o\000d\000a\000r\000.\000s\000a\000v\000a\000n\000n\000a\000.\000m\000a\000i\000n\000\040\000N\000a\000m\000e\000s\000p\000a\000c\000e\000\040\000R\000e\000f\000e\000r\000e\000n\000c\000e}{chapter.4}% 21
\BOOKMARK [2][-]{subsection.4.5.1}{\376\377\0004\000.\0005\000.\0001\000\040\000D\000e\000t\000a\000i\000l\000e\000d\000\040\000D\000e\000s\000c\000r\000i\000p\000t\000i\000o\000n}{section.4.5}% 22
\BOOKMARK [1][-]{section.4.6}{\376\377\0004\000.\0006\000\040\000c\000o\000d\000a\000r\000.\000s\000a\000v\000a\000n\000n\000a\000.\000m\000o\000d\000e\000l\000\040\000N\000a\000m\000e\000s\000p\000a\000c\000e\000\040\000R\000e\000f\000e\000r\000e\000n\000c\000e}{chapter.4}% 23
\BOOKMARK [2][-]{subsection.4.6.1}{\376\377\0004\000.\0006\000.\0001\000\040\000D\000e\000t\000a\000i\000l\000e\000d\000\040\000D\000e\000s\000c\000r\000i\000p\000t\000i\000o\000n}{section.4.6}% 24
\BOOKMARK [1][-]{section.4.7}{\376\377\0004\000.\0007\000\040\000c\000o\000d\000a\000r\000.\000s\000a\000v\000a\000n\000n\000a\000.\000p\000r\000o\000d\000u\000c\000e\000r\000\040\000N\000a\000m\000e\000s\000p\000a\000c\000e\000\040\000R\000e\000f\000e\000r\000e\000n\000c\000e}{chapter.4}% 25
\BOOKMARK [2][-]{subsection.4.7.1}{\376\377\0004\000.\0007\000.\0001\000\040\000D\000e\000t\000a\000i\000l\000e\000d\000\040\000D\000e\000s\000c\000r\000i\000p\000t\000i\000o\000n}{section.4.7}% 26
\BOOKMARK [1][-]{section.4.8}{\376\377\0004\000.\0008\000\040\000c\000o\000d\000a\000r\000.\000s\000a\000v\000a\000n\000n\000a\000.\000s\000c\000h\000e\000d\000u\000l\000e\000r\000\040\000N\000a\000m\000e\000s\000p\000a\000c\000e\000\040\000R\000e\000f\000e\000r\000e\000n\000c\000e}{chapter.4}% 27
\BOOKMARK [2][-]{subsection.4.8.1}{\376\377\0004\000.\0008\000.\0001\000\040\000D\000e\000t\000a\000i\000l\000e\000d\000\040\000D\000e\000s\000c\000r\000i\000p\000t\000i\000o\000n}{section.4.8}% 28
\BOOKMARK [1][-]{section.4.9}{\376\377\0004\000.\0009\000\040\000c\000o\000d\000a\000r\000.\000s\000a\000v\000a\000n\000n\000a\000.\000s\000t\000a\000t\000u\000s\000\040\000N\000a\000m\000e\000s\000p\000a\000c\000e\000\040\000R\000e\000f\000e\000r\000e\000n\000c\000e}{chapter.4}% 29
\BOOKMARK [2][-]{subsection.4.9.1}{\376\377\0004\000.\0009\000.\0001\000\040\000D\000e\000t\000a\000i\000l\000e\000d\000\040\000D\000e\000s\000c\000r\000i\000p\000t\000i\000o\000n}{section.4.9}% 30
\BOOKMARK [0][-]{chapter.5}{\376\377\0005\000\040\000C\000l\000a\000s\000s\000\040\000D\000o\000c\000u\000m\000e\000n\000t\000a\000t\000i\000o\000n}{}% 31
\BOOKMARK [1][-]{section.5.1}{\376\377\0005\000.\0001\000\040\000c\000o\000d\000a\000r\000.\000s\000a\000v\000a\000n\000n\000a\000.\000s\000c\000h\000e\000d\000u\000l\000e\000r\000.\000J\000o\000b\000L\000i\000s\000t\000\040\000C\000l\000a\000s\000s\000\040\000R\000e\000f\000e\000r\000e\000n\000c\000e}{chapter.5}% 32
\BOOKMARK [2][-]{subsection.5.1.1}{\376\377\0005\000.\0001\000.\0001\000\040\000D\000e\000t\000a\000i\000l\000e\000d\000\040\000D\000e\000s\000c\000r\000i\000p\000t\000i\000o\000n}{section.5.1}% 33
\BOOKMARK [2][-]{subsection.5.1.2}{\376\377\0005\000.\0001\000.\0002\000\040\000M\000e\000m\000b\000e\000r\000\040\000F\000u\000n\000c\000t\000i\000o\000n\000\040\000D\000o\000c\000u\000m\000e\000n\000t\000a\000t\000i\000o\000n}{section.5.1}% 34
\BOOKMARK [3][-]{subsubsection.5.1.2.1}{\376\377\0005\000.\0001\000.\0002\000.\0001\000\040\000p\000o\000p\000\137\000j\000o\000b\000\050\000\051}{subsection.5.1.2}% 35
\BOOKMARK [1][-]{section.5.2}{\376\377\0005\000.\0002\000\040\000c\000o\000d\000a\000r\000.\000s\000a\000v\000a\000n\000n\000a\000.\000p\000r\000o\000d\000u\000c\000e\000r\000.\000J\000S\000O\000N\000F\000i\000l\000e\000P\000i\000p\000e\000l\000i\000n\000e\000R\000e\000a\000d\000e\000r\000\040\000C\000l\000a\000s\000s\000\040\000R\000e\000f\000e\000r\000e\000n\000c\000e}{chapter.5}% 36
\BOOKMARK [2][-]{subsection.5.2.1}{\376\377\0005\000.\0002\000.\0001\000\040\000D\000e\000t\000a\000i\000l\000e\000d\000\040\000D\000e\000s\000c\000r\000i\000p\000t\000i\000o\000n}{section.5.2}% 37
\BOOKMARK [1][-]{section.5.3}{\376\377\0005\000.\0003\000\040\000c\000o\000d\000a\000r\000.\000s\000a\000v\000a\000n\000n\000a\000.\000m\000a\000c\000h\000i\000n\000e\000s\000.\000M\000a\000c\000h\000i\000n\000e\000\040\000C\000l\000a\000s\000s\000\040\000R\000e\000f\000e\000r\000e\000n\000c\000e}{chapter.5}% 38
\BOOKMARK [2][-]{subsection.5.3.1}{\376\377\0005\000.\0003\000.\0001\000\040\000D\000e\000t\000a\000i\000l\000e\000d\000\040\000D\000e\000s\000c\000r\000i\000p\000t\000i\000o\000n}{section.5.3}% 39
\BOOKMARK [2][-]{subsection.5.3.2}{\376\377\0005\000.\0003\000.\0002\000\040\000M\000e\000m\000b\000e\000r\000\040\000F\000u\000n\000c\000t\000i\000o\000n\000\040\000D\000o\000c\000u\000m\000e\000n\000t\000a\000t\000i\000o\000n}{section.5.3}% 40
\BOOKMARK [3][-]{subsubsection.5.3.2.1}{\376\377\0005\000.\0003\000.\0002\000.\0001\000\040\000g\000e\000t\000\137\000s\000c\000h\000e\000d\000u\000l\000e\000r\000\137\000o\000p\000t\000i\000o\000n\000s\000\050\000\051}{subsection.5.3.2}% 41
\BOOKMARK [1][-]{section.5.4}{\376\377\0005\000.\0004\000\040\000c\000o\000d\000a\000r\000.\000s\000a\000v\000a\000n\000n\000a\000.\000m\000a\000c\000h\000i\000n\000e\000s\000.\000M\000a\000c\000h\000i\000n\000e\000N\000o\000d\000e\000\040\000C\000l\000a\000s\000s\000\040\000R\000e\000f\000e\000r\000e\000n\000c\000e}{chapter.5}% 42
\BOOKMARK [1][-]{section.5.5}{\376\377\0005\000.\0005\000\040\000c\000o\000d\000a\000r\000.\000s\000a\000v\000a\000n\000n\000a\000.\000e\000x\000c\000.\000M\000a\000c\000h\000i\000n\000e\000N\000o\000t\000F\000o\000u\000n\000d\000\040\000C\000l\000a\000s\000s\000\040\000R\000e\000f\000e\000r\000e\000n\000c\000e}{chapter.5}% 43
\BOOKMARK [1][-]{section.5.6}{\376\377\0005\000.\0006\000\040\000c\000o\000d\000a\000r\000.\000s\000a\000v\000a\000n\000n\000a\000.\000r\000u\000n\000n\000e\000r\000s\000.\000M\000P\000I\000R\000u\000n\000n\000e\000r\000\040\000C\000l\000a\000s\000s\000\040\000R\000e\000f\000e\000r\000e\000n\000c\000e}{chapter.5}% 44
\BOOKMARK [1][-]{section.5.7}{\376\377\0005\000.\0007\000\040\000c\000o\000d\000a\000r\000.\000s\000a\000v\000a\000n\000n\000a\000.\000m\000o\000d\000e\000l\000.\000N\000o\000d\000e\000C\000o\000n\000f\000i\000g\000\040\000C\000l\000a\000s\000s\000\040\000R\000e\000f\000e\000r\000e\000n\000c\000e}{chapter.5}% 45
\BOOKMARK [2][-]{subsection.5.7.1}{\376\377\0005\000.\0007\000.\0001\000\040\000C\000o\000n\000s\000t\000r\000u\000c\000t\000o\000r\000\040\000\046\000\040\000D\000e\000s\000t\000r\000u\000c\000t\000o\000r\000\040\000D\000o\000c\000u\000m\000e\000n\000t\000a\000t\000i\000o\000n}{section.5.7}% 46
\BOOKMARK [3][-]{subsubsection.5.7.1.1}{\376\377\0005\000.\0007\000.\0001\000.\0001\000\040\000\137\000\137\000i\000n\000i\000t\000\137\000\137\000\050\000\051}{subsection.5.7.1}% 47
\BOOKMARK [1][-]{section.5.8}{\376\377\0005\000.\0008\000\040\000c\000o\000d\000a\000r\000.\000s\000a\000v\000a\000n\000n\000a\000.\000n\000o\000d\000e\000\137\000l\000a\000y\000o\000u\000t\000.\000N\000o\000d\000e\000L\000a\000y\000o\000u\000t\000\040\000C\000l\000a\000s\000s\000\040\000R\000e\000f\000e\000r\000e\000n\000c\000e}{chapter.5}% 48
\BOOKMARK [2][-]{subsection.5.8.1}{\376\377\0005\000.\0008\000.\0001\000\040\000D\000e\000t\000a\000i\000l\000e\000d\000\040\000D\000e\000s\000c\000r\000i\000p\000t\000i\000o\000n}{section.5.8}% 49
\BOOKMARK [2][-]{subsection.5.8.2}{\376\377\0005\000.\0008\000.\0002\000\040\000M\000e\000m\000b\000e\000r\000\040\000F\000u\000n\000c\000t\000i\000o\000n\000\040\000D\000o\000c\000u\000m\000e\000n\000t\000a\000t\000i\000o\000n}{section.5.8}% 50
\BOOKMARK [3][-]{subsubsection.5.8.2.1}{\376\377\0005\000.\0008\000.\0002\000.\0001\000\040\000a\000d\000d\000\137\000n\000o\000d\000e\000\050\000\051}{subsection.5.8.2}% 51
\BOOKMARK [3][-]{subsubsection.5.8.2.2}{\376\377\0005\000.\0008\000.\0002\000.\0002\000\040\000d\000e\000f\000a\000u\000l\000t\000\137\000n\000o\000\137\000s\000h\000a\000r\000e\000\137\000l\000a\000y\000o\000u\000t\000\050\000\051}{subsection.5.8.2}% 52
\BOOKMARK [3][-]{subsubsection.5.8.2.3}{\376\377\0005\000.\0008\000.\0002\000.\0003\000\040\000g\000e\000t\000\137\000n\000o\000d\000e\000\137\000c\000o\000n\000t\000a\000i\000n\000i\000n\000g\000\137\000c\000o\000d\000e\000\050\000\051}{subsection.5.8.2}% 53
\BOOKMARK [3][-]{subsubsection.5.8.2.4}{\376\377\0005\000.\0008\000.\0002\000.\0004\000\040\000g\000r\000o\000u\000p\000\137\000c\000o\000d\000e\000s\000\137\000b\000y\000\137\000n\000o\000d\000e\000\050\000\051}{subsection.5.8.2}% 54
\BOOKMARK [3][-]{subsubsection.5.8.2.5}{\376\377\0005\000.\0008\000.\0002\000.\0005\000\040\000s\000e\000r\000i\000a\000l\000i\000z\000e\000\137\000t\000o\000\137\000d\000i\000c\000t\000\050\000\051}{subsection.5.8.2}% 55
\BOOKMARK [3][-]{subsubsection.5.8.2.6}{\376\377\0005\000.\0008\000.\0002\000.\0006\000\040\000v\000a\000l\000i\000d\000a\000t\000e\000\050\000\051}{subsection.5.8.2}% 56
\BOOKMARK [1][-]{section.5.9}{\376\377\0005\000.\0009\000\040\000c\000o\000d\000a\000r\000.\000s\000a\000v\000a\000n\000n\000a\000.\000m\000o\000d\000e\000l\000.\000P\000i\000p\000e\000l\000i\000n\000e\000\040\000C\000l\000a\000s\000s\000\040\000R\000e\000f\000e\000r\000e\000n\000c\000e}{chapter.5}% 57
\BOOKMARK [2][-]{subsection.5.9.1}{\376\377\0005\000.\0009\000.\0001\000\040\000M\000e\000m\000b\000e\000r\000\040\000F\000u\000n\000c\000t\000i\000o\000n\000\040\000D\000o\000c\000u\000m\000e\000n\000t\000a\000t\000i\000o\000n}{section.5.9}% 58
\BOOKMARK [3][-]{subsubsection.5.9.1.1}{\376\377\0005\000.\0009\000.\0001\000.\0001\000\040\000f\000o\000r\000c\000e\000\137\000k\000i\000l\000l\000\137\000a\000l\000l\000\050\000\051}{subsection.5.9.1}% 59
\BOOKMARK [3][-]{subsubsection.5.9.1.2}{\376\377\0005\000.\0009\000.\0001\000.\0002\000\040\000f\000r\000o\000m\000\137\000d\000a\000t\000a\000\050\000\051}{subsection.5.9.1}% 60
\BOOKMARK [3][-]{subsubsection.5.9.1.3}{\376\377\0005\000.\0009\000.\0001\000.\0003\000\040\000s\000e\000t\000\137\000p\000p\000n\000\050\000\051}{subsection.5.9.1}% 61
\BOOKMARK [3][-]{subsubsection.5.9.1.4}{\376\377\0005\000.\0009\000.\0001\000.\0004\000\040\000s\000e\000t\000\137\000t\000o\000t\000a\000l\000\137\000n\000o\000d\000e\000s\000\050\000\051}{subsection.5.9.1}% 62
\BOOKMARK [1][-]{section.5.10}{\376\377\0005\000.\0001\0000\000\040\000c\000o\000d\000a\000r\000.\000s\000a\000v\000a\000n\000n\000a\000.\000c\000o\000n\000s\000u\000m\000e\000r\000.\000P\000i\000p\000e\000l\000i\000n\000e\000R\000u\000n\000n\000e\000r\000\040\000C\000l\000a\000s\000s\000\040\000R\000e\000f\000e\000r\000e\000n\000c\000e}{chapter.5}% 63
\BOOKMARK [2][-]{subsection.5.10.1}{\376\377\0005\000.\0001\0000\000.\0001\000\040\000D\000e\000t\000a\000i\000l\000e\000d\000\040\000D\000e\000s\000c\000r\000i\000p\000t\000i\000o\000n}{section.5.10}% 64
\BOOKMARK [2][-]{subsection.5.10.2}{\376\377\0005\000.\0001\0000\000.\0002\000\040\000M\000e\000m\000b\000e\000r\000\040\000F\000u\000n\000c\000t\000i\000o\000n\000\040\000D\000o\000c\000u\000m\000e\000n\000t\000a\000t\000i\000o\000n}{section.5.10}% 65
\BOOKMARK [3][-]{subsubsection.5.10.2.1}{\376\377\0005\000.\0001\0000\000.\0002\000.\0001\000\040\000k\000i\000l\000l\000\137\000a\000l\000l\000\050\000\051}{subsection.5.10.2}% 66
\BOOKMARK [3][-]{subsubsection.5.10.2.2}{\376\377\0005\000.\0001\0000\000.\0002\000.\0002\000\040\000p\000i\000p\000e\000l\000i\000n\000e\000\137\000f\000i\000n\000i\000s\000h\000e\000d\000\050\000\051}{subsection.5.10.2}% 67
\BOOKMARK [3][-]{subsubsection.5.10.2.3}{\376\377\0005\000.\0001\0000\000.\0002\000.\0003\000\040\000r\000u\000n\000\137\000f\000i\000n\000i\000s\000h\000e\000d\000\050\000\051}{subsection.5.10.2}% 68
\BOOKMARK [3][-]{subsubsection.5.10.2.4}{\376\377\0005\000.\0001\0000\000.\0002\000.\0004\000\040\000r\000u\000n\000\137\000p\000i\000p\000e\000l\000i\000n\000e\000s\000\050\000\051}{subsection.5.10.2}% 69
\BOOKMARK [3][-]{subsubsection.5.10.2.5}{\376\377\0005\000.\0001\0000\000.\0002\000.\0005\000\040\000s\000t\000o\000p\000\050\000\051}{subsection.5.10.2}% 70
\BOOKMARK [1][-]{section.5.11}{\376\377\0005\000.\0001\0001\000\040\000c\000o\000d\000a\000r\000.\000s\000a\000v\000a\000n\000n\000a\000.\000s\000t\000a\000t\000u\000s\000.\000P\000i\000p\000e\000l\000i\000n\000e\000S\000t\000a\000t\000e\000\040\000C\000l\000a\000s\000s\000\040\000R\000e\000f\000e\000r\000e\000n\000c\000e}{chapter.5}% 71
\BOOKMARK [1][-]{section.5.12}{\376\377\0005\000.\0001\0002\000\040\000c\000o\000d\000a\000r\000.\000s\000a\000v\000a\000n\000n\000a\000.\000m\000o\000d\000e\000l\000.\000R\000u\000n\000\040\000C\000l\000a\000s\000s\000\040\000R\000e\000f\000e\000r\000e\000n\000c\000e}{chapter.5}% 72
\BOOKMARK [2][-]{subsection.5.12.1}{\376\377\0005\000.\0001\0002\000.\0001\000\040\000D\000e\000t\000a\000i\000l\000e\000d\000\040\000D\000e\000s\000c\000r\000i\000p\000t\000i\000o\000n}{section.5.12}% 73
\BOOKMARK [2][-]{subsection.5.12.2}{\376\377\0005\000.\0001\0002\000.\0002\000\040\000M\000e\000m\000b\000e\000r\000\040\000F\000u\000n\000c\000t\000i\000o\000n\000\040\000D\000o\000c\000u\000m\000e\000n\000t\000a\000t\000i\000o\000n}{section.5.12}% 74
\BOOKMARK [3][-]{subsubsection.5.12.2.1}{\376\377\0005\000.\0001\0002\000.\0002\000.\0001\000\040\000a\000d\000d\000\137\000c\000a\000l\000l\000b\000a\000c\000k\000\050\000\051}{subsection.5.12.2}% 75
\BOOKMARK [3][-]{subsubsection.5.12.2.2}{\376\377\0005\000.\0001\0002\000.\0002\000.\0002\000\040\000e\000x\000c\000e\000p\000t\000i\000o\000n\000\050\000\051}{subsection.5.12.2}% 76
\BOOKMARK [3][-]{subsubsection.5.12.2.3}{\376\377\0005\000.\0001\0002\000.\0002\000.\0003\000\040\000f\000r\000o\000m\000\137\000d\000a\000t\000a\000\050\000\051}{subsection.5.12.2}% 77
\BOOKMARK [3][-]{subsubsection.5.12.2.4}{\376\377\0005\000.\0001\0002\000.\0002\000.\0004\000\040\000g\000e\000t\000\137\000n\000o\000d\000e\000s\000\137\000u\000s\000e\000d\000\050\000\051}{subsection.5.12.2}% 78
\BOOKMARK [3][-]{subsubsection.5.12.2.5}{\376\377\0005\000.\0001\0002\000.\0002\000.\0005\000\040\000k\000i\000l\000l\000\050\000\051}{subsection.5.12.2}% 79
\BOOKMARK [3][-]{subsubsection.5.12.2.6}{\376\377\0005\000.\0001\0002\000.\0002\000.\0006\000\040\000k\000i\000l\000l\000e\000d\000\050\000\051}{subsection.5.12.2}% 80
\BOOKMARK [3][-]{subsubsection.5.12.2.7}{\376\377\0005\000.\0001\0002\000.\0002\000.\0007\000\040\000s\000u\000c\000c\000e\000e\000d\000e\000d\000\050\000\051}{subsection.5.12.2}% 81
\BOOKMARK [3][-]{subsubsection.5.12.2.8}{\376\377\0005\000.\0001\0002\000.\0002\000.\0008\000\040\000t\000i\000m\000e\000d\000\137\000o\000u\000t\000\050\000\051}{subsection.5.12.2}% 82
\BOOKMARK [1][-]{section.5.13}{\376\377\0005\000.\0001\0003\000\040\000c\000o\000d\000a\000r\000.\000s\000a\000v\000a\000n\000n\000a\000.\000r\000u\000n\000n\000e\000r\000s\000.\000R\000u\000n\000n\000e\000r\000\040\000C\000l\000a\000s\000s\000\040\000R\000e\000f\000e\000r\000e\000n\000c\000e}{chapter.5}% 83
\BOOKMARK [1][-]{section.5.14}{\376\377\0005\000.\0001\0004\000\040\000c\000o\000d\000a\000r\000.\000s\000a\000v\000a\000n\000n\000a\000.\000e\000x\000c\000.\000S\000a\000v\000a\000n\000n\000a\000E\000x\000c\000e\000p\000t\000i\000o\000n\000\040\000C\000l\000a\000s\000s\000\040\000R\000e\000f\000e\000r\000e\000n\000c\000e}{chapter.5}% 84
\BOOKMARK [1][-]{section.5.15}{\376\377\0005\000.\0001\0005\000\040\000c\000o\000d\000a\000r\000.\000s\000a\000v\000a\000n\000n\000a\000.\000m\000a\000c\000h\000i\000n\000e\000s\000.\000S\000u\000m\000m\000i\000t\000N\000o\000d\000e\000\040\000C\000l\000a\000s\000s\000\040\000R\000e\000f\000e\000r\000e\000n\000c\000e}{chapter.5}% 85
\BOOKMARK [2][-]{subsection.5.15.1}{\376\377\0005\000.\0001\0005\000.\0001\000\040\000M\000e\000m\000b\000e\000r\000\040\000F\000u\000n\000c\000t\000i\000o\000n\000\040\000D\000o\000c\000u\000m\000e\000n\000t\000a\000t\000i\000o\000n}{section.5.15}% 86
\BOOKMARK [3][-]{subsubsection.5.15.1.1}{\376\377\0005\000.\0001\0005\000.\0001\000.\0001\000\040\000v\000a\000l\000i\000d\000a\000t\000e\000\137\000l\000a\000y\000o\000u\000t\000\050\000\051}{subsection.5.15.1}% 87
\BOOKMARK [1][-]{section.5.16}{\376\377\0005\000.\0001\0006\000\040\000c\000o\000d\000a\000r\000.\000s\000a\000v\000a\000n\000n\000a\000.\000r\000u\000n\000n\000e\000r\000s\000.\000S\000u\000m\000m\000i\000t\000R\000u\000n\000n\000e\000r\000\040\000C\000l\000a\000s\000s\000\040\000R\000e\000f\000e\000r\000e\000n\000c\000e}{chapter.5}% 88
\BOOKMARK [2][-]{subsection.5.16.1}{\376\377\0005\000.\0001\0006\000.\0001\000\040\000M\000e\000m\000b\000e\000r\000\040\000F\000u\000n\000c\000t\000i\000o\000n\000\040\000D\000o\000c\000u\000m\000e\000n\000t\000a\000t\000i\000o\000n}{section.5.16}% 89
\BOOKMARK [3][-]{subsubsection.5.16.1.1}{\376\377\0005\000.\0001\0006\000.\0001\000.\0001\000\040\000w\000r\000a\000p\000\137\000d\000e\000p\000r\000e\000c\000a\000t\000e\000d\000\050\000\051}{subsection.5.16.1}% 90
\BOOKMARK [1][-]{section.5.17}{\376\377\0005\000.\0001\0007\000\040\000c\000o\000d\000a\000r\000.\000s\000a\000v\000a\000n\000n\000a\000.\000s\000t\000a\000t\000u\000s\000.\000W\000o\000r\000k\000f\000l\000o\000w\000S\000t\000a\000t\000u\000s\000\040\000C\000l\000a\000s\000s\000\040\000R\000e\000f\000e\000r\000e\000n\000c\000e}{chapter.5}% 91
\BOOKMARK [0][-]{section*.76}{\376\377\000I\000n\000d\000e\000x}{}% 92
